[2024-11-05T00:54:45.228+0000] {processor.py:186} INFO - Started process (PID=119) to work on /home/airflow/.local/lib/python3.12/site-packages/airflow/example_dags/example_display_name.py
[2024-11-05T00:54:45.230+0000] {processor.py:914} INFO - Processing file /home/airflow/.local/lib/python3.12/site-packages/airflow/example_dags/example_display_name.py for tasks to queue
[2024-11-05T00:54:45.236+0000] {logging_mixin.py:190} INFO - [2024-11-05T00:54:45.235+0000] {dagbag.py:588} INFO - Filling up the DagBag from /home/airflow/.local/lib/python3.12/site-packages/airflow/example_dags/example_display_name.py
[2024-11-05T00:54:45.257+0000] {processor.py:925} INFO - DAG(s) 'example_display_name' retrieved from /home/airflow/.local/lib/python3.12/site-packages/airflow/example_dags/example_display_name.py
[2024-11-05T00:54:45.589+0000] {logging_mixin.py:190} INFO - [2024-11-05T00:54:45.588+0000] {override.py:1900} INFO - Created Permission View: can edit on DAG:example_display_name
[2024-11-05T00:54:45.615+0000] {logging_mixin.py:190} INFO - [2024-11-05T00:54:45.615+0000] {override.py:1900} INFO - Created Permission View: can read on DAG:example_display_name
[2024-11-05T00:54:45.645+0000] {logging_mixin.py:190} INFO - [2024-11-05T00:54:45.643+0000] {override.py:1900} INFO - Created Permission View: can delete on DAG:example_display_name
[2024-11-05T00:54:45.678+0000] {logging_mixin.py:190} INFO - [2024-11-05T00:54:45.678+0000] {override.py:1900} INFO - Created Permission View: menu access on DAG Run:example_display_name
[2024-11-05T00:54:45.695+0000] {logging_mixin.py:190} INFO - [2024-11-05T00:54:45.693+0000] {override.py:1900} INFO - Created Permission View: can read on DAG Run:example_display_name
[2024-11-05T00:54:45.711+0000] {logging_mixin.py:190} INFO - [2024-11-05T00:54:45.710+0000] {override.py:1900} INFO - Created Permission View: can delete on DAG Run:example_display_name
[2024-11-05T00:54:45.731+0000] {logging_mixin.py:190} INFO - [2024-11-05T00:54:45.731+0000] {override.py:1900} INFO - Created Permission View: can create on DAG Run:example_display_name
[2024-11-05T00:54:45.733+0000] {logging_mixin.py:190} INFO - [2024-11-05T00:54:45.732+0000] {dag.py:3239} INFO - Sync 1 DAGs
[2024-11-05T00:54:45.767+0000] {logging_mixin.py:190} INFO - [2024-11-05T00:54:45.766+0000] {dag.py:3262} INFO - Creating ORM DAG for example_display_name
[2024-11-05T00:54:45.772+0000] {logging_mixin.py:190} INFO - [2024-11-05T00:54:45.772+0000] {dag.py:4180} INFO - Setting next_dagrun for example_display_name to None, run_after=None
[2024-11-05T00:54:45.821+0000] {processor.py:208} INFO - Processing /home/airflow/.local/lib/python3.12/site-packages/airflow/example_dags/example_display_name.py took 0.611 seconds
[2024-11-05T00:55:16.632+0000] {processor.py:186} INFO - Started process (PID=181) to work on /home/airflow/.local/lib/python3.12/site-packages/airflow/example_dags/example_display_name.py
[2024-11-05T00:55:16.634+0000] {processor.py:914} INFO - Processing file /home/airflow/.local/lib/python3.12/site-packages/airflow/example_dags/example_display_name.py for tasks to queue
[2024-11-05T00:55:16.638+0000] {logging_mixin.py:190} INFO - [2024-11-05T00:55:16.637+0000] {dagbag.py:588} INFO - Filling up the DagBag from /home/airflow/.local/lib/python3.12/site-packages/airflow/example_dags/example_display_name.py
[2024-11-05T00:55:16.649+0000] {processor.py:925} INFO - DAG(s) 'example_display_name' retrieved from /home/airflow/.local/lib/python3.12/site-packages/airflow/example_dags/example_display_name.py
[2024-11-05T00:55:16.680+0000] {logging_mixin.py:190} INFO - [2024-11-05T00:55:16.679+0000] {dag.py:3239} INFO - Sync 1 DAGs
[2024-11-05T00:55:16.704+0000] {logging_mixin.py:190} INFO - [2024-11-05T00:55:16.704+0000] {dag.py:4180} INFO - Setting next_dagrun for example_display_name to None, run_after=None
[2024-11-05T00:55:16.750+0000] {processor.py:208} INFO - Processing /home/airflow/.local/lib/python3.12/site-packages/airflow/example_dags/example_display_name.py took 0.127 seconds
[2024-11-05T00:55:47.492+0000] {processor.py:186} INFO - Started process (PID=243) to work on /home/airflow/.local/lib/python3.12/site-packages/airflow/example_dags/example_display_name.py
[2024-11-05T00:55:47.495+0000] {processor.py:914} INFO - Processing file /home/airflow/.local/lib/python3.12/site-packages/airflow/example_dags/example_display_name.py for tasks to queue
[2024-11-05T00:55:47.499+0000] {logging_mixin.py:190} INFO - [2024-11-05T00:55:47.498+0000] {dagbag.py:588} INFO - Filling up the DagBag from /home/airflow/.local/lib/python3.12/site-packages/airflow/example_dags/example_display_name.py
[2024-11-05T00:55:47.510+0000] {processor.py:925} INFO - DAG(s) 'example_display_name' retrieved from /home/airflow/.local/lib/python3.12/site-packages/airflow/example_dags/example_display_name.py
[2024-11-05T00:55:47.538+0000] {logging_mixin.py:190} INFO - [2024-11-05T00:55:47.537+0000] {dag.py:3239} INFO - Sync 1 DAGs
[2024-11-05T00:55:47.560+0000] {logging_mixin.py:190} INFO - [2024-11-05T00:55:47.560+0000] {dag.py:4180} INFO - Setting next_dagrun for example_display_name to None, run_after=None
[2024-11-05T00:55:47.595+0000] {processor.py:208} INFO - Processing /home/airflow/.local/lib/python3.12/site-packages/airflow/example_dags/example_display_name.py took 0.111 seconds
