[2024-11-05T00:54:44.506+0000] {processor.py:186} INFO - Started process (PID=117) to work on /home/airflow/.local/lib/python3.12/site-packages/airflow/example_dags/example_trigger_target_dag.py
[2024-11-05T00:54:44.508+0000] {processor.py:914} INFO - Processing file /home/airflow/.local/lib/python3.12/site-packages/airflow/example_dags/example_trigger_target_dag.py for tasks to queue
[2024-11-05T00:54:44.513+0000] {logging_mixin.py:190} INFO - [2024-11-05T00:54:44.513+0000] {dagbag.py:588} INFO - Filling up the DagBag from /home/airflow/.local/lib/python3.12/site-packages/airflow/example_dags/example_trigger_target_dag.py
[2024-11-05T00:54:44.530+0000] {processor.py:925} INFO - DAG(s) 'example_trigger_target_dag' retrieved from /home/airflow/.local/lib/python3.12/site-packages/airflow/example_dags/example_trigger_target_dag.py
[2024-11-05T00:54:44.881+0000] {logging_mixin.py:190} INFO - [2024-11-05T00:54:44.879+0000] {override.py:1900} INFO - Created Permission View: can edit on DAG:example_trigger_target_dag
[2024-11-05T00:54:44.907+0000] {logging_mixin.py:190} INFO - [2024-11-05T00:54:44.907+0000] {override.py:1900} INFO - Created Permission View: can read on DAG:example_trigger_target_dag
[2024-11-05T00:54:44.932+0000] {logging_mixin.py:190} INFO - [2024-11-05T00:54:44.931+0000] {override.py:1900} INFO - Created Permission View: can delete on DAG:example_trigger_target_dag
[2024-11-05T00:54:44.958+0000] {logging_mixin.py:190} INFO - [2024-11-05T00:54:44.955+0000] {override.py:1900} INFO - Created Permission View: menu access on DAG Run:example_trigger_target_dag
[2024-11-05T00:54:44.997+0000] {logging_mixin.py:190} INFO - [2024-11-05T00:54:44.995+0000] {override.py:1900} INFO - Created Permission View: can read on DAG Run:example_trigger_target_dag
[2024-11-05T00:54:45.023+0000] {logging_mixin.py:190} INFO - [2024-11-05T00:54:45.020+0000] {override.py:1900} INFO - Created Permission View: can delete on DAG Run:example_trigger_target_dag
[2024-11-05T00:54:45.049+0000] {logging_mixin.py:190} INFO - [2024-11-05T00:54:45.047+0000] {override.py:1900} INFO - Created Permission View: can create on DAG Run:example_trigger_target_dag
[2024-11-05T00:54:45.053+0000] {logging_mixin.py:190} INFO - [2024-11-05T00:54:45.051+0000] {dag.py:3239} INFO - Sync 1 DAGs
[2024-11-05T00:54:45.093+0000] {logging_mixin.py:190} INFO - [2024-11-05T00:54:45.093+0000] {dag.py:3262} INFO - Creating ORM DAG for example_trigger_target_dag
[2024-11-05T00:54:45.096+0000] {logging_mixin.py:190} INFO - [2024-11-05T00:54:45.095+0000] {dag.py:4180} INFO - Setting next_dagrun for example_trigger_target_dag to None, run_after=None
[2024-11-05T00:54:45.144+0000] {processor.py:208} INFO - Processing /home/airflow/.local/lib/python3.12/site-packages/airflow/example_dags/example_trigger_target_dag.py took 0.650 seconds
[2024-11-05T00:55:15.335+0000] {processor.py:186} INFO - Started process (PID=179) to work on /home/airflow/.local/lib/python3.12/site-packages/airflow/example_dags/example_trigger_target_dag.py
[2024-11-05T00:55:15.338+0000] {processor.py:914} INFO - Processing file /home/airflow/.local/lib/python3.12/site-packages/airflow/example_dags/example_trigger_target_dag.py for tasks to queue
[2024-11-05T00:55:15.343+0000] {logging_mixin.py:190} INFO - [2024-11-05T00:55:15.343+0000] {dagbag.py:588} INFO - Filling up the DagBag from /home/airflow/.local/lib/python3.12/site-packages/airflow/example_dags/example_trigger_target_dag.py
[2024-11-05T00:55:15.360+0000] {processor.py:925} INFO - DAG(s) 'example_trigger_target_dag' retrieved from /home/airflow/.local/lib/python3.12/site-packages/airflow/example_dags/example_trigger_target_dag.py
[2024-11-05T00:55:15.402+0000] {logging_mixin.py:190} INFO - [2024-11-05T00:55:15.402+0000] {dag.py:3239} INFO - Sync 1 DAGs
[2024-11-05T00:55:15.441+0000] {logging_mixin.py:190} INFO - [2024-11-05T00:55:15.440+0000] {dag.py:4180} INFO - Setting next_dagrun for example_trigger_target_dag to None, run_after=None
[2024-11-05T00:55:15.523+0000] {processor.py:208} INFO - Processing /home/airflow/.local/lib/python3.12/site-packages/airflow/example_dags/example_trigger_target_dag.py took 0.203 seconds
[2024-11-05T00:55:45.819+0000] {processor.py:186} INFO - Started process (PID=241) to work on /home/airflow/.local/lib/python3.12/site-packages/airflow/example_dags/example_trigger_target_dag.py
[2024-11-05T00:55:45.821+0000] {processor.py:914} INFO - Processing file /home/airflow/.local/lib/python3.12/site-packages/airflow/example_dags/example_trigger_target_dag.py for tasks to queue
[2024-11-05T00:55:45.827+0000] {logging_mixin.py:190} INFO - [2024-11-05T00:55:45.826+0000] {dagbag.py:588} INFO - Filling up the DagBag from /home/airflow/.local/lib/python3.12/site-packages/airflow/example_dags/example_trigger_target_dag.py
[2024-11-05T00:55:45.842+0000] {processor.py:925} INFO - DAG(s) 'example_trigger_target_dag' retrieved from /home/airflow/.local/lib/python3.12/site-packages/airflow/example_dags/example_trigger_target_dag.py
[2024-11-05T00:55:45.879+0000] {logging_mixin.py:190} INFO - [2024-11-05T00:55:45.879+0000] {dag.py:3239} INFO - Sync 1 DAGs
[2024-11-05T00:55:45.920+0000] {logging_mixin.py:190} INFO - [2024-11-05T00:55:45.919+0000] {dag.py:4180} INFO - Setting next_dagrun for example_trigger_target_dag to None, run_after=None
[2024-11-05T00:55:45.965+0000] {processor.py:208} INFO - Processing /home/airflow/.local/lib/python3.12/site-packages/airflow/example_dags/example_trigger_target_dag.py took 0.158 seconds
