[2024-11-05T00:54:22.118+0000] {processor.py:186} INFO - Started process (PID=69) to work on /home/airflow/.local/lib/python3.12/site-packages/airflow/example_dags/example_latest_only.py
[2024-11-05T00:54:22.129+0000] {processor.py:914} INFO - Processing file /home/airflow/.local/lib/python3.12/site-packages/airflow/example_dags/example_latest_only.py for tasks to queue
[2024-11-05T00:54:22.140+0000] {logging_mixin.py:190} INFO - [2024-11-05T00:54:22.133+0000] {dagbag.py:588} INFO - Filling up the DagBag from /home/airflow/.local/lib/python3.12/site-packages/airflow/example_dags/example_latest_only.py
[2024-11-05T00:54:22.211+0000] {processor.py:925} INFO - DAG(s) 'latest_only' retrieved from /home/airflow/.local/lib/python3.12/site-packages/airflow/example_dags/example_latest_only.py
[2024-11-05T00:54:23.017+0000] {logging_mixin.py:190} INFO - [2024-11-05T00:54:23.016+0000] {override.py:1900} INFO - Created Permission View: can edit on DAG:latest_only
[2024-11-05T00:54:23.064+0000] {logging_mixin.py:190} INFO - [2024-11-05T00:54:23.063+0000] {override.py:1900} INFO - Created Permission View: can read on DAG:latest_only
[2024-11-05T00:54:23.093+0000] {logging_mixin.py:190} INFO - [2024-11-05T00:54:23.093+0000] {override.py:1900} INFO - Created Permission View: can delete on DAG:latest_only
[2024-11-05T00:54:23.141+0000] {logging_mixin.py:190} INFO - [2024-11-05T00:54:23.140+0000] {override.py:1900} INFO - Created Permission View: menu access on DAG Run:latest_only
[2024-11-05T00:54:23.178+0000] {logging_mixin.py:190} INFO - [2024-11-05T00:54:23.177+0000] {override.py:1900} INFO - Created Permission View: can read on DAG Run:latest_only
[2024-11-05T00:54:23.210+0000] {logging_mixin.py:190} INFO - [2024-11-05T00:54:23.209+0000] {override.py:1900} INFO - Created Permission View: can delete on DAG Run:latest_only
[2024-11-05T00:54:23.245+0000] {logging_mixin.py:190} INFO - [2024-11-05T00:54:23.245+0000] {override.py:1900} INFO - Created Permission View: can create on DAG Run:latest_only
[2024-11-05T00:54:23.250+0000] {logging_mixin.py:190} INFO - [2024-11-05T00:54:23.249+0000] {dag.py:3239} INFO - Sync 1 DAGs
[2024-11-05T00:54:23.308+0000] {logging_mixin.py:190} INFO - [2024-11-05T00:54:23.308+0000] {dag.py:3262} INFO - Creating ORM DAG for latest_only
[2024-11-05T00:54:23.341+0000] {logging_mixin.py:190} INFO - [2024-11-05T00:54:23.341+0000] {dag.py:4180} INFO - Setting next_dagrun for latest_only to 2024-11-04 20:00:00+00:00, run_after=2024-11-05 00:00:00+00:00
[2024-11-05T00:54:23.437+0000] {processor.py:208} INFO - Processing /home/airflow/.local/lib/python3.12/site-packages/airflow/example_dags/example_latest_only.py took 1.348 seconds
[2024-11-05T00:54:54.150+0000] {processor.py:186} INFO - Started process (PID=130) to work on /home/airflow/.local/lib/python3.12/site-packages/airflow/example_dags/example_latest_only.py
[2024-11-05T00:54:54.157+0000] {processor.py:914} INFO - Processing file /home/airflow/.local/lib/python3.12/site-packages/airflow/example_dags/example_latest_only.py for tasks to queue
[2024-11-05T00:54:54.165+0000] {logging_mixin.py:190} INFO - [2024-11-05T00:54:54.164+0000] {dagbag.py:588} INFO - Filling up the DagBag from /home/airflow/.local/lib/python3.12/site-packages/airflow/example_dags/example_latest_only.py
[2024-11-05T00:54:54.189+0000] {processor.py:925} INFO - DAG(s) 'latest_only' retrieved from /home/airflow/.local/lib/python3.12/site-packages/airflow/example_dags/example_latest_only.py
[2024-11-05T00:54:54.247+0000] {logging_mixin.py:190} INFO - [2024-11-05T00:54:54.245+0000] {dag.py:3239} INFO - Sync 1 DAGs
[2024-11-05T00:54:54.327+0000] {logging_mixin.py:190} INFO - [2024-11-05T00:54:54.327+0000] {dag.py:4180} INFO - Setting next_dagrun for latest_only to 2024-11-04 20:00:00+00:00, run_after=2024-11-05 00:00:00+00:00
[2024-11-05T00:54:54.385+0000] {processor.py:208} INFO - Processing /home/airflow/.local/lib/python3.12/site-packages/airflow/example_dags/example_latest_only.py took 0.255 seconds
[2024-11-05T00:55:25.360+0000] {processor.py:186} INFO - Started process (PID=192) to work on /home/airflow/.local/lib/python3.12/site-packages/airflow/example_dags/example_latest_only.py
[2024-11-05T00:55:25.363+0000] {processor.py:914} INFO - Processing file /home/airflow/.local/lib/python3.12/site-packages/airflow/example_dags/example_latest_only.py for tasks to queue
[2024-11-05T00:55:25.368+0000] {logging_mixin.py:190} INFO - [2024-11-05T00:55:25.367+0000] {dagbag.py:588} INFO - Filling up the DagBag from /home/airflow/.local/lib/python3.12/site-packages/airflow/example_dags/example_latest_only.py
[2024-11-05T00:55:25.380+0000] {processor.py:925} INFO - DAG(s) 'latest_only' retrieved from /home/airflow/.local/lib/python3.12/site-packages/airflow/example_dags/example_latest_only.py
[2024-11-05T00:55:25.417+0000] {logging_mixin.py:190} INFO - [2024-11-05T00:55:25.417+0000] {dag.py:3239} INFO - Sync 1 DAGs
[2024-11-05T00:55:25.473+0000] {logging_mixin.py:190} INFO - [2024-11-05T00:55:25.473+0000] {dag.py:4180} INFO - Setting next_dagrun for latest_only to 2024-11-04 20:00:00+00:00, run_after=2024-11-05 00:00:00+00:00
[2024-11-05T00:55:25.512+0000] {processor.py:208} INFO - Processing /home/airflow/.local/lib/python3.12/site-packages/airflow/example_dags/example_latest_only.py took 0.166 seconds
[2024-11-05T00:55:56.110+0000] {processor.py:186} INFO - Started process (PID=254) to work on /home/airflow/.local/lib/python3.12/site-packages/airflow/example_dags/example_latest_only.py
[2024-11-05T00:55:56.117+0000] {processor.py:914} INFO - Processing file /home/airflow/.local/lib/python3.12/site-packages/airflow/example_dags/example_latest_only.py for tasks to queue
[2024-11-05T00:55:56.121+0000] {logging_mixin.py:190} INFO - [2024-11-05T00:55:56.120+0000] {dagbag.py:588} INFO - Filling up the DagBag from /home/airflow/.local/lib/python3.12/site-packages/airflow/example_dags/example_latest_only.py
[2024-11-05T00:55:56.131+0000] {processor.py:925} INFO - DAG(s) 'latest_only' retrieved from /home/airflow/.local/lib/python3.12/site-packages/airflow/example_dags/example_latest_only.py
[2024-11-05T00:55:56.165+0000] {logging_mixin.py:190} INFO - [2024-11-05T00:55:56.165+0000] {dag.py:3239} INFO - Sync 1 DAGs
[2024-11-05T00:55:56.201+0000] {logging_mixin.py:190} INFO - [2024-11-05T00:55:56.201+0000] {dag.py:4180} INFO - Setting next_dagrun for latest_only to 2024-11-04 20:00:00+00:00, run_after=2024-11-05 00:00:00+00:00
[2024-11-05T00:55:56.239+0000] {processor.py:208} INFO - Processing /home/airflow/.local/lib/python3.12/site-packages/airflow/example_dags/example_latest_only.py took 0.140 seconds
