[2024-11-05T00:54:41.927+0000] {processor.py:186} INFO - Started process (PID=112) to work on /home/airflow/.local/lib/python3.12/site-packages/airflow/example_dags/example_datasets.py
[2024-11-05T00:54:41.929+0000] {processor.py:914} INFO - Processing file /home/airflow/.local/lib/python3.12/site-packages/airflow/example_dags/example_datasets.py for tasks to queue
[2024-11-05T00:54:41.939+0000] {logging_mixin.py:190} INFO - [2024-11-05T00:54:41.938+0000] {dagbag.py:588} INFO - Filling up the DagBag from /home/airflow/.local/lib/python3.12/site-packages/airflow/example_dags/example_datasets.py
[2024-11-05T00:54:42.414+0000] {processor.py:925} INFO - DAG(s) 'dataset_produces_2', 'dataset_consumes_1_and_2', 'consume_1_or_both_2_and_3_with_dataset_expressions', 'dataset_consumes_1', 'conditional_dataset_and_time_based_timetable', 'dataset_produces_1', 'dataset_consumes_1_never_scheduled', 'dataset_consumes_unknown_never_scheduled', 'consume_1_and_2_with_dataset_expressions', 'consume_1_or_2_with_dataset_expressions' retrieved from /home/airflow/.local/lib/python3.12/site-packages/airflow/example_dags/example_datasets.py
[2024-11-05T00:54:42.694+0000] {logging_mixin.py:190} INFO - [2024-11-05T00:54:42.692+0000] {override.py:1900} INFO - Created Permission View: can edit on DAG:dataset_produces_2
[2024-11-05T00:54:42.726+0000] {logging_mixin.py:190} INFO - [2024-11-05T00:54:42.725+0000] {override.py:1900} INFO - Created Permission View: can read on DAG:dataset_produces_2
[2024-11-05T00:54:42.750+0000] {logging_mixin.py:190} INFO - [2024-11-05T00:54:42.749+0000] {override.py:1900} INFO - Created Permission View: can delete on DAG:dataset_produces_2
[2024-11-05T00:54:42.774+0000] {logging_mixin.py:190} INFO - [2024-11-05T00:54:42.774+0000] {override.py:1900} INFO - Created Permission View: menu access on DAG Run:dataset_produces_2
[2024-11-05T00:54:42.803+0000] {logging_mixin.py:190} INFO - [2024-11-05T00:54:42.803+0000] {override.py:1900} INFO - Created Permission View: can read on DAG Run:dataset_produces_2
[2024-11-05T00:54:42.825+0000] {logging_mixin.py:190} INFO - [2024-11-05T00:54:42.824+0000] {override.py:1900} INFO - Created Permission View: can delete on DAG Run:dataset_produces_2
[2024-11-05T00:54:42.846+0000] {logging_mixin.py:190} INFO - [2024-11-05T00:54:42.845+0000] {override.py:1900} INFO - Created Permission View: can create on DAG Run:dataset_produces_2
[2024-11-05T00:54:42.887+0000] {logging_mixin.py:190} INFO - [2024-11-05T00:54:42.886+0000] {override.py:1900} INFO - Created Permission View: can edit on DAG:dataset_consumes_1_and_2
[2024-11-05T00:54:42.909+0000] {logging_mixin.py:190} INFO - [2024-11-05T00:54:42.908+0000] {override.py:1900} INFO - Created Permission View: can read on DAG:dataset_consumes_1_and_2
[2024-11-05T00:54:42.934+0000] {logging_mixin.py:190} INFO - [2024-11-05T00:54:42.933+0000] {override.py:1900} INFO - Created Permission View: can delete on DAG:dataset_consumes_1_and_2
[2024-11-05T00:54:42.962+0000] {logging_mixin.py:190} INFO - [2024-11-05T00:54:42.960+0000] {override.py:1900} INFO - Created Permission View: menu access on DAG Run:dataset_consumes_1_and_2
[2024-11-05T00:54:42.988+0000] {logging_mixin.py:190} INFO - [2024-11-05T00:54:42.987+0000] {override.py:1900} INFO - Created Permission View: can read on DAG Run:dataset_consumes_1_and_2
[2024-11-05T00:54:43.011+0000] {logging_mixin.py:190} INFO - [2024-11-05T00:54:43.010+0000] {override.py:1900} INFO - Created Permission View: can delete on DAG Run:dataset_consumes_1_and_2
[2024-11-05T00:54:43.034+0000] {logging_mixin.py:190} INFO - [2024-11-05T00:54:43.034+0000] {override.py:1900} INFO - Created Permission View: can create on DAG Run:dataset_consumes_1_and_2
[2024-11-05T00:54:43.074+0000] {logging_mixin.py:190} INFO - [2024-11-05T00:54:43.073+0000] {override.py:1900} INFO - Created Permission View: can edit on DAG:consume_1_or_both_2_and_3_with_dataset_expressions
[2024-11-05T00:54:43.100+0000] {logging_mixin.py:190} INFO - [2024-11-05T00:54:43.099+0000] {override.py:1900} INFO - Created Permission View: can read on DAG:consume_1_or_both_2_and_3_with_dataset_expressions
[2024-11-05T00:54:43.128+0000] {logging_mixin.py:190} INFO - [2024-11-05T00:54:43.126+0000] {override.py:1900} INFO - Created Permission View: can delete on DAG:consume_1_or_both_2_and_3_with_dataset_expressions
[2024-11-05T00:54:43.148+0000] {logging_mixin.py:190} INFO - [2024-11-05T00:54:43.146+0000] {override.py:1900} INFO - Created Permission View: menu access on DAG Run:consume_1_or_both_2_and_3_with_dataset_expressions
[2024-11-05T00:54:43.171+0000] {logging_mixin.py:190} INFO - [2024-11-05T00:54:43.171+0000] {override.py:1900} INFO - Created Permission View: can read on DAG Run:consume_1_or_both_2_and_3_with_dataset_expressions
[2024-11-05T00:54:43.202+0000] {logging_mixin.py:190} INFO - [2024-11-05T00:54:43.201+0000] {override.py:1900} INFO - Created Permission View: can delete on DAG Run:consume_1_or_both_2_and_3_with_dataset_expressions
[2024-11-05T00:54:43.221+0000] {logging_mixin.py:190} INFO - [2024-11-05T00:54:43.221+0000] {override.py:1900} INFO - Created Permission View: can create on DAG Run:consume_1_or_both_2_and_3_with_dataset_expressions
[2024-11-05T00:54:43.259+0000] {logging_mixin.py:190} INFO - [2024-11-05T00:54:43.258+0000] {override.py:1900} INFO - Created Permission View: can edit on DAG:dataset_consumes_1
[2024-11-05T00:54:43.278+0000] {logging_mixin.py:190} INFO - [2024-11-05T00:54:43.277+0000] {override.py:1900} INFO - Created Permission View: can read on DAG:dataset_consumes_1
[2024-11-05T00:54:43.297+0000] {logging_mixin.py:190} INFO - [2024-11-05T00:54:43.295+0000] {override.py:1900} INFO - Created Permission View: can delete on DAG:dataset_consumes_1
[2024-11-05T00:54:43.323+0000] {logging_mixin.py:190} INFO - [2024-11-05T00:54:43.322+0000] {override.py:1900} INFO - Created Permission View: menu access on DAG Run:dataset_consumes_1
[2024-11-05T00:54:43.341+0000] {logging_mixin.py:190} INFO - [2024-11-05T00:54:43.339+0000] {override.py:1900} INFO - Created Permission View: can read on DAG Run:dataset_consumes_1
[2024-11-05T00:54:43.374+0000] {logging_mixin.py:190} INFO - [2024-11-05T00:54:43.373+0000] {override.py:1900} INFO - Created Permission View: can delete on DAG Run:dataset_consumes_1
[2024-11-05T00:54:43.397+0000] {logging_mixin.py:190} INFO - [2024-11-05T00:54:43.397+0000] {override.py:1900} INFO - Created Permission View: can create on DAG Run:dataset_consumes_1
[2024-11-05T00:54:43.442+0000] {logging_mixin.py:190} INFO - [2024-11-05T00:54:43.441+0000] {override.py:1900} INFO - Created Permission View: can edit on DAG:conditional_dataset_and_time_based_timetable
[2024-11-05T00:54:43.466+0000] {logging_mixin.py:190} INFO - [2024-11-05T00:54:43.465+0000] {override.py:1900} INFO - Created Permission View: can read on DAG:conditional_dataset_and_time_based_timetable
[2024-11-05T00:54:43.489+0000] {logging_mixin.py:190} INFO - [2024-11-05T00:54:43.489+0000] {override.py:1900} INFO - Created Permission View: can delete on DAG:conditional_dataset_and_time_based_timetable
[2024-11-05T00:54:43.507+0000] {logging_mixin.py:190} INFO - [2024-11-05T00:54:43.506+0000] {override.py:1900} INFO - Created Permission View: menu access on DAG Run:conditional_dataset_and_time_based_timetable
[2024-11-05T00:54:43.524+0000] {logging_mixin.py:190} INFO - [2024-11-05T00:54:43.523+0000] {override.py:1900} INFO - Created Permission View: can read on DAG Run:conditional_dataset_and_time_based_timetable
[2024-11-05T00:54:43.546+0000] {logging_mixin.py:190} INFO - [2024-11-05T00:54:43.546+0000] {override.py:1900} INFO - Created Permission View: can delete on DAG Run:conditional_dataset_and_time_based_timetable
[2024-11-05T00:54:43.566+0000] {logging_mixin.py:190} INFO - [2024-11-05T00:54:43.566+0000] {override.py:1900} INFO - Created Permission View: can create on DAG Run:conditional_dataset_and_time_based_timetable
[2024-11-05T00:54:43.596+0000] {logging_mixin.py:190} INFO - [2024-11-05T00:54:43.595+0000] {override.py:1900} INFO - Created Permission View: can edit on DAG:dataset_produces_1
[2024-11-05T00:54:43.621+0000] {logging_mixin.py:190} INFO - [2024-11-05T00:54:43.619+0000] {override.py:1900} INFO - Created Permission View: can read on DAG:dataset_produces_1
[2024-11-05T00:54:43.645+0000] {logging_mixin.py:190} INFO - [2024-11-05T00:54:43.644+0000] {override.py:1900} INFO - Created Permission View: can delete on DAG:dataset_produces_1
[2024-11-05T00:54:43.663+0000] {logging_mixin.py:190} INFO - [2024-11-05T00:54:43.663+0000] {override.py:1900} INFO - Created Permission View: menu access on DAG Run:dataset_produces_1
[2024-11-05T00:54:43.681+0000] {logging_mixin.py:190} INFO - [2024-11-05T00:54:43.681+0000] {override.py:1900} INFO - Created Permission View: can read on DAG Run:dataset_produces_1
[2024-11-05T00:54:43.704+0000] {logging_mixin.py:190} INFO - [2024-11-05T00:54:43.703+0000] {override.py:1900} INFO - Created Permission View: can delete on DAG Run:dataset_produces_1
[2024-11-05T00:54:43.730+0000] {logging_mixin.py:190} INFO - [2024-11-05T00:54:43.730+0000] {override.py:1900} INFO - Created Permission View: can create on DAG Run:dataset_produces_1
[2024-11-05T00:54:43.760+0000] {logging_mixin.py:190} INFO - [2024-11-05T00:54:43.759+0000] {override.py:1900} INFO - Created Permission View: can edit on DAG:dataset_consumes_1_never_scheduled
[2024-11-05T00:54:43.788+0000] {logging_mixin.py:190} INFO - [2024-11-05T00:54:43.787+0000] {override.py:1900} INFO - Created Permission View: can read on DAG:dataset_consumes_1_never_scheduled
[2024-11-05T00:54:43.820+0000] {logging_mixin.py:190} INFO - [2024-11-05T00:54:43.820+0000] {override.py:1900} INFO - Created Permission View: can delete on DAG:dataset_consumes_1_never_scheduled
[2024-11-05T00:54:43.844+0000] {logging_mixin.py:190} INFO - [2024-11-05T00:54:43.843+0000] {override.py:1900} INFO - Created Permission View: menu access on DAG Run:dataset_consumes_1_never_scheduled
[2024-11-05T00:54:43.857+0000] {logging_mixin.py:190} INFO - [2024-11-05T00:54:43.857+0000] {override.py:1900} INFO - Created Permission View: can read on DAG Run:dataset_consumes_1_never_scheduled
[2024-11-05T00:54:43.868+0000] {logging_mixin.py:190} INFO - [2024-11-05T00:54:43.868+0000] {override.py:1900} INFO - Created Permission View: can delete on DAG Run:dataset_consumes_1_never_scheduled
[2024-11-05T00:54:43.878+0000] {logging_mixin.py:190} INFO - [2024-11-05T00:54:43.878+0000] {override.py:1900} INFO - Created Permission View: can create on DAG Run:dataset_consumes_1_never_scheduled
[2024-11-05T00:54:43.898+0000] {logging_mixin.py:190} INFO - [2024-11-05T00:54:43.898+0000] {override.py:1900} INFO - Created Permission View: can edit on DAG:dataset_consumes_unknown_never_scheduled
[2024-11-05T00:54:43.913+0000] {logging_mixin.py:190} INFO - [2024-11-05T00:54:43.912+0000] {override.py:1900} INFO - Created Permission View: can read on DAG:dataset_consumes_unknown_never_scheduled
[2024-11-05T00:54:43.925+0000] {logging_mixin.py:190} INFO - [2024-11-05T00:54:43.924+0000] {override.py:1900} INFO - Created Permission View: can delete on DAG:dataset_consumes_unknown_never_scheduled
[2024-11-05T00:54:43.937+0000] {logging_mixin.py:190} INFO - [2024-11-05T00:54:43.937+0000] {override.py:1900} INFO - Created Permission View: menu access on DAG Run:dataset_consumes_unknown_never_scheduled
[2024-11-05T00:54:43.950+0000] {logging_mixin.py:190} INFO - [2024-11-05T00:54:43.949+0000] {override.py:1900} INFO - Created Permission View: can read on DAG Run:dataset_consumes_unknown_never_scheduled
[2024-11-05T00:54:43.962+0000] {logging_mixin.py:190} INFO - [2024-11-05T00:54:43.961+0000] {override.py:1900} INFO - Created Permission View: can delete on DAG Run:dataset_consumes_unknown_never_scheduled
[2024-11-05T00:54:43.974+0000] {logging_mixin.py:190} INFO - [2024-11-05T00:54:43.973+0000] {override.py:1900} INFO - Created Permission View: can create on DAG Run:dataset_consumes_unknown_never_scheduled
[2024-11-05T00:54:43.997+0000] {logging_mixin.py:190} INFO - [2024-11-05T00:54:43.996+0000] {override.py:1900} INFO - Created Permission View: can edit on DAG:consume_1_and_2_with_dataset_expressions
[2024-11-05T00:54:44.008+0000] {logging_mixin.py:190} INFO - [2024-11-05T00:54:44.008+0000] {override.py:1900} INFO - Created Permission View: can read on DAG:consume_1_and_2_with_dataset_expressions
[2024-11-05T00:54:44.021+0000] {logging_mixin.py:190} INFO - [2024-11-05T00:54:44.020+0000] {override.py:1900} INFO - Created Permission View: can delete on DAG:consume_1_and_2_with_dataset_expressions
[2024-11-05T00:54:44.033+0000] {logging_mixin.py:190} INFO - [2024-11-05T00:54:44.033+0000] {override.py:1900} INFO - Created Permission View: menu access on DAG Run:consume_1_and_2_with_dataset_expressions
[2024-11-05T00:54:44.045+0000] {logging_mixin.py:190} INFO - [2024-11-05T00:54:44.044+0000] {override.py:1900} INFO - Created Permission View: can read on DAG Run:consume_1_and_2_with_dataset_expressions
[2024-11-05T00:54:44.062+0000] {logging_mixin.py:190} INFO - [2024-11-05T00:54:44.061+0000] {override.py:1900} INFO - Created Permission View: can delete on DAG Run:consume_1_and_2_with_dataset_expressions
[2024-11-05T00:54:44.076+0000] {logging_mixin.py:190} INFO - [2024-11-05T00:54:44.075+0000] {override.py:1900} INFO - Created Permission View: can create on DAG Run:consume_1_and_2_with_dataset_expressions
[2024-11-05T00:54:44.100+0000] {logging_mixin.py:190} INFO - [2024-11-05T00:54:44.100+0000] {override.py:1900} INFO - Created Permission View: can edit on DAG:consume_1_or_2_with_dataset_expressions
[2024-11-05T00:54:44.116+0000] {logging_mixin.py:190} INFO - [2024-11-05T00:54:44.115+0000] {override.py:1900} INFO - Created Permission View: can read on DAG:consume_1_or_2_with_dataset_expressions
[2024-11-05T00:54:44.133+0000] {logging_mixin.py:190} INFO - [2024-11-05T00:54:44.133+0000] {override.py:1900} INFO - Created Permission View: can delete on DAG:consume_1_or_2_with_dataset_expressions
[2024-11-05T00:54:44.152+0000] {logging_mixin.py:190} INFO - [2024-11-05T00:54:44.152+0000] {override.py:1900} INFO - Created Permission View: menu access on DAG Run:consume_1_or_2_with_dataset_expressions
[2024-11-05T00:54:44.171+0000] {logging_mixin.py:190} INFO - [2024-11-05T00:54:44.169+0000] {override.py:1900} INFO - Created Permission View: can read on DAG Run:consume_1_or_2_with_dataset_expressions
[2024-11-05T00:54:44.186+0000] {logging_mixin.py:190} INFO - [2024-11-05T00:54:44.186+0000] {override.py:1900} INFO - Created Permission View: can delete on DAG Run:consume_1_or_2_with_dataset_expressions
[2024-11-05T00:54:44.224+0000] {logging_mixin.py:190} INFO - [2024-11-05T00:54:44.223+0000] {override.py:1900} INFO - Created Permission View: can create on DAG Run:consume_1_or_2_with_dataset_expressions
[2024-11-05T00:54:44.225+0000] {logging_mixin.py:190} INFO - [2024-11-05T00:54:44.224+0000] {dag.py:3239} INFO - Sync 10 DAGs
[2024-11-05T00:54:44.266+0000] {logging_mixin.py:190} INFO - [2024-11-05T00:54:44.265+0000] {dag.py:3262} INFO - Creating ORM DAG for dataset_consumes_unknown_never_scheduled
[2024-11-05T00:54:44.269+0000] {logging_mixin.py:190} INFO - [2024-11-05T00:54:44.268+0000] {dag.py:3262} INFO - Creating ORM DAG for dataset_produces_1
[2024-11-05T00:54:44.271+0000] {logging_mixin.py:190} INFO - [2024-11-05T00:54:44.270+0000] {dag.py:3262} INFO - Creating ORM DAG for consume_1_and_2_with_dataset_expressions
[2024-11-05T00:54:44.273+0000] {logging_mixin.py:190} INFO - [2024-11-05T00:54:44.272+0000] {dag.py:3262} INFO - Creating ORM DAG for dataset_consumes_1
[2024-11-05T00:54:44.277+0000] {logging_mixin.py:190} INFO - [2024-11-05T00:54:44.276+0000] {dag.py:3262} INFO - Creating ORM DAG for consume_1_or_both_2_and_3_with_dataset_expressions
[2024-11-05T00:54:44.278+0000] {logging_mixin.py:190} INFO - [2024-11-05T00:54:44.278+0000] {dag.py:3262} INFO - Creating ORM DAG for conditional_dataset_and_time_based_timetable
[2024-11-05T00:54:44.280+0000] {logging_mixin.py:190} INFO - [2024-11-05T00:54:44.280+0000] {dag.py:3262} INFO - Creating ORM DAG for dataset_produces_2
[2024-11-05T00:54:44.282+0000] {logging_mixin.py:190} INFO - [2024-11-05T00:54:44.282+0000] {dag.py:3262} INFO - Creating ORM DAG for dataset_consumes_1_never_scheduled
[2024-11-05T00:54:44.284+0000] {logging_mixin.py:190} INFO - [2024-11-05T00:54:44.284+0000] {dag.py:3262} INFO - Creating ORM DAG for consume_1_or_2_with_dataset_expressions
[2024-11-05T00:54:44.287+0000] {logging_mixin.py:190} INFO - [2024-11-05T00:54:44.286+0000] {dag.py:3262} INFO - Creating ORM DAG for dataset_consumes_1_and_2
[2024-11-05T00:54:44.310+0000] {logging_mixin.py:190} INFO - [2024-11-05T00:54:44.310+0000] {dag.py:4180} INFO - Setting next_dagrun for conditional_dataset_and_time_based_timetable to 2024-10-30 01:00:00+00:00, run_after=2024-10-30 01:00:00+00:00
[2024-11-05T00:54:44.312+0000] {logging_mixin.py:190} INFO - [2024-11-05T00:54:44.312+0000] {dag.py:4180} INFO - Setting next_dagrun for consume_1_and_2_with_dataset_expressions to None, run_after=None
[2024-11-05T00:54:44.314+0000] {logging_mixin.py:190} INFO - [2024-11-05T00:54:44.313+0000] {dag.py:4180} INFO - Setting next_dagrun for consume_1_or_2_with_dataset_expressions to None, run_after=None
[2024-11-05T00:54:44.315+0000] {logging_mixin.py:190} INFO - [2024-11-05T00:54:44.315+0000] {dag.py:4180} INFO - Setting next_dagrun for consume_1_or_both_2_and_3_with_dataset_expressions to None, run_after=None
[2024-11-05T00:54:44.316+0000] {logging_mixin.py:190} INFO - [2024-11-05T00:54:44.316+0000] {dag.py:4180} INFO - Setting next_dagrun for dataset_consumes_1 to None, run_after=None
[2024-11-05T00:54:44.319+0000] {logging_mixin.py:190} INFO - [2024-11-05T00:54:44.318+0000] {dag.py:4180} INFO - Setting next_dagrun for dataset_consumes_1_and_2 to None, run_after=None
[2024-11-05T00:54:44.322+0000] {logging_mixin.py:190} INFO - [2024-11-05T00:54:44.321+0000] {dag.py:4180} INFO - Setting next_dagrun for dataset_consumes_1_never_scheduled to None, run_after=None
[2024-11-05T00:54:44.323+0000] {logging_mixin.py:190} INFO - [2024-11-05T00:54:44.323+0000] {dag.py:4180} INFO - Setting next_dagrun for dataset_consumes_unknown_never_scheduled to None, run_after=None
[2024-11-05T00:54:44.329+0000] {logging_mixin.py:190} INFO - [2024-11-05T00:54:44.329+0000] {dag.py:4180} INFO - Setting next_dagrun for dataset_produces_1 to 2024-11-04 00:00:00+00:00, run_after=2024-11-05 00:00:00+00:00
[2024-11-05T00:54:44.333+0000] {logging_mixin.py:190} INFO - [2024-11-05T00:54:44.331+0000] {dag.py:4180} INFO - Setting next_dagrun for dataset_produces_2 to None, run_after=None
[2024-11-05T00:54:44.439+0000] {processor.py:208} INFO - Processing /home/airflow/.local/lib/python3.12/site-packages/airflow/example_dags/example_datasets.py took 2.525 seconds
[2024-11-05T00:55:14.768+0000] {processor.py:186} INFO - Started process (PID=176) to work on /home/airflow/.local/lib/python3.12/site-packages/airflow/example_dags/example_datasets.py
[2024-11-05T00:55:14.770+0000] {processor.py:914} INFO - Processing file /home/airflow/.local/lib/python3.12/site-packages/airflow/example_dags/example_datasets.py for tasks to queue
[2024-11-05T00:55:14.775+0000] {logging_mixin.py:190} INFO - [2024-11-05T00:55:14.774+0000] {dagbag.py:588} INFO - Filling up the DagBag from /home/airflow/.local/lib/python3.12/site-packages/airflow/example_dags/example_datasets.py
[2024-11-05T00:55:15.184+0000] {processor.py:925} INFO - DAG(s) 'consume_1_or_2_with_dataset_expressions', 'conditional_dataset_and_time_based_timetable', 'dataset_consumes_1', 'dataset_consumes_unknown_never_scheduled', 'dataset_produces_1', 'dataset_consumes_1_never_scheduled', 'consume_1_and_2_with_dataset_expressions', 'consume_1_or_both_2_and_3_with_dataset_expressions', 'dataset_produces_2', 'dataset_consumes_1_and_2' retrieved from /home/airflow/.local/lib/python3.12/site-packages/airflow/example_dags/example_datasets.py
[2024-11-05T00:55:15.317+0000] {logging_mixin.py:190} INFO - [2024-11-05T00:55:15.316+0000] {dag.py:3239} INFO - Sync 10 DAGs
[2024-11-05T00:55:15.379+0000] {logging_mixin.py:190} INFO - [2024-11-05T00:55:15.378+0000] {dag.py:4180} INFO - Setting next_dagrun for conditional_dataset_and_time_based_timetable to 2024-10-30 01:00:00+00:00, run_after=2024-10-30 01:00:00+00:00
[2024-11-05T00:55:15.391+0000] {logging_mixin.py:190} INFO - [2024-11-05T00:55:15.390+0000] {dag.py:4180} INFO - Setting next_dagrun for consume_1_and_2_with_dataset_expressions to None, run_after=None
[2024-11-05T00:55:15.394+0000] {logging_mixin.py:190} INFO - [2024-11-05T00:55:15.394+0000] {dag.py:4180} INFO - Setting next_dagrun for consume_1_or_2_with_dataset_expressions to None, run_after=None
[2024-11-05T00:55:15.397+0000] {logging_mixin.py:190} INFO - [2024-11-05T00:55:15.397+0000] {dag.py:4180} INFO - Setting next_dagrun for consume_1_or_both_2_and_3_with_dataset_expressions to None, run_after=None
[2024-11-05T00:55:15.400+0000] {logging_mixin.py:190} INFO - [2024-11-05T00:55:15.400+0000] {dag.py:4180} INFO - Setting next_dagrun for dataset_consumes_1 to None, run_after=None
[2024-11-05T00:55:15.407+0000] {logging_mixin.py:190} INFO - [2024-11-05T00:55:15.406+0000] {dag.py:4180} INFO - Setting next_dagrun for dataset_consumes_1_and_2 to None, run_after=None
[2024-11-05T00:55:15.410+0000] {logging_mixin.py:190} INFO - [2024-11-05T00:55:15.410+0000] {dag.py:4180} INFO - Setting next_dagrun for dataset_consumes_1_never_scheduled to None, run_after=None
[2024-11-05T00:55:15.413+0000] {logging_mixin.py:190} INFO - [2024-11-05T00:55:15.413+0000] {dag.py:4180} INFO - Setting next_dagrun for dataset_consumes_unknown_never_scheduled to None, run_after=None
[2024-11-05T00:55:15.420+0000] {logging_mixin.py:190} INFO - [2024-11-05T00:55:15.420+0000] {dag.py:4180} INFO - Setting next_dagrun for dataset_produces_1 to 2024-11-04 00:00:00+00:00, run_after=2024-11-05 00:00:00+00:00
[2024-11-05T00:55:15.425+0000] {logging_mixin.py:190} INFO - [2024-11-05T00:55:15.425+0000] {dag.py:4180} INFO - Setting next_dagrun for dataset_produces_2 to None, run_after=None
[2024-11-05T00:55:15.545+0000] {processor.py:208} INFO - Processing /home/airflow/.local/lib/python3.12/site-packages/airflow/example_dags/example_datasets.py took 0.788 seconds
[2024-11-05T00:55:45.773+0000] {processor.py:186} INFO - Started process (PID=240) to work on /home/airflow/.local/lib/python3.12/site-packages/airflow/example_dags/example_datasets.py
[2024-11-05T00:55:45.776+0000] {processor.py:914} INFO - Processing file /home/airflow/.local/lib/python3.12/site-packages/airflow/example_dags/example_datasets.py for tasks to queue
[2024-11-05T00:55:45.782+0000] {logging_mixin.py:190} INFO - [2024-11-05T00:55:45.781+0000] {dagbag.py:588} INFO - Filling up the DagBag from /home/airflow/.local/lib/python3.12/site-packages/airflow/example_dags/example_datasets.py
[2024-11-05T00:55:46.189+0000] {processor.py:925} INFO - DAG(s) 'consume_1_or_2_with_dataset_expressions', 'dataset_produces_1', 'dataset_produces_2', 'dataset_consumes_unknown_never_scheduled', 'dataset_consumes_1_never_scheduled', 'consume_1_and_2_with_dataset_expressions', 'consume_1_or_both_2_and_3_with_dataset_expressions', 'dataset_consumes_1', 'conditional_dataset_and_time_based_timetable', 'dataset_consumes_1_and_2' retrieved from /home/airflow/.local/lib/python3.12/site-packages/airflow/example_dags/example_datasets.py
[2024-11-05T00:55:46.427+0000] {logging_mixin.py:190} INFO - [2024-11-05T00:55:46.426+0000] {dag.py:3239} INFO - Sync 10 DAGs
[2024-11-05T00:55:46.548+0000] {logging_mixin.py:190} INFO - [2024-11-05T00:55:46.547+0000] {dag.py:4180} INFO - Setting next_dagrun for conditional_dataset_and_time_based_timetable to 2024-10-30 01:00:00+00:00, run_after=2024-10-30 01:00:00+00:00
[2024-11-05T00:55:46.558+0000] {logging_mixin.py:190} INFO - [2024-11-05T00:55:46.557+0000] {dag.py:4180} INFO - Setting next_dagrun for consume_1_and_2_with_dataset_expressions to None, run_after=None
[2024-11-05T00:55:46.561+0000] {logging_mixin.py:190} INFO - [2024-11-05T00:55:46.561+0000] {dag.py:4180} INFO - Setting next_dagrun for consume_1_or_2_with_dataset_expressions to None, run_after=None
[2024-11-05T00:55:46.564+0000] {logging_mixin.py:190} INFO - [2024-11-05T00:55:46.563+0000] {dag.py:4180} INFO - Setting next_dagrun for consume_1_or_both_2_and_3_with_dataset_expressions to None, run_after=None
[2024-11-05T00:55:46.567+0000] {logging_mixin.py:190} INFO - [2024-11-05T00:55:46.566+0000] {dag.py:4180} INFO - Setting next_dagrun for dataset_consumes_1 to None, run_after=None
[2024-11-05T00:55:46.571+0000] {logging_mixin.py:190} INFO - [2024-11-05T00:55:46.570+0000] {dag.py:4180} INFO - Setting next_dagrun for dataset_consumes_1_and_2 to None, run_after=None
[2024-11-05T00:55:46.574+0000] {logging_mixin.py:190} INFO - [2024-11-05T00:55:46.574+0000] {dag.py:4180} INFO - Setting next_dagrun for dataset_consumes_1_never_scheduled to None, run_after=None
[2024-11-05T00:55:46.578+0000] {logging_mixin.py:190} INFO - [2024-11-05T00:55:46.577+0000] {dag.py:4180} INFO - Setting next_dagrun for dataset_consumes_unknown_never_scheduled to None, run_after=None
[2024-11-05T00:55:46.586+0000] {logging_mixin.py:190} INFO - [2024-11-05T00:55:46.585+0000] {dag.py:4180} INFO - Setting next_dagrun for dataset_produces_1 to 2024-11-04 00:00:00+00:00, run_after=2024-11-05 00:00:00+00:00
[2024-11-05T00:55:46.590+0000] {logging_mixin.py:190} INFO - [2024-11-05T00:55:46.589+0000] {dag.py:4180} INFO - Setting next_dagrun for dataset_produces_2 to None, run_after=None
[2024-11-05T00:55:46.680+0000] {processor.py:208} INFO - Processing /home/airflow/.local/lib/python3.12/site-packages/airflow/example_dags/example_datasets.py took 0.920 seconds
