[2024-11-05T00:54:26.352+0000] {processor.py:186} INFO - Started process (PID=75) to work on /home/airflow/.local/lib/python3.12/site-packages/airflow/example_dags/example_task_group.py
[2024-11-05T00:54:26.354+0000] {processor.py:914} INFO - Processing file /home/airflow/.local/lib/python3.12/site-packages/airflow/example_dags/example_task_group.py for tasks to queue
[2024-11-05T00:54:26.361+0000] {logging_mixin.py:190} INFO - [2024-11-05T00:54:26.358+0000] {dagbag.py:588} INFO - Filling up the DagBag from /home/airflow/.local/lib/python3.12/site-packages/airflow/example_dags/example_task_group.py
[2024-11-05T00:54:26.390+0000] {processor.py:925} INFO - DAG(s) 'example_task_group' retrieved from /home/airflow/.local/lib/python3.12/site-packages/airflow/example_dags/example_task_group.py
[2024-11-05T00:54:26.778+0000] {logging_mixin.py:190} INFO - [2024-11-05T00:54:26.774+0000] {override.py:1900} INFO - Created Permission View: can edit on DAG:example_task_group
[2024-11-05T00:54:26.817+0000] {logging_mixin.py:190} INFO - [2024-11-05T00:54:26.816+0000] {override.py:1900} INFO - Created Permission View: can read on DAG:example_task_group
[2024-11-05T00:54:26.839+0000] {logging_mixin.py:190} INFO - [2024-11-05T00:54:26.837+0000] {override.py:1900} INFO - Created Permission View: can delete on DAG:example_task_group
[2024-11-05T00:54:26.866+0000] {logging_mixin.py:190} INFO - [2024-11-05T00:54:26.865+0000] {override.py:1900} INFO - Created Permission View: menu access on DAG Run:example_task_group
[2024-11-05T00:54:26.894+0000] {logging_mixin.py:190} INFO - [2024-11-05T00:54:26.894+0000] {override.py:1900} INFO - Created Permission View: can read on DAG Run:example_task_group
[2024-11-05T00:54:26.929+0000] {logging_mixin.py:190} INFO - [2024-11-05T00:54:26.926+0000] {override.py:1900} INFO - Created Permission View: can delete on DAG Run:example_task_group
[2024-11-05T00:54:26.963+0000] {logging_mixin.py:190} INFO - [2024-11-05T00:54:26.962+0000] {override.py:1900} INFO - Created Permission View: can create on DAG Run:example_task_group
[2024-11-05T00:54:26.964+0000] {logging_mixin.py:190} INFO - [2024-11-05T00:54:26.964+0000] {dag.py:3239} INFO - Sync 1 DAGs
[2024-11-05T00:54:27.008+0000] {logging_mixin.py:190} INFO - [2024-11-05T00:54:27.007+0000] {dag.py:3262} INFO - Creating ORM DAG for example_task_group
[2024-11-05T00:54:27.016+0000] {logging_mixin.py:190} INFO - [2024-11-05T00:54:27.014+0000] {dag.py:4180} INFO - Setting next_dagrun for example_task_group to None, run_after=None
[2024-11-05T00:54:27.070+0000] {processor.py:208} INFO - Processing /home/airflow/.local/lib/python3.12/site-packages/airflow/example_dags/example_task_group.py took 0.736 seconds
[2024-11-05T00:54:57.698+0000] {processor.py:186} INFO - Started process (PID=136) to work on /home/airflow/.local/lib/python3.12/site-packages/airflow/example_dags/example_task_group.py
[2024-11-05T00:54:57.700+0000] {processor.py:914} INFO - Processing file /home/airflow/.local/lib/python3.12/site-packages/airflow/example_dags/example_task_group.py for tasks to queue
[2024-11-05T00:54:57.705+0000] {logging_mixin.py:190} INFO - [2024-11-05T00:54:57.704+0000] {dagbag.py:588} INFO - Filling up the DagBag from /home/airflow/.local/lib/python3.12/site-packages/airflow/example_dags/example_task_group.py
[2024-11-05T00:54:57.723+0000] {processor.py:925} INFO - DAG(s) 'example_task_group' retrieved from /home/airflow/.local/lib/python3.12/site-packages/airflow/example_dags/example_task_group.py
[2024-11-05T00:54:57.767+0000] {logging_mixin.py:190} INFO - [2024-11-05T00:54:57.766+0000] {dag.py:3239} INFO - Sync 1 DAGs
[2024-11-05T00:54:57.797+0000] {logging_mixin.py:190} INFO - [2024-11-05T00:54:57.797+0000] {dag.py:4180} INFO - Setting next_dagrun for example_task_group to None, run_after=None
[2024-11-05T00:54:57.838+0000] {processor.py:208} INFO - Processing /home/airflow/.local/lib/python3.12/site-packages/airflow/example_dags/example_task_group.py took 0.149 seconds
[2024-11-05T00:55:28.269+0000] {processor.py:186} INFO - Started process (PID=198) to work on /home/airflow/.local/lib/python3.12/site-packages/airflow/example_dags/example_task_group.py
[2024-11-05T00:55:28.279+0000] {processor.py:914} INFO - Processing file /home/airflow/.local/lib/python3.12/site-packages/airflow/example_dags/example_task_group.py for tasks to queue
[2024-11-05T00:55:28.284+0000] {logging_mixin.py:190} INFO - [2024-11-05T00:55:28.283+0000] {dagbag.py:588} INFO - Filling up the DagBag from /home/airflow/.local/lib/python3.12/site-packages/airflow/example_dags/example_task_group.py
[2024-11-05T00:55:28.309+0000] {processor.py:925} INFO - DAG(s) 'example_task_group' retrieved from /home/airflow/.local/lib/python3.12/site-packages/airflow/example_dags/example_task_group.py
[2024-11-05T00:55:28.373+0000] {logging_mixin.py:190} INFO - [2024-11-05T00:55:28.373+0000] {dag.py:3239} INFO - Sync 1 DAGs
[2024-11-05T00:55:28.418+0000] {logging_mixin.py:190} INFO - [2024-11-05T00:55:28.417+0000] {dag.py:4180} INFO - Setting next_dagrun for example_task_group to None, run_after=None
[2024-11-05T00:55:28.480+0000] {processor.py:208} INFO - Processing /home/airflow/.local/lib/python3.12/site-packages/airflow/example_dags/example_task_group.py took 0.221 seconds
[2024-11-05T00:55:58.547+0000] {processor.py:186} INFO - Started process (PID=260) to work on /home/airflow/.local/lib/python3.12/site-packages/airflow/example_dags/example_task_group.py
[2024-11-05T00:55:58.551+0000] {processor.py:914} INFO - Processing file /home/airflow/.local/lib/python3.12/site-packages/airflow/example_dags/example_task_group.py for tasks to queue
[2024-11-05T00:55:58.556+0000] {logging_mixin.py:190} INFO - [2024-11-05T00:55:58.555+0000] {dagbag.py:588} INFO - Filling up the DagBag from /home/airflow/.local/lib/python3.12/site-packages/airflow/example_dags/example_task_group.py
[2024-11-05T00:55:58.571+0000] {processor.py:925} INFO - DAG(s) 'example_task_group' retrieved from /home/airflow/.local/lib/python3.12/site-packages/airflow/example_dags/example_task_group.py
[2024-11-05T00:55:58.611+0000] {logging_mixin.py:190} INFO - [2024-11-05T00:55:58.611+0000] {dag.py:3239} INFO - Sync 1 DAGs
[2024-11-05T00:55:58.640+0000] {logging_mixin.py:190} INFO - [2024-11-05T00:55:58.639+0000] {dag.py:4180} INFO - Setting next_dagrun for example_task_group to None, run_after=None
[2024-11-05T00:55:58.675+0000] {processor.py:208} INFO - Processing /home/airflow/.local/lib/python3.12/site-packages/airflow/example_dags/example_task_group.py took 0.137 seconds
