[2024-11-05T00:54:23.677+0000] {processor.py:186} INFO - Started process (PID=71) to work on /home/airflow/.local/lib/python3.12/site-packages/airflow/example_dags/example_setup_teardown_taskflow.py
[2024-11-05T00:54:23.679+0000] {processor.py:914} INFO - Processing file /home/airflow/.local/lib/python3.12/site-packages/airflow/example_dags/example_setup_teardown_taskflow.py for tasks to queue
[2024-11-05T00:54:23.685+0000] {logging_mixin.py:190} INFO - [2024-11-05T00:54:23.685+0000] {dagbag.py:588} INFO - Filling up the DagBag from /home/airflow/.local/lib/python3.12/site-packages/airflow/example_dags/example_setup_teardown_taskflow.py
[2024-11-05T00:54:23.724+0000] {processor.py:925} INFO - DAG(s) 'example_setup_teardown_taskflow' retrieved from /home/airflow/.local/lib/python3.12/site-packages/airflow/example_dags/example_setup_teardown_taskflow.py
[2024-11-05T00:54:24.110+0000] {logging_mixin.py:190} INFO - [2024-11-05T00:54:24.108+0000] {override.py:1900} INFO - Created Permission View: can edit on DAG:example_setup_teardown_taskflow
[2024-11-05T00:54:24.141+0000] {logging_mixin.py:190} INFO - [2024-11-05T00:54:24.140+0000] {override.py:1900} INFO - Created Permission View: can read on DAG:example_setup_teardown_taskflow
[2024-11-05T00:54:24.167+0000] {logging_mixin.py:190} INFO - [2024-11-05T00:54:24.167+0000] {override.py:1900} INFO - Created Permission View: can delete on DAG:example_setup_teardown_taskflow
[2024-11-05T00:54:24.188+0000] {logging_mixin.py:190} INFO - [2024-11-05T00:54:24.187+0000] {override.py:1900} INFO - Created Permission View: menu access on DAG Run:example_setup_teardown_taskflow
[2024-11-05T00:54:24.224+0000] {logging_mixin.py:190} INFO - [2024-11-05T00:54:24.224+0000] {override.py:1900} INFO - Created Permission View: can read on DAG Run:example_setup_teardown_taskflow
[2024-11-05T00:54:24.246+0000] {logging_mixin.py:190} INFO - [2024-11-05T00:54:24.245+0000] {override.py:1900} INFO - Created Permission View: can delete on DAG Run:example_setup_teardown_taskflow
[2024-11-05T00:54:24.270+0000] {logging_mixin.py:190} INFO - [2024-11-05T00:54:24.270+0000] {override.py:1900} INFO - Created Permission View: can create on DAG Run:example_setup_teardown_taskflow
[2024-11-05T00:54:24.272+0000] {logging_mixin.py:190} INFO - [2024-11-05T00:54:24.272+0000] {dag.py:3239} INFO - Sync 1 DAGs
[2024-11-05T00:54:24.329+0000] {logging_mixin.py:190} INFO - [2024-11-05T00:54:24.327+0000] {dag.py:3262} INFO - Creating ORM DAG for example_setup_teardown_taskflow
[2024-11-05T00:54:24.333+0000] {logging_mixin.py:190} INFO - [2024-11-05T00:54:24.333+0000] {dag.py:4180} INFO - Setting next_dagrun for example_setup_teardown_taskflow to None, run_after=None
[2024-11-05T00:54:24.394+0000] {processor.py:208} INFO - Processing /home/airflow/.local/lib/python3.12/site-packages/airflow/example_dags/example_setup_teardown_taskflow.py took 0.733 seconds
[2024-11-05T00:54:54.521+0000] {processor.py:186} INFO - Started process (PID=132) to work on /home/airflow/.local/lib/python3.12/site-packages/airflow/example_dags/example_setup_teardown_taskflow.py
[2024-11-05T00:54:54.523+0000] {processor.py:914} INFO - Processing file /home/airflow/.local/lib/python3.12/site-packages/airflow/example_dags/example_setup_teardown_taskflow.py for tasks to queue
[2024-11-05T00:54:54.527+0000] {logging_mixin.py:190} INFO - [2024-11-05T00:54:54.526+0000] {dagbag.py:588} INFO - Filling up the DagBag from /home/airflow/.local/lib/python3.12/site-packages/airflow/example_dags/example_setup_teardown_taskflow.py
[2024-11-05T00:54:54.549+0000] {processor.py:925} INFO - DAG(s) 'example_setup_teardown_taskflow' retrieved from /home/airflow/.local/lib/python3.12/site-packages/airflow/example_dags/example_setup_teardown_taskflow.py
[2024-11-05T00:54:54.590+0000] {logging_mixin.py:190} INFO - [2024-11-05T00:54:54.590+0000] {dag.py:3239} INFO - Sync 1 DAGs
[2024-11-05T00:54:54.621+0000] {logging_mixin.py:190} INFO - [2024-11-05T00:54:54.621+0000] {dag.py:4180} INFO - Setting next_dagrun for example_setup_teardown_taskflow to None, run_after=None
[2024-11-05T00:54:54.670+0000] {processor.py:208} INFO - Processing /home/airflow/.local/lib/python3.12/site-packages/airflow/example_dags/example_setup_teardown_taskflow.py took 0.163 seconds
[2024-11-05T00:55:25.582+0000] {processor.py:186} INFO - Started process (PID=194) to work on /home/airflow/.local/lib/python3.12/site-packages/airflow/example_dags/example_setup_teardown_taskflow.py
[2024-11-05T00:55:25.584+0000] {processor.py:914} INFO - Processing file /home/airflow/.local/lib/python3.12/site-packages/airflow/example_dags/example_setup_teardown_taskflow.py for tasks to queue
[2024-11-05T00:55:25.589+0000] {logging_mixin.py:190} INFO - [2024-11-05T00:55:25.588+0000] {dagbag.py:588} INFO - Filling up the DagBag from /home/airflow/.local/lib/python3.12/site-packages/airflow/example_dags/example_setup_teardown_taskflow.py
[2024-11-05T00:55:25.609+0000] {processor.py:925} INFO - DAG(s) 'example_setup_teardown_taskflow' retrieved from /home/airflow/.local/lib/python3.12/site-packages/airflow/example_dags/example_setup_teardown_taskflow.py
[2024-11-05T00:55:25.655+0000] {logging_mixin.py:190} INFO - [2024-11-05T00:55:25.655+0000] {dag.py:3239} INFO - Sync 1 DAGs
[2024-11-05T00:55:25.693+0000] {logging_mixin.py:190} INFO - [2024-11-05T00:55:25.692+0000] {dag.py:4180} INFO - Setting next_dagrun for example_setup_teardown_taskflow to None, run_after=None
[2024-11-05T00:55:25.735+0000] {processor.py:208} INFO - Processing /home/airflow/.local/lib/python3.12/site-packages/airflow/example_dags/example_setup_teardown_taskflow.py took 0.163 seconds
[2024-11-05T00:55:56.308+0000] {processor.py:186} INFO - Started process (PID=256) to work on /home/airflow/.local/lib/python3.12/site-packages/airflow/example_dags/example_setup_teardown_taskflow.py
[2024-11-05T00:55:56.311+0000] {processor.py:914} INFO - Processing file /home/airflow/.local/lib/python3.12/site-packages/airflow/example_dags/example_setup_teardown_taskflow.py for tasks to queue
[2024-11-05T00:55:56.315+0000] {logging_mixin.py:190} INFO - [2024-11-05T00:55:56.314+0000] {dagbag.py:588} INFO - Filling up the DagBag from /home/airflow/.local/lib/python3.12/site-packages/airflow/example_dags/example_setup_teardown_taskflow.py
[2024-11-05T00:55:56.335+0000] {processor.py:925} INFO - DAG(s) 'example_setup_teardown_taskflow' retrieved from /home/airflow/.local/lib/python3.12/site-packages/airflow/example_dags/example_setup_teardown_taskflow.py
[2024-11-05T00:55:56.374+0000] {logging_mixin.py:190} INFO - [2024-11-05T00:55:56.373+0000] {dag.py:3239} INFO - Sync 1 DAGs
[2024-11-05T00:55:56.399+0000] {logging_mixin.py:190} INFO - [2024-11-05T00:55:56.399+0000] {dag.py:4180} INFO - Setting next_dagrun for example_setup_teardown_taskflow to None, run_after=None
[2024-11-05T00:55:56.434+0000] {processor.py:208} INFO - Processing /home/airflow/.local/lib/python3.12/site-packages/airflow/example_dags/example_setup_teardown_taskflow.py took 0.137 seconds
