[2024-11-05T00:54:36.967+0000] {processor.py:186} INFO - Started process (PID=101) to work on /home/airflow/.local/lib/python3.12/site-packages/airflow/example_dags/example_branch_datetime_operator.py
[2024-11-05T00:54:36.970+0000] {processor.py:914} INFO - Processing file /home/airflow/.local/lib/python3.12/site-packages/airflow/example_dags/example_branch_datetime_operator.py for tasks to queue
[2024-11-05T00:54:36.983+0000] {logging_mixin.py:190} INFO - [2024-11-05T00:54:36.977+0000] {dagbag.py:588} INFO - Filling up the DagBag from /home/airflow/.local/lib/python3.12/site-packages/airflow/example_dags/example_branch_datetime_operator.py
[2024-11-05T00:54:37.033+0000] {processor.py:925} INFO - DAG(s) 'example_branch_datetime_operator', 'example_branch_datetime_operator_3', 'example_branch_datetime_operator_2' retrieved from /home/airflow/.local/lib/python3.12/site-packages/airflow/example_dags/example_branch_datetime_operator.py
[2024-11-05T00:54:37.409+0000] {logging_mixin.py:190} INFO - [2024-11-05T00:54:37.407+0000] {override.py:1900} INFO - Created Permission View: can edit on DAG:example_branch_datetime_operator
[2024-11-05T00:54:37.446+0000] {logging_mixin.py:190} INFO - [2024-11-05T00:54:37.443+0000] {override.py:1900} INFO - Created Permission View: can read on DAG:example_branch_datetime_operator
[2024-11-05T00:54:37.471+0000] {logging_mixin.py:190} INFO - [2024-11-05T00:54:37.470+0000] {override.py:1900} INFO - Created Permission View: can delete on DAG:example_branch_datetime_operator
[2024-11-05T00:54:37.495+0000] {logging_mixin.py:190} INFO - [2024-11-05T00:54:37.495+0000] {override.py:1900} INFO - Created Permission View: menu access on DAG Run:example_branch_datetime_operator
[2024-11-05T00:54:37.515+0000] {logging_mixin.py:190} INFO - [2024-11-05T00:54:37.514+0000] {override.py:1900} INFO - Created Permission View: can read on DAG Run:example_branch_datetime_operator
[2024-11-05T00:54:37.536+0000] {logging_mixin.py:190} INFO - [2024-11-05T00:54:37.535+0000] {override.py:1900} INFO - Created Permission View: can delete on DAG Run:example_branch_datetime_operator
[2024-11-05T00:54:37.557+0000] {logging_mixin.py:190} INFO - [2024-11-05T00:54:37.556+0000] {override.py:1900} INFO - Created Permission View: can create on DAG Run:example_branch_datetime_operator
[2024-11-05T00:54:37.595+0000] {logging_mixin.py:190} INFO - [2024-11-05T00:54:37.595+0000] {override.py:1900} INFO - Created Permission View: can edit on DAG:example_branch_datetime_operator_3
[2024-11-05T00:54:37.625+0000] {logging_mixin.py:190} INFO - [2024-11-05T00:54:37.624+0000] {override.py:1900} INFO - Created Permission View: can read on DAG:example_branch_datetime_operator_3
[2024-11-05T00:54:37.651+0000] {logging_mixin.py:190} INFO - [2024-11-05T00:54:37.650+0000] {override.py:1900} INFO - Created Permission View: can delete on DAG:example_branch_datetime_operator_3
[2024-11-05T00:54:37.669+0000] {logging_mixin.py:190} INFO - [2024-11-05T00:54:37.668+0000] {override.py:1900} INFO - Created Permission View: menu access on DAG Run:example_branch_datetime_operator_3
[2024-11-05T00:54:37.683+0000] {logging_mixin.py:190} INFO - [2024-11-05T00:54:37.683+0000] {override.py:1900} INFO - Created Permission View: can read on DAG Run:example_branch_datetime_operator_3
[2024-11-05T00:54:37.698+0000] {logging_mixin.py:190} INFO - [2024-11-05T00:54:37.698+0000] {override.py:1900} INFO - Created Permission View: can delete on DAG Run:example_branch_datetime_operator_3
[2024-11-05T00:54:37.714+0000] {logging_mixin.py:190} INFO - [2024-11-05T00:54:37.713+0000] {override.py:1900} INFO - Created Permission View: can create on DAG Run:example_branch_datetime_operator_3
[2024-11-05T00:54:37.748+0000] {logging_mixin.py:190} INFO - [2024-11-05T00:54:37.744+0000] {override.py:1900} INFO - Created Permission View: can edit on DAG:example_branch_datetime_operator_2
[2024-11-05T00:54:37.780+0000] {logging_mixin.py:190} INFO - [2024-11-05T00:54:37.779+0000] {override.py:1900} INFO - Created Permission View: can read on DAG:example_branch_datetime_operator_2
[2024-11-05T00:54:37.795+0000] {logging_mixin.py:190} INFO - [2024-11-05T00:54:37.794+0000] {override.py:1900} INFO - Created Permission View: can delete on DAG:example_branch_datetime_operator_2
[2024-11-05T00:54:37.818+0000] {logging_mixin.py:190} INFO - [2024-11-05T00:54:37.817+0000] {override.py:1900} INFO - Created Permission View: menu access on DAG Run:example_branch_datetime_operator_2
[2024-11-05T00:54:37.838+0000] {logging_mixin.py:190} INFO - [2024-11-05T00:54:37.836+0000] {override.py:1900} INFO - Created Permission View: can read on DAG Run:example_branch_datetime_operator_2
[2024-11-05T00:54:37.857+0000] {logging_mixin.py:190} INFO - [2024-11-05T00:54:37.856+0000] {override.py:1900} INFO - Created Permission View: can delete on DAG Run:example_branch_datetime_operator_2
[2024-11-05T00:54:37.872+0000] {logging_mixin.py:190} INFO - [2024-11-05T00:54:37.871+0000] {override.py:1900} INFO - Created Permission View: can create on DAG Run:example_branch_datetime_operator_2
[2024-11-05T00:54:37.873+0000] {logging_mixin.py:190} INFO - [2024-11-05T00:54:37.872+0000] {dag.py:3239} INFO - Sync 3 DAGs
[2024-11-05T00:54:37.914+0000] {logging_mixin.py:190} INFO - [2024-11-05T00:54:37.914+0000] {dag.py:3262} INFO - Creating ORM DAG for example_branch_datetime_operator
[2024-11-05T00:54:37.916+0000] {logging_mixin.py:190} INFO - [2024-11-05T00:54:37.916+0000] {dag.py:3262} INFO - Creating ORM DAG for example_branch_datetime_operator_2
[2024-11-05T00:54:37.918+0000] {logging_mixin.py:190} INFO - [2024-11-05T00:54:37.917+0000] {dag.py:3262} INFO - Creating ORM DAG for example_branch_datetime_operator_3
[2024-11-05T00:54:37.942+0000] {logging_mixin.py:190} INFO - [2024-11-05T00:54:37.941+0000] {dag.py:4180} INFO - Setting next_dagrun for example_branch_datetime_operator to 2024-11-04 00:00:00+00:00, run_after=2024-11-05 00:00:00+00:00
[2024-11-05T00:54:37.947+0000] {logging_mixin.py:190} INFO - [2024-11-05T00:54:37.947+0000] {dag.py:4180} INFO - Setting next_dagrun for example_branch_datetime_operator_2 to 2024-11-04 00:00:00+00:00, run_after=2024-11-05 00:00:00+00:00
[2024-11-05T00:54:37.954+0000] {logging_mixin.py:190} INFO - [2024-11-05T00:54:37.954+0000] {dag.py:4180} INFO - Setting next_dagrun for example_branch_datetime_operator_3 to 2024-11-04 00:00:00+00:00, run_after=2024-11-05 00:00:00+00:00
[2024-11-05T00:54:38.010+0000] {processor.py:208} INFO - Processing /home/airflow/.local/lib/python3.12/site-packages/airflow/example_dags/example_branch_datetime_operator.py took 1.062 seconds
[2024-11-05T00:55:08.797+0000] {processor.py:186} INFO - Started process (PID=163) to work on /home/airflow/.local/lib/python3.12/site-packages/airflow/example_dags/example_branch_datetime_operator.py
[2024-11-05T00:55:08.799+0000] {processor.py:914} INFO - Processing file /home/airflow/.local/lib/python3.12/site-packages/airflow/example_dags/example_branch_datetime_operator.py for tasks to queue
[2024-11-05T00:55:08.804+0000] {logging_mixin.py:190} INFO - [2024-11-05T00:55:08.803+0000] {dagbag.py:588} INFO - Filling up the DagBag from /home/airflow/.local/lib/python3.12/site-packages/airflow/example_dags/example_branch_datetime_operator.py
[2024-11-05T00:55:08.825+0000] {processor.py:925} INFO - DAG(s) 'example_branch_datetime_operator_3', 'example_branch_datetime_operator', 'example_branch_datetime_operator_2' retrieved from /home/airflow/.local/lib/python3.12/site-packages/airflow/example_dags/example_branch_datetime_operator.py
[2024-11-05T00:55:08.879+0000] {logging_mixin.py:190} INFO - [2024-11-05T00:55:08.879+0000] {dag.py:3239} INFO - Sync 3 DAGs
[2024-11-05T00:55:08.940+0000] {logging_mixin.py:190} INFO - [2024-11-05T00:55:08.939+0000] {dag.py:4180} INFO - Setting next_dagrun for example_branch_datetime_operator to 2024-11-04 00:00:00+00:00, run_after=2024-11-05 00:00:00+00:00
[2024-11-05T00:55:08.952+0000] {logging_mixin.py:190} INFO - [2024-11-05T00:55:08.952+0000] {dag.py:4180} INFO - Setting next_dagrun for example_branch_datetime_operator_2 to 2024-11-04 00:00:00+00:00, run_after=2024-11-05 00:00:00+00:00
[2024-11-05T00:55:08.960+0000] {logging_mixin.py:190} INFO - [2024-11-05T00:55:08.959+0000] {dag.py:4180} INFO - Setting next_dagrun for example_branch_datetime_operator_3 to 2024-11-04 00:00:00+00:00, run_after=2024-11-05 00:00:00+00:00
[2024-11-05T00:55:09.002+0000] {processor.py:208} INFO - Processing /home/airflow/.local/lib/python3.12/site-packages/airflow/example_dags/example_branch_datetime_operator.py took 0.216 seconds
[2024-11-05T00:55:39.182+0000] {processor.py:186} INFO - Started process (PID=225) to work on /home/airflow/.local/lib/python3.12/site-packages/airflow/example_dags/example_branch_datetime_operator.py
[2024-11-05T00:55:39.185+0000] {processor.py:914} INFO - Processing file /home/airflow/.local/lib/python3.12/site-packages/airflow/example_dags/example_branch_datetime_operator.py for tasks to queue
[2024-11-05T00:55:39.188+0000] {logging_mixin.py:190} INFO - [2024-11-05T00:55:39.188+0000] {dagbag.py:588} INFO - Filling up the DagBag from /home/airflow/.local/lib/python3.12/site-packages/airflow/example_dags/example_branch_datetime_operator.py
[2024-11-05T00:55:39.208+0000] {processor.py:925} INFO - DAG(s) 'example_branch_datetime_operator_3', 'example_branch_datetime_operator_2', 'example_branch_datetime_operator' retrieved from /home/airflow/.local/lib/python3.12/site-packages/airflow/example_dags/example_branch_datetime_operator.py
[2024-11-05T00:55:39.262+0000] {logging_mixin.py:190} INFO - [2024-11-05T00:55:39.262+0000] {dag.py:3239} INFO - Sync 3 DAGs
[2024-11-05T00:55:39.312+0000] {logging_mixin.py:190} INFO - [2024-11-05T00:55:39.312+0000] {dag.py:4180} INFO - Setting next_dagrun for example_branch_datetime_operator to 2024-11-04 00:00:00+00:00, run_after=2024-11-05 00:00:00+00:00
[2024-11-05T00:55:39.323+0000] {logging_mixin.py:190} INFO - [2024-11-05T00:55:39.323+0000] {dag.py:4180} INFO - Setting next_dagrun for example_branch_datetime_operator_2 to 2024-11-04 00:00:00+00:00, run_after=2024-11-05 00:00:00+00:00
[2024-11-05T00:55:39.329+0000] {logging_mixin.py:190} INFO - [2024-11-05T00:55:39.328+0000] {dag.py:4180} INFO - Setting next_dagrun for example_branch_datetime_operator_3 to 2024-11-04 00:00:00+00:00, run_after=2024-11-05 00:00:00+00:00
[2024-11-05T00:55:39.369+0000] {processor.py:208} INFO - Processing /home/airflow/.local/lib/python3.12/site-packages/airflow/example_dags/example_branch_datetime_operator.py took 0.194 seconds
