[2024-11-05T00:54:35.258+0000] {processor.py:186} INFO - Started process (PID=98) to work on /home/airflow/.local/lib/python3.12/site-packages/airflow/example_dags/example_python_operator.py
[2024-11-05T00:54:35.260+0000] {processor.py:914} INFO - Processing file /home/airflow/.local/lib/python3.12/site-packages/airflow/example_dags/example_python_operator.py for tasks to queue
[2024-11-05T00:54:35.266+0000] {logging_mixin.py:190} INFO - [2024-11-05T00:54:35.266+0000] {dagbag.py:588} INFO - Filling up the DagBag from /home/airflow/.local/lib/python3.12/site-packages/airflow/example_dags/example_python_operator.py
[2024-11-05T00:54:35.312+0000] {processor.py:925} INFO - DAG(s) 'example_python_operator' retrieved from /home/airflow/.local/lib/python3.12/site-packages/airflow/example_dags/example_python_operator.py
[2024-11-05T00:54:35.640+0000] {logging_mixin.py:190} INFO - [2024-11-05T00:54:35.639+0000] {override.py:1900} INFO - Created Permission View: can edit on DAG:example_python_operator
[2024-11-05T00:54:35.692+0000] {logging_mixin.py:190} INFO - [2024-11-05T00:54:35.691+0000] {override.py:1900} INFO - Created Permission View: can read on DAG:example_python_operator
[2024-11-05T00:54:35.722+0000] {logging_mixin.py:190} INFO - [2024-11-05T00:54:35.717+0000] {override.py:1900} INFO - Created Permission View: can delete on DAG:example_python_operator
[2024-11-05T00:54:35.749+0000] {logging_mixin.py:190} INFO - [2024-11-05T00:54:35.748+0000] {override.py:1900} INFO - Created Permission View: menu access on DAG Run:example_python_operator
[2024-11-05T00:54:35.771+0000] {logging_mixin.py:190} INFO - [2024-11-05T00:54:35.770+0000] {override.py:1900} INFO - Created Permission View: can read on DAG Run:example_python_operator
[2024-11-05T00:54:35.792+0000] {logging_mixin.py:190} INFO - [2024-11-05T00:54:35.792+0000] {override.py:1900} INFO - Created Permission View: can delete on DAG Run:example_python_operator
[2024-11-05T00:54:35.822+0000] {logging_mixin.py:190} INFO - [2024-11-05T00:54:35.820+0000] {override.py:1900} INFO - Created Permission View: can create on DAG Run:example_python_operator
[2024-11-05T00:54:35.824+0000] {logging_mixin.py:190} INFO - [2024-11-05T00:54:35.824+0000] {dag.py:3239} INFO - Sync 1 DAGs
[2024-11-05T00:54:35.861+0000] {logging_mixin.py:190} INFO - [2024-11-05T00:54:35.861+0000] {dag.py:3262} INFO - Creating ORM DAG for example_python_operator
[2024-11-05T00:54:35.863+0000] {logging_mixin.py:190} INFO - [2024-11-05T00:54:35.863+0000] {dag.py:4180} INFO - Setting next_dagrun for example_python_operator to None, run_after=None
[2024-11-05T00:54:35.915+0000] {processor.py:208} INFO - Processing /home/airflow/.local/lib/python3.12/site-packages/airflow/example_dags/example_python_operator.py took 0.677 seconds
[2024-11-05T00:55:06.273+0000] {processor.py:186} INFO - Started process (PID=160) to work on /home/airflow/.local/lib/python3.12/site-packages/airflow/example_dags/example_python_operator.py
[2024-11-05T00:55:06.275+0000] {processor.py:914} INFO - Processing file /home/airflow/.local/lib/python3.12/site-packages/airflow/example_dags/example_python_operator.py for tasks to queue
[2024-11-05T00:55:06.281+0000] {logging_mixin.py:190} INFO - [2024-11-05T00:55:06.280+0000] {dagbag.py:588} INFO - Filling up the DagBag from /home/airflow/.local/lib/python3.12/site-packages/airflow/example_dags/example_python_operator.py
[2024-11-05T00:55:06.312+0000] {processor.py:925} INFO - DAG(s) 'example_python_operator' retrieved from /home/airflow/.local/lib/python3.12/site-packages/airflow/example_dags/example_python_operator.py
[2024-11-05T00:55:06.360+0000] {logging_mixin.py:190} INFO - [2024-11-05T00:55:06.360+0000] {dag.py:3239} INFO - Sync 1 DAGs
[2024-11-05T00:55:06.406+0000] {logging_mixin.py:190} INFO - [2024-11-05T00:55:06.405+0000] {dag.py:4180} INFO - Setting next_dagrun for example_python_operator to None, run_after=None
[2024-11-05T00:55:06.467+0000] {processor.py:208} INFO - Processing /home/airflow/.local/lib/python3.12/site-packages/airflow/example_dags/example_python_operator.py took 0.207 seconds
[2024-11-05T00:55:36.667+0000] {processor.py:186} INFO - Started process (PID=222) to work on /home/airflow/.local/lib/python3.12/site-packages/airflow/example_dags/example_python_operator.py
[2024-11-05T00:55:36.671+0000] {processor.py:914} INFO - Processing file /home/airflow/.local/lib/python3.12/site-packages/airflow/example_dags/example_python_operator.py for tasks to queue
[2024-11-05T00:55:36.676+0000] {logging_mixin.py:190} INFO - [2024-11-05T00:55:36.675+0000] {dagbag.py:588} INFO - Filling up the DagBag from /home/airflow/.local/lib/python3.12/site-packages/airflow/example_dags/example_python_operator.py
[2024-11-05T00:55:36.713+0000] {processor.py:925} INFO - DAG(s) 'example_python_operator' retrieved from /home/airflow/.local/lib/python3.12/site-packages/airflow/example_dags/example_python_operator.py
[2024-11-05T00:55:36.775+0000] {logging_mixin.py:190} INFO - [2024-11-05T00:55:36.775+0000] {dag.py:3239} INFO - Sync 1 DAGs
[2024-11-05T00:55:36.813+0000] {logging_mixin.py:190} INFO - [2024-11-05T00:55:36.812+0000] {dag.py:4180} INFO - Setting next_dagrun for example_python_operator to None, run_after=None
[2024-11-05T00:55:36.849+0000] {processor.py:208} INFO - Processing /home/airflow/.local/lib/python3.12/site-packages/airflow/example_dags/example_python_operator.py took 0.201 seconds
