[2024-11-05T00:54:28.469+0000] {processor.py:186} INFO - Started process (PID=80) to work on /home/airflow/.local/lib/python3.12/site-packages/airflow/example_dags/example_workday_timetable.py
[2024-11-05T00:54:28.474+0000] {processor.py:914} INFO - Processing file /home/airflow/.local/lib/python3.12/site-packages/airflow/example_dags/example_workday_timetable.py for tasks to queue
[2024-11-05T00:54:28.485+0000] {logging_mixin.py:190} INFO - [2024-11-05T00:54:28.483+0000] {dagbag.py:588} INFO - Filling up the DagBag from /home/airflow/.local/lib/python3.12/site-packages/airflow/example_dags/example_workday_timetable.py
[2024-11-05T00:54:28.513+0000] {processor.py:925} INFO - DAG(s) 'example_workday_timetable' retrieved from /home/airflow/.local/lib/python3.12/site-packages/airflow/example_dags/example_workday_timetable.py
[2024-11-05T00:54:28.942+0000] {logging_mixin.py:190} INFO - [2024-11-05T00:54:28.940+0000] {override.py:1900} INFO - Created Permission View: can edit on DAG:example_workday_timetable
[2024-11-05T00:54:28.981+0000] {logging_mixin.py:190} INFO - [2024-11-05T00:54:28.981+0000] {override.py:1900} INFO - Created Permission View: can read on DAG:example_workday_timetable
[2024-11-05T00:54:29.006+0000] {logging_mixin.py:190} INFO - [2024-11-05T00:54:29.006+0000] {override.py:1900} INFO - Created Permission View: can delete on DAG:example_workday_timetable
[2024-11-05T00:54:29.042+0000] {logging_mixin.py:190} INFO - [2024-11-05T00:54:29.042+0000] {override.py:1900} INFO - Created Permission View: menu access on DAG Run:example_workday_timetable
[2024-11-05T00:54:29.074+0000] {logging_mixin.py:190} INFO - [2024-11-05T00:54:29.073+0000] {override.py:1900} INFO - Created Permission View: can read on DAG Run:example_workday_timetable
[2024-11-05T00:54:29.100+0000] {logging_mixin.py:190} INFO - [2024-11-05T00:54:29.100+0000] {override.py:1900} INFO - Created Permission View: can delete on DAG Run:example_workday_timetable
[2024-11-05T00:54:29.128+0000] {logging_mixin.py:190} INFO - [2024-11-05T00:54:29.128+0000] {override.py:1900} INFO - Created Permission View: can create on DAG Run:example_workday_timetable
[2024-11-05T00:54:29.130+0000] {logging_mixin.py:190} INFO - [2024-11-05T00:54:29.129+0000] {dag.py:3239} INFO - Sync 1 DAGs
[2024-11-05T00:54:29.176+0000] {logging_mixin.py:190} INFO - [2024-11-05T00:54:29.172+0000] {dag.py:3262} INFO - Creating ORM DAG for example_workday_timetable
[2024-11-05T00:54:29.361+0000] {logging_mixin.py:190} INFO - [2024-11-05T00:54:29.358+0000] {dag.py:4180} INFO - Setting next_dagrun for example_workday_timetable to 2021-01-04 00:00:00+00:00, run_after=2021-01-05 00:00:00+00:00
[2024-11-05T00:54:29.424+0000] {processor.py:208} INFO - Processing /home/airflow/.local/lib/python3.12/site-packages/airflow/example_dags/example_workday_timetable.py took 0.969 seconds
[2024-11-05T00:54:59.523+0000] {processor.py:186} INFO - Started process (PID=141) to work on /home/airflow/.local/lib/python3.12/site-packages/airflow/example_dags/example_workday_timetable.py
[2024-11-05T00:54:59.525+0000] {processor.py:914} INFO - Processing file /home/airflow/.local/lib/python3.12/site-packages/airflow/example_dags/example_workday_timetable.py for tasks to queue
[2024-11-05T00:54:59.530+0000] {logging_mixin.py:190} INFO - [2024-11-05T00:54:59.529+0000] {dagbag.py:588} INFO - Filling up the DagBag from /home/airflow/.local/lib/python3.12/site-packages/airflow/example_dags/example_workday_timetable.py
[2024-11-05T00:54:59.542+0000] {processor.py:925} INFO - DAG(s) 'example_workday_timetable' retrieved from /home/airflow/.local/lib/python3.12/site-packages/airflow/example_dags/example_workday_timetable.py
[2024-11-05T00:54:59.587+0000] {logging_mixin.py:190} INFO - [2024-11-05T00:54:59.587+0000] {dag.py:3239} INFO - Sync 1 DAGs
[2024-11-05T00:54:59.752+0000] {logging_mixin.py:190} INFO - [2024-11-05T00:54:59.752+0000] {dag.py:4180} INFO - Setting next_dagrun for example_workday_timetable to 2021-01-04 00:00:00+00:00, run_after=2021-01-05 00:00:00+00:00
[2024-11-05T00:54:59.790+0000] {processor.py:208} INFO - Processing /home/airflow/.local/lib/python3.12/site-packages/airflow/example_dags/example_workday_timetable.py took 0.279 seconds
[2024-11-05T00:55:29.994+0000] {processor.py:186} INFO - Started process (PID=203) to work on /home/airflow/.local/lib/python3.12/site-packages/airflow/example_dags/example_workday_timetable.py
[2024-11-05T00:55:29.998+0000] {processor.py:914} INFO - Processing file /home/airflow/.local/lib/python3.12/site-packages/airflow/example_dags/example_workday_timetable.py for tasks to queue
[2024-11-05T00:55:30.010+0000] {logging_mixin.py:190} INFO - [2024-11-05T00:55:30.010+0000] {dagbag.py:588} INFO - Filling up the DagBag from /home/airflow/.local/lib/python3.12/site-packages/airflow/example_dags/example_workday_timetable.py
[2024-11-05T00:55:30.032+0000] {processor.py:925} INFO - DAG(s) 'example_workday_timetable' retrieved from /home/airflow/.local/lib/python3.12/site-packages/airflow/example_dags/example_workday_timetable.py
[2024-11-05T00:55:30.128+0000] {logging_mixin.py:190} INFO - [2024-11-05T00:55:30.127+0000] {dag.py:3239} INFO - Sync 1 DAGs
[2024-11-05T00:55:30.382+0000] {logging_mixin.py:190} INFO - [2024-11-05T00:55:30.381+0000] {dag.py:4180} INFO - Setting next_dagrun for example_workday_timetable to 2021-01-04 00:00:00+00:00, run_after=2021-01-05 00:00:00+00:00
[2024-11-05T00:55:30.450+0000] {processor.py:208} INFO - Processing /home/airflow/.local/lib/python3.12/site-packages/airflow/example_dags/example_workday_timetable.py took 0.478 seconds
[2024-11-05T00:56:00.997+0000] {processor.py:186} INFO - Started process (PID=265) to work on /home/airflow/.local/lib/python3.12/site-packages/airflow/example_dags/example_workday_timetable.py
[2024-11-05T00:56:01.009+0000] {processor.py:914} INFO - Processing file /home/airflow/.local/lib/python3.12/site-packages/airflow/example_dags/example_workday_timetable.py for tasks to queue
[2024-11-05T00:56:01.013+0000] {logging_mixin.py:190} INFO - [2024-11-05T00:56:01.012+0000] {dagbag.py:588} INFO - Filling up the DagBag from /home/airflow/.local/lib/python3.12/site-packages/airflow/example_dags/example_workday_timetable.py
[2024-11-05T00:56:01.024+0000] {processor.py:925} INFO - DAG(s) 'example_workday_timetable' retrieved from /home/airflow/.local/lib/python3.12/site-packages/airflow/example_dags/example_workday_timetable.py
[2024-11-05T00:56:01.060+0000] {logging_mixin.py:190} INFO - [2024-11-05T00:56:01.059+0000] {dag.py:3239} INFO - Sync 1 DAGs
[2024-11-05T00:56:01.241+0000] {logging_mixin.py:190} INFO - [2024-11-05T00:56:01.240+0000] {dag.py:4180} INFO - Setting next_dagrun for example_workday_timetable to 2021-01-04 00:00:00+00:00, run_after=2021-01-05 00:00:00+00:00
[2024-11-05T00:56:01.283+0000] {processor.py:208} INFO - Processing /home/airflow/.local/lib/python3.12/site-packages/airflow/example_dags/example_workday_timetable.py took 0.298 seconds
