[2024-11-05T00:54:30.477+0000] {processor.py:186} INFO - Started process (PID=89) to work on /home/airflow/.local/lib/python3.12/site-packages/airflow/example_dags/example_sensors.py
[2024-11-05T00:54:30.479+0000] {processor.py:914} INFO - Processing file /home/airflow/.local/lib/python3.12/site-packages/airflow/example_dags/example_sensors.py for tasks to queue
[2024-11-05T00:54:30.487+0000] {logging_mixin.py:190} INFO - [2024-11-05T00:54:30.486+0000] {dagbag.py:588} INFO - Filling up the DagBag from /home/airflow/.local/lib/python3.12/site-packages/airflow/example_dags/example_sensors.py
[2024-11-05T00:54:30.532+0000] {processor.py:925} INFO - DAG(s) 'example_sensors' retrieved from /home/airflow/.local/lib/python3.12/site-packages/airflow/example_dags/example_sensors.py
[2024-11-05T00:54:30.943+0000] {logging_mixin.py:190} INFO - [2024-11-05T00:54:30.942+0000] {override.py:1900} INFO - Created Permission View: can edit on DAG:example_sensors
[2024-11-05T00:54:30.990+0000] {logging_mixin.py:190} INFO - [2024-11-05T00:54:30.988+0000] {override.py:1900} INFO - Created Permission View: can read on DAG:example_sensors
[2024-11-05T00:54:31.029+0000] {logging_mixin.py:190} INFO - [2024-11-05T00:54:31.029+0000] {override.py:1900} INFO - Created Permission View: can delete on DAG:example_sensors
[2024-11-05T00:54:31.052+0000] {logging_mixin.py:190} INFO - [2024-11-05T00:54:31.052+0000] {override.py:1900} INFO - Created Permission View: menu access on DAG Run:example_sensors
[2024-11-05T00:54:31.077+0000] {logging_mixin.py:190} INFO - [2024-11-05T00:54:31.076+0000] {override.py:1900} INFO - Created Permission View: can read on DAG Run:example_sensors
[2024-11-05T00:54:31.108+0000] {logging_mixin.py:190} INFO - [2024-11-05T00:54:31.108+0000] {override.py:1900} INFO - Created Permission View: can delete on DAG Run:example_sensors
[2024-11-05T00:54:31.132+0000] {logging_mixin.py:190} INFO - [2024-11-05T00:54:31.131+0000] {override.py:1900} INFO - Created Permission View: can create on DAG Run:example_sensors
[2024-11-05T00:54:31.137+0000] {logging_mixin.py:190} INFO - [2024-11-05T00:54:31.136+0000] {dag.py:3239} INFO - Sync 1 DAGs
[2024-11-05T00:54:31.193+0000] {logging_mixin.py:190} INFO - [2024-11-05T00:54:31.192+0000] {dag.py:3262} INFO - Creating ORM DAG for example_sensors
[2024-11-05T00:54:31.208+0000] {logging_mixin.py:190} INFO - [2024-11-05T00:54:31.208+0000] {dag.py:4180} INFO - Setting next_dagrun for example_sensors to None, run_after=None
[2024-11-05T00:54:31.293+0000] {processor.py:208} INFO - Processing /home/airflow/.local/lib/python3.12/site-packages/airflow/example_dags/example_sensors.py took 0.836 seconds
[2024-11-05T00:55:02.041+0000] {processor.py:186} INFO - Started process (PID=151) to work on /home/airflow/.local/lib/python3.12/site-packages/airflow/example_dags/example_sensors.py
[2024-11-05T00:55:02.043+0000] {processor.py:914} INFO - Processing file /home/airflow/.local/lib/python3.12/site-packages/airflow/example_dags/example_sensors.py for tasks to queue
[2024-11-05T00:55:02.047+0000] {logging_mixin.py:190} INFO - [2024-11-05T00:55:02.047+0000] {dagbag.py:588} INFO - Filling up the DagBag from /home/airflow/.local/lib/python3.12/site-packages/airflow/example_dags/example_sensors.py
[2024-11-05T00:55:02.067+0000] {processor.py:925} INFO - DAG(s) 'example_sensors' retrieved from /home/airflow/.local/lib/python3.12/site-packages/airflow/example_dags/example_sensors.py
[2024-11-05T00:55:02.112+0000] {logging_mixin.py:190} INFO - [2024-11-05T00:55:02.112+0000] {dag.py:3239} INFO - Sync 1 DAGs
[2024-11-05T00:55:02.136+0000] {logging_mixin.py:190} INFO - [2024-11-05T00:55:02.136+0000] {dag.py:4180} INFO - Setting next_dagrun for example_sensors to None, run_after=None
[2024-11-05T00:55:02.173+0000] {processor.py:208} INFO - Processing /home/airflow/.local/lib/python3.12/site-packages/airflow/example_dags/example_sensors.py took 0.142 seconds
[2024-11-05T00:55:32.328+0000] {processor.py:186} INFO - Started process (PID=213) to work on /home/airflow/.local/lib/python3.12/site-packages/airflow/example_dags/example_sensors.py
[2024-11-05T00:55:32.330+0000] {processor.py:914} INFO - Processing file /home/airflow/.local/lib/python3.12/site-packages/airflow/example_dags/example_sensors.py for tasks to queue
[2024-11-05T00:55:32.337+0000] {logging_mixin.py:190} INFO - [2024-11-05T00:55:32.335+0000] {dagbag.py:588} INFO - Filling up the DagBag from /home/airflow/.local/lib/python3.12/site-packages/airflow/example_dags/example_sensors.py
[2024-11-05T00:55:32.377+0000] {processor.py:925} INFO - DAG(s) 'example_sensors' retrieved from /home/airflow/.local/lib/python3.12/site-packages/airflow/example_dags/example_sensors.py
[2024-11-05T00:55:32.485+0000] {logging_mixin.py:190} INFO - [2024-11-05T00:55:32.484+0000] {dag.py:3239} INFO - Sync 1 DAGs
[2024-11-05T00:55:32.538+0000] {logging_mixin.py:190} INFO - [2024-11-05T00:55:32.538+0000] {dag.py:4180} INFO - Setting next_dagrun for example_sensors to None, run_after=None
[2024-11-05T00:55:32.623+0000] {processor.py:208} INFO - Processing /home/airflow/.local/lib/python3.12/site-packages/airflow/example_dags/example_sensors.py took 0.316 seconds
[2024-11-05T00:56:02.940+0000] {processor.py:186} INFO - Started process (PID=269) to work on /home/airflow/.local/lib/python3.12/site-packages/airflow/example_dags/example_sensors.py
[2024-11-05T00:56:02.942+0000] {processor.py:914} INFO - Processing file /home/airflow/.local/lib/python3.12/site-packages/airflow/example_dags/example_sensors.py for tasks to queue
[2024-11-05T00:56:02.947+0000] {logging_mixin.py:190} INFO - [2024-11-05T00:56:02.946+0000] {dagbag.py:588} INFO - Filling up the DagBag from /home/airflow/.local/lib/python3.12/site-packages/airflow/example_dags/example_sensors.py
[2024-11-05T00:56:02.967+0000] {processor.py:925} INFO - DAG(s) 'example_sensors' retrieved from /home/airflow/.local/lib/python3.12/site-packages/airflow/example_dags/example_sensors.py
[2024-11-05T00:56:03.019+0000] {logging_mixin.py:190} INFO - [2024-11-05T00:56:03.018+0000] {dag.py:3239} INFO - Sync 1 DAGs
[2024-11-05T00:56:03.049+0000] {logging_mixin.py:190} INFO - [2024-11-05T00:56:03.049+0000] {dag.py:4180} INFO - Setting next_dagrun for example_sensors to None, run_after=None
[2024-11-05T00:56:03.091+0000] {processor.py:208} INFO - Processing /home/airflow/.local/lib/python3.12/site-packages/airflow/example_dags/example_sensors.py took 0.163 seconds
