[2024-11-05T00:54:41.217+0000] {processor.py:186} INFO - Started process (PID=111) to work on /home/airflow/.local/lib/python3.12/site-packages/airflow/example_dags/example_branch_day_of_week_operator.py
[2024-11-05T00:54:41.219+0000] {processor.py:914} INFO - Processing file /home/airflow/.local/lib/python3.12/site-packages/airflow/example_dags/example_branch_day_of_week_operator.py for tasks to queue
[2024-11-05T00:54:41.224+0000] {logging_mixin.py:190} INFO - [2024-11-05T00:54:41.223+0000] {dagbag.py:588} INFO - Filling up the DagBag from /home/airflow/.local/lib/python3.12/site-packages/airflow/example_dags/example_branch_day_of_week_operator.py
[2024-11-05T00:54:41.256+0000] {processor.py:925} INFO - DAG(s) 'example_weekday_branch_operator' retrieved from /home/airflow/.local/lib/python3.12/site-packages/airflow/example_dags/example_branch_day_of_week_operator.py
[2024-11-05T00:54:41.558+0000] {logging_mixin.py:190} INFO - [2024-11-05T00:54:41.556+0000] {override.py:1900} INFO - Created Permission View: can edit on DAG:example_weekday_branch_operator
[2024-11-05T00:54:41.596+0000] {logging_mixin.py:190} INFO - [2024-11-05T00:54:41.595+0000] {override.py:1900} INFO - Created Permission View: can read on DAG:example_weekday_branch_operator
[2024-11-05T00:54:41.609+0000] {logging_mixin.py:190} INFO - [2024-11-05T00:54:41.609+0000] {override.py:1900} INFO - Created Permission View: can delete on DAG:example_weekday_branch_operator
[2024-11-05T00:54:41.632+0000] {logging_mixin.py:190} INFO - [2024-11-05T00:54:41.631+0000] {override.py:1900} INFO - Created Permission View: menu access on DAG Run:example_weekday_branch_operator
[2024-11-05T00:54:41.647+0000] {logging_mixin.py:190} INFO - [2024-11-05T00:54:41.646+0000] {override.py:1900} INFO - Created Permission View: can read on DAG Run:example_weekday_branch_operator
[2024-11-05T00:54:41.661+0000] {logging_mixin.py:190} INFO - [2024-11-05T00:54:41.660+0000] {override.py:1900} INFO - Created Permission View: can delete on DAG Run:example_weekday_branch_operator
[2024-11-05T00:54:41.691+0000] {logging_mixin.py:190} INFO - [2024-11-05T00:54:41.688+0000] {override.py:1900} INFO - Created Permission View: can create on DAG Run:example_weekday_branch_operator
[2024-11-05T00:54:41.694+0000] {logging_mixin.py:190} INFO - [2024-11-05T00:54:41.694+0000] {dag.py:3239} INFO - Sync 1 DAGs
[2024-11-05T00:54:41.732+0000] {logging_mixin.py:190} INFO - [2024-11-05T00:54:41.731+0000] {dag.py:3262} INFO - Creating ORM DAG for example_weekday_branch_operator
[2024-11-05T00:54:41.759+0000] {logging_mixin.py:190} INFO - [2024-11-05T00:54:41.758+0000] {dag.py:4180} INFO - Setting next_dagrun for example_weekday_branch_operator to 2024-11-04 00:00:00+00:00, run_after=2024-11-05 00:00:00+00:00
[2024-11-05T00:54:41.813+0000] {processor.py:208} INFO - Processing /home/airflow/.local/lib/python3.12/site-packages/airflow/example_dags/example_branch_day_of_week_operator.py took 0.612 seconds
[2024-11-05T00:55:12.342+0000] {processor.py:186} INFO - Started process (PID=173) to work on /home/airflow/.local/lib/python3.12/site-packages/airflow/example_dags/example_branch_day_of_week_operator.py
[2024-11-05T00:55:12.345+0000] {processor.py:914} INFO - Processing file /home/airflow/.local/lib/python3.12/site-packages/airflow/example_dags/example_branch_day_of_week_operator.py for tasks to queue
[2024-11-05T00:55:12.350+0000] {logging_mixin.py:190} INFO - [2024-11-05T00:55:12.349+0000] {dagbag.py:588} INFO - Filling up the DagBag from /home/airflow/.local/lib/python3.12/site-packages/airflow/example_dags/example_branch_day_of_week_operator.py
[2024-11-05T00:55:12.373+0000] {processor.py:925} INFO - DAG(s) 'example_weekday_branch_operator' retrieved from /home/airflow/.local/lib/python3.12/site-packages/airflow/example_dags/example_branch_day_of_week_operator.py
[2024-11-05T00:55:12.418+0000] {logging_mixin.py:190} INFO - [2024-11-05T00:55:12.418+0000] {dag.py:3239} INFO - Sync 1 DAGs
[2024-11-05T00:55:12.470+0000] {logging_mixin.py:190} INFO - [2024-11-05T00:55:12.470+0000] {dag.py:4180} INFO - Setting next_dagrun for example_weekday_branch_operator to 2024-11-04 00:00:00+00:00, run_after=2024-11-05 00:00:00+00:00
[2024-11-05T00:55:12.521+0000] {processor.py:208} INFO - Processing /home/airflow/.local/lib/python3.12/site-packages/airflow/example_dags/example_branch_day_of_week_operator.py took 0.192 seconds
[2024-11-05T00:55:43.293+0000] {processor.py:186} INFO - Started process (PID=235) to work on /home/airflow/.local/lib/python3.12/site-packages/airflow/example_dags/example_branch_day_of_week_operator.py
[2024-11-05T00:55:43.298+0000] {processor.py:914} INFO - Processing file /home/airflow/.local/lib/python3.12/site-packages/airflow/example_dags/example_branch_day_of_week_operator.py for tasks to queue
[2024-11-05T00:55:43.303+0000] {logging_mixin.py:190} INFO - [2024-11-05T00:55:43.303+0000] {dagbag.py:588} INFO - Filling up the DagBag from /home/airflow/.local/lib/python3.12/site-packages/airflow/example_dags/example_branch_day_of_week_operator.py
[2024-11-05T00:55:43.327+0000] {processor.py:925} INFO - DAG(s) 'example_weekday_branch_operator' retrieved from /home/airflow/.local/lib/python3.12/site-packages/airflow/example_dags/example_branch_day_of_week_operator.py
[2024-11-05T00:55:43.373+0000] {logging_mixin.py:190} INFO - [2024-11-05T00:55:43.373+0000] {dag.py:3239} INFO - Sync 1 DAGs
[2024-11-05T00:55:43.421+0000] {logging_mixin.py:190} INFO - [2024-11-05T00:55:43.421+0000] {dag.py:4180} INFO - Setting next_dagrun for example_weekday_branch_operator to 2024-11-04 00:00:00+00:00, run_after=2024-11-05 00:00:00+00:00
[2024-11-05T00:55:43.461+0000] {processor.py:208} INFO - Processing /home/airflow/.local/lib/python3.12/site-packages/airflow/example_dags/example_branch_day_of_week_operator.py took 0.190 seconds
