[2024-11-05T00:54:39.675+0000] {processor.py:186} INFO - Started process (PID=108) to work on /home/airflow/.local/lib/python3.12/site-packages/airflow/example_dags/example_trigger_controller_dag.py
[2024-11-05T00:54:39.677+0000] {processor.py:914} INFO - Processing file /home/airflow/.local/lib/python3.12/site-packages/airflow/example_dags/example_trigger_controller_dag.py for tasks to queue
[2024-11-05T00:54:39.685+0000] {logging_mixin.py:190} INFO - [2024-11-05T00:54:39.682+0000] {dagbag.py:588} INFO - Filling up the DagBag from /home/airflow/.local/lib/python3.12/site-packages/airflow/example_dags/example_trigger_controller_dag.py
[2024-11-05T00:54:39.708+0000] {processor.py:925} INFO - DAG(s) 'example_trigger_controller_dag' retrieved from /home/airflow/.local/lib/python3.12/site-packages/airflow/example_dags/example_trigger_controller_dag.py
[2024-11-05T00:54:40.070+0000] {logging_mixin.py:190} INFO - [2024-11-05T00:54:40.068+0000] {override.py:1900} INFO - Created Permission View: can edit on DAG:example_trigger_controller_dag
[2024-11-05T00:54:40.112+0000] {logging_mixin.py:190} INFO - [2024-11-05T00:54:40.111+0000] {override.py:1900} INFO - Created Permission View: can read on DAG:example_trigger_controller_dag
[2024-11-05T00:54:40.133+0000] {logging_mixin.py:190} INFO - [2024-11-05T00:54:40.132+0000] {override.py:1900} INFO - Created Permission View: can delete on DAG:example_trigger_controller_dag
[2024-11-05T00:54:40.158+0000] {logging_mixin.py:190} INFO - [2024-11-05T00:54:40.158+0000] {override.py:1900} INFO - Created Permission View: menu access on DAG Run:example_trigger_controller_dag
[2024-11-05T00:54:40.190+0000] {logging_mixin.py:190} INFO - [2024-11-05T00:54:40.190+0000] {override.py:1900} INFO - Created Permission View: can read on DAG Run:example_trigger_controller_dag
[2024-11-05T00:54:40.222+0000] {logging_mixin.py:190} INFO - [2024-11-05T00:54:40.221+0000] {override.py:1900} INFO - Created Permission View: can delete on DAG Run:example_trigger_controller_dag
[2024-11-05T00:54:40.244+0000] {logging_mixin.py:190} INFO - [2024-11-05T00:54:40.244+0000] {override.py:1900} INFO - Created Permission View: can create on DAG Run:example_trigger_controller_dag
[2024-11-05T00:54:40.248+0000] {logging_mixin.py:190} INFO - [2024-11-05T00:54:40.246+0000] {dag.py:3239} INFO - Sync 1 DAGs
[2024-11-05T00:54:40.297+0000] {logging_mixin.py:190} INFO - [2024-11-05T00:54:40.297+0000] {dag.py:3262} INFO - Creating ORM DAG for example_trigger_controller_dag
[2024-11-05T00:54:40.333+0000] {logging_mixin.py:190} INFO - [2024-11-05T00:54:40.332+0000] {dag.py:4180} INFO - Setting next_dagrun for example_trigger_controller_dag to 2021-01-01 00:00:00+00:00, run_after=2021-01-01 00:00:00+00:00
[2024-11-05T00:54:40.395+0000] {processor.py:208} INFO - Processing /home/airflow/.local/lib/python3.12/site-packages/airflow/example_dags/example_trigger_controller_dag.py took 0.739 seconds
[2024-11-05T00:55:10.589+0000] {processor.py:186} INFO - Started process (PID=169) to work on /home/airflow/.local/lib/python3.12/site-packages/airflow/example_dags/example_trigger_controller_dag.py
[2024-11-05T00:55:10.591+0000] {processor.py:914} INFO - Processing file /home/airflow/.local/lib/python3.12/site-packages/airflow/example_dags/example_trigger_controller_dag.py for tasks to queue
[2024-11-05T00:55:10.596+0000] {logging_mixin.py:190} INFO - [2024-11-05T00:55:10.596+0000] {dagbag.py:588} INFO - Filling up the DagBag from /home/airflow/.local/lib/python3.12/site-packages/airflow/example_dags/example_trigger_controller_dag.py
[2024-11-05T00:55:10.612+0000] {processor.py:925} INFO - DAG(s) 'example_trigger_controller_dag' retrieved from /home/airflow/.local/lib/python3.12/site-packages/airflow/example_dags/example_trigger_controller_dag.py
[2024-11-05T00:55:10.650+0000] {logging_mixin.py:190} INFO - [2024-11-05T00:55:10.650+0000] {dag.py:3239} INFO - Sync 1 DAGs
[2024-11-05T00:55:10.710+0000] {logging_mixin.py:190} INFO - [2024-11-05T00:55:10.709+0000] {dag.py:4180} INFO - Setting next_dagrun for example_trigger_controller_dag to 2021-01-01 00:00:00+00:00, run_after=2021-01-01 00:00:00+00:00
[2024-11-05T00:55:10.757+0000] {processor.py:208} INFO - Processing /home/airflow/.local/lib/python3.12/site-packages/airflow/example_dags/example_trigger_controller_dag.py took 0.184 seconds
[2024-11-05T00:55:41.609+0000] {processor.py:186} INFO - Started process (PID=231) to work on /home/airflow/.local/lib/python3.12/site-packages/airflow/example_dags/example_trigger_controller_dag.py
[2024-11-05T00:55:41.612+0000] {processor.py:914} INFO - Processing file /home/airflow/.local/lib/python3.12/site-packages/airflow/example_dags/example_trigger_controller_dag.py for tasks to queue
[2024-11-05T00:55:41.615+0000] {logging_mixin.py:190} INFO - [2024-11-05T00:55:41.615+0000] {dagbag.py:588} INFO - Filling up the DagBag from /home/airflow/.local/lib/python3.12/site-packages/airflow/example_dags/example_trigger_controller_dag.py
[2024-11-05T00:55:41.625+0000] {processor.py:925} INFO - DAG(s) 'example_trigger_controller_dag' retrieved from /home/airflow/.local/lib/python3.12/site-packages/airflow/example_dags/example_trigger_controller_dag.py
[2024-11-05T00:55:41.653+0000] {logging_mixin.py:190} INFO - [2024-11-05T00:55:41.653+0000] {dag.py:3239} INFO - Sync 1 DAGs
[2024-11-05T00:55:41.685+0000] {logging_mixin.py:190} INFO - [2024-11-05T00:55:41.685+0000] {dag.py:4180} INFO - Setting next_dagrun for example_trigger_controller_dag to 2021-01-01 00:00:00+00:00, run_after=2021-01-01 00:00:00+00:00
[2024-11-05T00:55:41.716+0000] {processor.py:208} INFO - Processing /home/airflow/.local/lib/python3.12/site-packages/airflow/example_dags/example_trigger_controller_dag.py took 0.115 seconds
