[2024-11-05T00:54:27.772+0000] {processor.py:186} INFO - Started process (PID=78) to work on /home/airflow/.local/lib/python3.12/site-packages/airflow/example_dags/example_time_delta_sensor_async.py
[2024-11-05T00:54:27.775+0000] {processor.py:914} INFO - Processing file /home/airflow/.local/lib/python3.12/site-packages/airflow/example_dags/example_time_delta_sensor_async.py for tasks to queue
[2024-11-05T00:54:27.782+0000] {logging_mixin.py:190} INFO - [2024-11-05T00:54:27.781+0000] {dagbag.py:588} INFO - Filling up the DagBag from /home/airflow/.local/lib/python3.12/site-packages/airflow/example_dags/example_time_delta_sensor_async.py
[2024-11-05T00:54:27.803+0000] {processor.py:925} INFO - DAG(s) 'example_time_delta_sensor_async' retrieved from /home/airflow/.local/lib/python3.12/site-packages/airflow/example_dags/example_time_delta_sensor_async.py
[2024-11-05T00:54:28.079+0000] {logging_mixin.py:190} INFO - [2024-11-05T00:54:28.077+0000] {override.py:1900} INFO - Created Permission View: can edit on DAG:example_time_delta_sensor_async
[2024-11-05T00:54:28.122+0000] {logging_mixin.py:190} INFO - [2024-11-05T00:54:28.121+0000] {override.py:1900} INFO - Created Permission View: can read on DAG:example_time_delta_sensor_async
[2024-11-05T00:54:28.158+0000] {logging_mixin.py:190} INFO - [2024-11-05T00:54:28.157+0000] {override.py:1900} INFO - Created Permission View: can delete on DAG:example_time_delta_sensor_async
[2024-11-05T00:54:28.181+0000] {logging_mixin.py:190} INFO - [2024-11-05T00:54:28.180+0000] {override.py:1900} INFO - Created Permission View: menu access on DAG Run:example_time_delta_sensor_async
[2024-11-05T00:54:28.200+0000] {logging_mixin.py:190} INFO - [2024-11-05T00:54:28.199+0000] {override.py:1900} INFO - Created Permission View: can read on DAG Run:example_time_delta_sensor_async
[2024-11-05T00:54:28.219+0000] {logging_mixin.py:190} INFO - [2024-11-05T00:54:28.219+0000] {override.py:1900} INFO - Created Permission View: can delete on DAG Run:example_time_delta_sensor_async
[2024-11-05T00:54:28.243+0000] {logging_mixin.py:190} INFO - [2024-11-05T00:54:28.241+0000] {override.py:1900} INFO - Created Permission View: can create on DAG Run:example_time_delta_sensor_async
[2024-11-05T00:54:28.246+0000] {logging_mixin.py:190} INFO - [2024-11-05T00:54:28.245+0000] {dag.py:3239} INFO - Sync 1 DAGs
[2024-11-05T00:54:28.290+0000] {logging_mixin.py:190} INFO - [2024-11-05T00:54:28.289+0000] {dag.py:3262} INFO - Creating ORM DAG for example_time_delta_sensor_async
[2024-11-05T00:54:28.294+0000] {logging_mixin.py:190} INFO - [2024-11-05T00:54:28.293+0000] {dag.py:4180} INFO - Setting next_dagrun for example_time_delta_sensor_async to None, run_after=None
[2024-11-05T00:54:28.359+0000] {processor.py:208} INFO - Processing /home/airflow/.local/lib/python3.12/site-packages/airflow/example_dags/example_time_delta_sensor_async.py took 0.603 seconds
[2024-11-05T00:54:58.517+0000] {processor.py:186} INFO - Started process (PID=139) to work on /home/airflow/.local/lib/python3.12/site-packages/airflow/example_dags/example_time_delta_sensor_async.py
[2024-11-05T00:54:58.519+0000] {processor.py:914} INFO - Processing file /home/airflow/.local/lib/python3.12/site-packages/airflow/example_dags/example_time_delta_sensor_async.py for tasks to queue
[2024-11-05T00:54:58.524+0000] {logging_mixin.py:190} INFO - [2024-11-05T00:54:58.523+0000] {dagbag.py:588} INFO - Filling up the DagBag from /home/airflow/.local/lib/python3.12/site-packages/airflow/example_dags/example_time_delta_sensor_async.py
[2024-11-05T00:54:58.538+0000] {processor.py:925} INFO - DAG(s) 'example_time_delta_sensor_async' retrieved from /home/airflow/.local/lib/python3.12/site-packages/airflow/example_dags/example_time_delta_sensor_async.py
[2024-11-05T00:54:58.579+0000] {logging_mixin.py:190} INFO - [2024-11-05T00:54:58.578+0000] {dag.py:3239} INFO - Sync 1 DAGs
[2024-11-05T00:54:58.620+0000] {logging_mixin.py:190} INFO - [2024-11-05T00:54:58.620+0000] {dag.py:4180} INFO - Setting next_dagrun for example_time_delta_sensor_async to None, run_after=None
[2024-11-05T00:54:58.665+0000] {processor.py:208} INFO - Processing /home/airflow/.local/lib/python3.12/site-packages/airflow/example_dags/example_time_delta_sensor_async.py took 0.161 seconds
[2024-11-05T00:55:28.954+0000] {processor.py:186} INFO - Started process (PID=201) to work on /home/airflow/.local/lib/python3.12/site-packages/airflow/example_dags/example_time_delta_sensor_async.py
[2024-11-05T00:55:28.956+0000] {processor.py:914} INFO - Processing file /home/airflow/.local/lib/python3.12/site-packages/airflow/example_dags/example_time_delta_sensor_async.py for tasks to queue
[2024-11-05T00:55:28.967+0000] {logging_mixin.py:190} INFO - [2024-11-05T00:55:28.965+0000] {dagbag.py:588} INFO - Filling up the DagBag from /home/airflow/.local/lib/python3.12/site-packages/airflow/example_dags/example_time_delta_sensor_async.py
[2024-11-05T00:55:28.989+0000] {processor.py:925} INFO - DAG(s) 'example_time_delta_sensor_async' retrieved from /home/airflow/.local/lib/python3.12/site-packages/airflow/example_dags/example_time_delta_sensor_async.py
[2024-11-05T00:55:29.036+0000] {logging_mixin.py:190} INFO - [2024-11-05T00:55:29.036+0000] {dag.py:3239} INFO - Sync 1 DAGs
[2024-11-05T00:55:29.080+0000] {logging_mixin.py:190} INFO - [2024-11-05T00:55:29.080+0000] {dag.py:4180} INFO - Setting next_dagrun for example_time_delta_sensor_async to None, run_after=None
[2024-11-05T00:55:29.155+0000] {processor.py:208} INFO - Processing /home/airflow/.local/lib/python3.12/site-packages/airflow/example_dags/example_time_delta_sensor_async.py took 0.220 seconds
[2024-11-05T00:55:59.776+0000] {processor.py:186} INFO - Started process (PID=263) to work on /home/airflow/.local/lib/python3.12/site-packages/airflow/example_dags/example_time_delta_sensor_async.py
[2024-11-05T00:55:59.782+0000] {processor.py:914} INFO - Processing file /home/airflow/.local/lib/python3.12/site-packages/airflow/example_dags/example_time_delta_sensor_async.py for tasks to queue
[2024-11-05T00:55:59.787+0000] {logging_mixin.py:190} INFO - [2024-11-05T00:55:59.786+0000] {dagbag.py:588} INFO - Filling up the DagBag from /home/airflow/.local/lib/python3.12/site-packages/airflow/example_dags/example_time_delta_sensor_async.py
[2024-11-05T00:55:59.798+0000] {processor.py:925} INFO - DAG(s) 'example_time_delta_sensor_async' retrieved from /home/airflow/.local/lib/python3.12/site-packages/airflow/example_dags/example_time_delta_sensor_async.py
[2024-11-05T00:55:59.833+0000] {logging_mixin.py:190} INFO - [2024-11-05T00:55:59.832+0000] {dag.py:3239} INFO - Sync 1 DAGs
[2024-11-05T00:55:59.874+0000] {logging_mixin.py:190} INFO - [2024-11-05T00:55:59.874+0000] {dag.py:4180} INFO - Setting next_dagrun for example_time_delta_sensor_async to None, run_after=None
[2024-11-05T00:55:59.920+0000] {processor.py:208} INFO - Processing /home/airflow/.local/lib/python3.12/site-packages/airflow/example_dags/example_time_delta_sensor_async.py took 0.154 seconds
