[2024-11-05T00:54:32.736+0000] {processor.py:186} INFO - Started process (PID=92) to work on /home/airflow/.local/lib/python3.12/site-packages/airflow/example_dags/example_external_task_marker_dag.py
[2024-11-05T00:54:32.737+0000] {processor.py:914} INFO - Processing file /home/airflow/.local/lib/python3.12/site-packages/airflow/example_dags/example_external_task_marker_dag.py for tasks to queue
[2024-11-05T00:54:32.750+0000] {logging_mixin.py:190} INFO - [2024-11-05T00:54:32.749+0000] {dagbag.py:588} INFO - Filling up the DagBag from /home/airflow/.local/lib/python3.12/site-packages/airflow/example_dags/example_external_task_marker_dag.py
[2024-11-05T00:54:32.771+0000] {processor.py:925} INFO - DAG(s) 'example_external_task_marker_child', 'example_external_task_marker_parent' retrieved from /home/airflow/.local/lib/python3.12/site-packages/airflow/example_dags/example_external_task_marker_dag.py
[2024-11-05T00:54:33.079+0000] {logging_mixin.py:190} INFO - [2024-11-05T00:54:33.077+0000] {override.py:1900} INFO - Created Permission View: can edit on DAG:example_external_task_marker_child
[2024-11-05T00:54:33.123+0000] {logging_mixin.py:190} INFO - [2024-11-05T00:54:33.122+0000] {override.py:1900} INFO - Created Permission View: can read on DAG:example_external_task_marker_child
[2024-11-05T00:54:33.144+0000] {logging_mixin.py:190} INFO - [2024-11-05T00:54:33.143+0000] {override.py:1900} INFO - Created Permission View: can delete on DAG:example_external_task_marker_child
[2024-11-05T00:54:33.161+0000] {logging_mixin.py:190} INFO - [2024-11-05T00:54:33.160+0000] {override.py:1900} INFO - Created Permission View: menu access on DAG Run:example_external_task_marker_child
[2024-11-05T00:54:33.176+0000] {logging_mixin.py:190} INFO - [2024-11-05T00:54:33.175+0000] {override.py:1900} INFO - Created Permission View: can read on DAG Run:example_external_task_marker_child
[2024-11-05T00:54:33.199+0000] {logging_mixin.py:190} INFO - [2024-11-05T00:54:33.199+0000] {override.py:1900} INFO - Created Permission View: can delete on DAG Run:example_external_task_marker_child
[2024-11-05T00:54:33.222+0000] {logging_mixin.py:190} INFO - [2024-11-05T00:54:33.221+0000] {override.py:1900} INFO - Created Permission View: can create on DAG Run:example_external_task_marker_child
[2024-11-05T00:54:33.285+0000] {logging_mixin.py:190} INFO - [2024-11-05T00:54:33.284+0000] {override.py:1900} INFO - Created Permission View: can edit on DAG:example_external_task_marker_parent
[2024-11-05T00:54:33.315+0000] {logging_mixin.py:190} INFO - [2024-11-05T00:54:33.314+0000] {override.py:1900} INFO - Created Permission View: can read on DAG:example_external_task_marker_parent
[2024-11-05T00:54:33.334+0000] {logging_mixin.py:190} INFO - [2024-11-05T00:54:33.332+0000] {override.py:1900} INFO - Created Permission View: can delete on DAG:example_external_task_marker_parent
[2024-11-05T00:54:33.355+0000] {logging_mixin.py:190} INFO - [2024-11-05T00:54:33.353+0000] {override.py:1900} INFO - Created Permission View: menu access on DAG Run:example_external_task_marker_parent
[2024-11-05T00:54:33.378+0000] {logging_mixin.py:190} INFO - [2024-11-05T00:54:33.378+0000] {override.py:1900} INFO - Created Permission View: can read on DAG Run:example_external_task_marker_parent
[2024-11-05T00:54:33.406+0000] {logging_mixin.py:190} INFO - [2024-11-05T00:54:33.404+0000] {override.py:1900} INFO - Created Permission View: can delete on DAG Run:example_external_task_marker_parent
[2024-11-05T00:54:33.430+0000] {logging_mixin.py:190} INFO - [2024-11-05T00:54:33.428+0000] {override.py:1900} INFO - Created Permission View: can create on DAG Run:example_external_task_marker_parent
[2024-11-05T00:54:33.434+0000] {logging_mixin.py:190} INFO - [2024-11-05T00:54:33.433+0000] {dag.py:3239} INFO - Sync 2 DAGs
[2024-11-05T00:54:33.477+0000] {logging_mixin.py:190} INFO - [2024-11-05T00:54:33.477+0000] {dag.py:3262} INFO - Creating ORM DAG for example_external_task_marker_parent
[2024-11-05T00:54:33.484+0000] {logging_mixin.py:190} INFO - [2024-11-05T00:54:33.483+0000] {dag.py:3262} INFO - Creating ORM DAG for example_external_task_marker_child
[2024-11-05T00:54:33.490+0000] {logging_mixin.py:190} INFO - [2024-11-05T00:54:33.489+0000] {dag.py:4180} INFO - Setting next_dagrun for example_external_task_marker_child to None, run_after=None
[2024-11-05T00:54:33.495+0000] {logging_mixin.py:190} INFO - [2024-11-05T00:54:33.494+0000] {dag.py:4180} INFO - Setting next_dagrun for example_external_task_marker_parent to None, run_after=None
[2024-11-05T00:54:33.570+0000] {processor.py:208} INFO - Processing /home/airflow/.local/lib/python3.12/site-packages/airflow/example_dags/example_external_task_marker_dag.py took 0.843 seconds
[2024-11-05T00:55:03.757+0000] {processor.py:186} INFO - Started process (PID=154) to work on /home/airflow/.local/lib/python3.12/site-packages/airflow/example_dags/example_external_task_marker_dag.py
[2024-11-05T00:55:03.759+0000] {processor.py:914} INFO - Processing file /home/airflow/.local/lib/python3.12/site-packages/airflow/example_dags/example_external_task_marker_dag.py for tasks to queue
[2024-11-05T00:55:03.763+0000] {logging_mixin.py:190} INFO - [2024-11-05T00:55:03.762+0000] {dagbag.py:588} INFO - Filling up the DagBag from /home/airflow/.local/lib/python3.12/site-packages/airflow/example_dags/example_external_task_marker_dag.py
[2024-11-05T00:55:03.777+0000] {processor.py:925} INFO - DAG(s) 'example_external_task_marker_parent', 'example_external_task_marker_child' retrieved from /home/airflow/.local/lib/python3.12/site-packages/airflow/example_dags/example_external_task_marker_dag.py
[2024-11-05T00:55:03.820+0000] {logging_mixin.py:190} INFO - [2024-11-05T00:55:03.820+0000] {dag.py:3239} INFO - Sync 2 DAGs
[2024-11-05T00:55:03.850+0000] {logging_mixin.py:190} INFO - [2024-11-05T00:55:03.849+0000] {dag.py:4180} INFO - Setting next_dagrun for example_external_task_marker_child to None, run_after=None
[2024-11-05T00:55:03.857+0000] {logging_mixin.py:190} INFO - [2024-11-05T00:55:03.857+0000] {dag.py:4180} INFO - Setting next_dagrun for example_external_task_marker_parent to None, run_after=None
[2024-11-05T00:55:03.887+0000] {processor.py:208} INFO - Processing /home/airflow/.local/lib/python3.12/site-packages/airflow/example_dags/example_external_task_marker_dag.py took 0.139 seconds
[2024-11-05T00:55:34.337+0000] {processor.py:186} INFO - Started process (PID=216) to work on /home/airflow/.local/lib/python3.12/site-packages/airflow/example_dags/example_external_task_marker_dag.py
[2024-11-05T00:55:34.342+0000] {processor.py:914} INFO - Processing file /home/airflow/.local/lib/python3.12/site-packages/airflow/example_dags/example_external_task_marker_dag.py for tasks to queue
[2024-11-05T00:55:34.347+0000] {logging_mixin.py:190} INFO - [2024-11-05T00:55:34.346+0000] {dagbag.py:588} INFO - Filling up the DagBag from /home/airflow/.local/lib/python3.12/site-packages/airflow/example_dags/example_external_task_marker_dag.py
[2024-11-05T00:55:34.377+0000] {processor.py:925} INFO - DAG(s) 'example_external_task_marker_parent', 'example_external_task_marker_child' retrieved from /home/airflow/.local/lib/python3.12/site-packages/airflow/example_dags/example_external_task_marker_dag.py
[2024-11-05T00:55:34.427+0000] {logging_mixin.py:190} INFO - [2024-11-05T00:55:34.426+0000] {dag.py:3239} INFO - Sync 2 DAGs
[2024-11-05T00:55:34.465+0000] {logging_mixin.py:190} INFO - [2024-11-05T00:55:34.464+0000] {dag.py:4180} INFO - Setting next_dagrun for example_external_task_marker_child to None, run_after=None
[2024-11-05T00:55:34.475+0000] {logging_mixin.py:190} INFO - [2024-11-05T00:55:34.475+0000] {dag.py:4180} INFO - Setting next_dagrun for example_external_task_marker_parent to None, run_after=None
[2024-11-05T00:55:34.517+0000] {processor.py:208} INFO - Processing /home/airflow/.local/lib/python3.12/site-packages/airflow/example_dags/example_external_task_marker_dag.py took 0.196 seconds
