[2024-11-05T00:54:22.070+0000] {processor.py:186} INFO - Started process (PID=70) to work on /home/airflow/.local/lib/python3.12/site-packages/airflow/example_dags/example_skip_dag.py
[2024-11-05T00:54:22.072+0000] {processor.py:914} INFO - Processing file /home/airflow/.local/lib/python3.12/site-packages/airflow/example_dags/example_skip_dag.py for tasks to queue
[2024-11-05T00:54:22.095+0000] {logging_mixin.py:190} INFO - [2024-11-05T00:54:22.094+0000] {dagbag.py:588} INFO - Filling up the DagBag from /home/airflow/.local/lib/python3.12/site-packages/airflow/example_dags/example_skip_dag.py
[2024-11-05T00:54:22.195+0000] {processor.py:925} INFO - DAG(s) 'example_skip_dag' retrieved from /home/airflow/.local/lib/python3.12/site-packages/airflow/example_dags/example_skip_dag.py
[2024-11-05T00:54:23.010+0000] {logging_mixin.py:190} INFO - [2024-11-05T00:54:23.007+0000] {override.py:1900} INFO - Created Permission View: can edit on DAG:example_skip_dag
[2024-11-05T00:54:23.044+0000] {logging_mixin.py:190} INFO - [2024-11-05T00:54:23.043+0000] {override.py:1900} INFO - Created Permission View: can read on DAG:example_skip_dag
[2024-11-05T00:54:23.068+0000] {logging_mixin.py:190} INFO - [2024-11-05T00:54:23.065+0000] {override.py:1900} INFO - Created Permission View: can delete on DAG:example_skip_dag
[2024-11-05T00:54:23.102+0000] {logging_mixin.py:190} INFO - [2024-11-05T00:54:23.101+0000] {override.py:1900} INFO - Created Permission View: menu access on DAG Run:example_skip_dag
[2024-11-05T00:54:23.141+0000] {logging_mixin.py:190} INFO - [2024-11-05T00:54:23.140+0000] {override.py:1900} INFO - Created Permission View: can read on DAG Run:example_skip_dag
[2024-11-05T00:54:23.182+0000] {logging_mixin.py:190} INFO - [2024-11-05T00:54:23.181+0000] {override.py:1900} INFO - Created Permission View: can delete on DAG Run:example_skip_dag
[2024-11-05T00:54:23.208+0000] {logging_mixin.py:190} INFO - [2024-11-05T00:54:23.207+0000] {override.py:1900} INFO - Created Permission View: can create on DAG Run:example_skip_dag
[2024-11-05T00:54:23.212+0000] {logging_mixin.py:190} INFO - [2024-11-05T00:54:23.212+0000] {dag.py:3239} INFO - Sync 1 DAGs
[2024-11-05T00:54:23.265+0000] {logging_mixin.py:190} INFO - [2024-11-05T00:54:23.264+0000] {dag.py:3262} INFO - Creating ORM DAG for example_skip_dag
[2024-11-05T00:54:23.298+0000] {logging_mixin.py:190} INFO - [2024-11-05T00:54:23.298+0000] {dag.py:4180} INFO - Setting next_dagrun for example_skip_dag to 2024-11-04 00:00:00+00:00, run_after=2024-11-05 00:00:00+00:00
[2024-11-05T00:54:23.352+0000] {processor.py:208} INFO - Processing /home/airflow/.local/lib/python3.12/site-packages/airflow/example_dags/example_skip_dag.py took 1.305 seconds
[2024-11-05T00:54:54.180+0000] {processor.py:186} INFO - Started process (PID=131) to work on /home/airflow/.local/lib/python3.12/site-packages/airflow/example_dags/example_skip_dag.py
[2024-11-05T00:54:54.183+0000] {processor.py:914} INFO - Processing file /home/airflow/.local/lib/python3.12/site-packages/airflow/example_dags/example_skip_dag.py for tasks to queue
[2024-11-05T00:54:54.189+0000] {logging_mixin.py:190} INFO - [2024-11-05T00:54:54.188+0000] {dagbag.py:588} INFO - Filling up the DagBag from /home/airflow/.local/lib/python3.12/site-packages/airflow/example_dags/example_skip_dag.py
[2024-11-05T00:54:54.223+0000] {processor.py:925} INFO - DAG(s) 'example_skip_dag' retrieved from /home/airflow/.local/lib/python3.12/site-packages/airflow/example_dags/example_skip_dag.py
[2024-11-05T00:54:54.307+0000] {logging_mixin.py:190} INFO - [2024-11-05T00:54:54.307+0000] {dag.py:3239} INFO - Sync 1 DAGs
[2024-11-05T00:54:54.375+0000] {logging_mixin.py:190} INFO - [2024-11-05T00:54:54.374+0000] {dag.py:4180} INFO - Setting next_dagrun for example_skip_dag to 2024-11-04 00:00:00+00:00, run_after=2024-11-05 00:00:00+00:00
[2024-11-05T00:54:54.431+0000] {processor.py:208} INFO - Processing /home/airflow/.local/lib/python3.12/site-packages/airflow/example_dags/example_skip_dag.py took 0.265 seconds
[2024-11-05T00:55:25.358+0000] {processor.py:186} INFO - Started process (PID=193) to work on /home/airflow/.local/lib/python3.12/site-packages/airflow/example_dags/example_skip_dag.py
[2024-11-05T00:55:25.360+0000] {processor.py:914} INFO - Processing file /home/airflow/.local/lib/python3.12/site-packages/airflow/example_dags/example_skip_dag.py for tasks to queue
[2024-11-05T00:55:25.365+0000] {logging_mixin.py:190} INFO - [2024-11-05T00:55:25.364+0000] {dagbag.py:588} INFO - Filling up the DagBag from /home/airflow/.local/lib/python3.12/site-packages/airflow/example_dags/example_skip_dag.py
[2024-11-05T00:55:25.378+0000] {processor.py:925} INFO - DAG(s) 'example_skip_dag' retrieved from /home/airflow/.local/lib/python3.12/site-packages/airflow/example_dags/example_skip_dag.py
[2024-11-05T00:55:25.421+0000] {logging_mixin.py:190} INFO - [2024-11-05T00:55:25.420+0000] {dag.py:3239} INFO - Sync 1 DAGs
[2024-11-05T00:55:25.474+0000] {logging_mixin.py:190} INFO - [2024-11-05T00:55:25.473+0000] {dag.py:4180} INFO - Setting next_dagrun for example_skip_dag to 2024-11-04 00:00:00+00:00, run_after=2024-11-05 00:00:00+00:00
[2024-11-05T00:55:25.513+0000] {processor.py:208} INFO - Processing /home/airflow/.local/lib/python3.12/site-packages/airflow/example_dags/example_skip_dag.py took 0.168 seconds
[2024-11-05T00:55:56.110+0000] {processor.py:186} INFO - Started process (PID=255) to work on /home/airflow/.local/lib/python3.12/site-packages/airflow/example_dags/example_skip_dag.py
[2024-11-05T00:55:56.117+0000] {processor.py:914} INFO - Processing file /home/airflow/.local/lib/python3.12/site-packages/airflow/example_dags/example_skip_dag.py for tasks to queue
[2024-11-05T00:55:56.121+0000] {logging_mixin.py:190} INFO - [2024-11-05T00:55:56.120+0000] {dagbag.py:588} INFO - Filling up the DagBag from /home/airflow/.local/lib/python3.12/site-packages/airflow/example_dags/example_skip_dag.py
[2024-11-05T00:55:56.133+0000] {processor.py:925} INFO - DAG(s) 'example_skip_dag' retrieved from /home/airflow/.local/lib/python3.12/site-packages/airflow/example_dags/example_skip_dag.py
[2024-11-05T00:55:56.168+0000] {logging_mixin.py:190} INFO - [2024-11-05T00:55:56.168+0000] {dag.py:3239} INFO - Sync 1 DAGs
[2024-11-05T00:55:56.208+0000] {logging_mixin.py:190} INFO - [2024-11-05T00:55:56.208+0000] {dag.py:4180} INFO - Setting next_dagrun for example_skip_dag to 2024-11-04 00:00:00+00:00, run_after=2024-11-05 00:00:00+00:00
[2024-11-05T00:55:56.243+0000] {processor.py:208} INFO - Processing /home/airflow/.local/lib/python3.12/site-packages/airflow/example_dags/example_skip_dag.py took 0.145 seconds
