[2024-11-05T00:54:41.149+0000] {processor.py:186} INFO - Started process (PID=110) to work on /home/airflow/.local/lib/python3.12/site-packages/airflow/example_dags/example_branch_operator.py
[2024-11-05T00:54:41.156+0000] {processor.py:914} INFO - Processing file /home/airflow/.local/lib/python3.12/site-packages/airflow/example_dags/example_branch_operator.py for tasks to queue
[2024-11-05T00:54:41.161+0000] {logging_mixin.py:190} INFO - [2024-11-05T00:54:41.160+0000] {dagbag.py:588} INFO - Filling up the DagBag from /home/airflow/.local/lib/python3.12/site-packages/airflow/example_dags/example_branch_operator.py
[2024-11-05T00:54:41.228+0000] {processor.py:925} INFO - DAG(s) 'example_branch_operator' retrieved from /home/airflow/.local/lib/python3.12/site-packages/airflow/example_dags/example_branch_operator.py
[2024-11-05T00:54:41.551+0000] {logging_mixin.py:190} INFO - [2024-11-05T00:54:41.548+0000] {override.py:1900} INFO - Created Permission View: can edit on DAG:example_branch_operator
[2024-11-05T00:54:41.584+0000] {logging_mixin.py:190} INFO - [2024-11-05T00:54:41.583+0000] {override.py:1900} INFO - Created Permission View: can read on DAG:example_branch_operator
[2024-11-05T00:54:41.612+0000] {logging_mixin.py:190} INFO - [2024-11-05T00:54:41.611+0000] {override.py:1900} INFO - Created Permission View: can delete on DAG:example_branch_operator
[2024-11-05T00:54:41.631+0000] {logging_mixin.py:190} INFO - [2024-11-05T00:54:41.629+0000] {override.py:1900} INFO - Created Permission View: menu access on DAG Run:example_branch_operator
[2024-11-05T00:54:41.645+0000] {logging_mixin.py:190} INFO - [2024-11-05T00:54:41.645+0000] {override.py:1900} INFO - Created Permission View: can read on DAG Run:example_branch_operator
[2024-11-05T00:54:41.659+0000] {logging_mixin.py:190} INFO - [2024-11-05T00:54:41.659+0000] {override.py:1900} INFO - Created Permission View: can delete on DAG Run:example_branch_operator
[2024-11-05T00:54:41.685+0000] {logging_mixin.py:190} INFO - [2024-11-05T00:54:41.684+0000] {override.py:1900} INFO - Created Permission View: can create on DAG Run:example_branch_operator
[2024-11-05T00:54:41.686+0000] {logging_mixin.py:190} INFO - [2024-11-05T00:54:41.686+0000] {dag.py:3239} INFO - Sync 1 DAGs
[2024-11-05T00:54:41.720+0000] {logging_mixin.py:190} INFO - [2024-11-05T00:54:41.719+0000] {dag.py:3262} INFO - Creating ORM DAG for example_branch_operator
[2024-11-05T00:54:41.752+0000] {logging_mixin.py:190} INFO - [2024-11-05T00:54:41.751+0000] {dag.py:4180} INFO - Setting next_dagrun for example_branch_operator to 2024-11-04 00:00:00+00:00, run_after=2024-11-05 00:00:00+00:00
[2024-11-05T00:54:41.809+0000] {processor.py:208} INFO - Processing /home/airflow/.local/lib/python3.12/site-packages/airflow/example_dags/example_branch_operator.py took 0.687 seconds
[2024-11-05T00:55:12.073+0000] {processor.py:186} INFO - Started process (PID=172) to work on /home/airflow/.local/lib/python3.12/site-packages/airflow/example_dags/example_branch_operator.py
[2024-11-05T00:55:12.075+0000] {processor.py:914} INFO - Processing file /home/airflow/.local/lib/python3.12/site-packages/airflow/example_dags/example_branch_operator.py for tasks to queue
[2024-11-05T00:55:12.079+0000] {logging_mixin.py:190} INFO - [2024-11-05T00:55:12.078+0000] {dagbag.py:588} INFO - Filling up the DagBag from /home/airflow/.local/lib/python3.12/site-packages/airflow/example_dags/example_branch_operator.py
[2024-11-05T00:55:12.115+0000] {processor.py:925} INFO - DAG(s) 'example_branch_operator' retrieved from /home/airflow/.local/lib/python3.12/site-packages/airflow/example_dags/example_branch_operator.py
[2024-11-05T00:55:12.176+0000] {logging_mixin.py:190} INFO - [2024-11-05T00:55:12.175+0000] {dag.py:3239} INFO - Sync 1 DAGs
[2024-11-05T00:55:12.226+0000] {logging_mixin.py:190} INFO - [2024-11-05T00:55:12.226+0000] {dag.py:4180} INFO - Setting next_dagrun for example_branch_operator to 2024-11-04 00:00:00+00:00, run_after=2024-11-05 00:00:00+00:00
[2024-11-05T00:55:12.270+0000] {processor.py:208} INFO - Processing /home/airflow/.local/lib/python3.12/site-packages/airflow/example_dags/example_branch_operator.py took 0.208 seconds
[2024-11-05T00:55:42.968+0000] {processor.py:186} INFO - Started process (PID=234) to work on /home/airflow/.local/lib/python3.12/site-packages/airflow/example_dags/example_branch_operator.py
[2024-11-05T00:55:42.974+0000] {processor.py:914} INFO - Processing file /home/airflow/.local/lib/python3.12/site-packages/airflow/example_dags/example_branch_operator.py for tasks to queue
[2024-11-05T00:55:42.978+0000] {logging_mixin.py:190} INFO - [2024-11-05T00:55:42.978+0000] {dagbag.py:588} INFO - Filling up the DagBag from /home/airflow/.local/lib/python3.12/site-packages/airflow/example_dags/example_branch_operator.py
[2024-11-05T00:55:43.012+0000] {processor.py:925} INFO - DAG(s) 'example_branch_operator' retrieved from /home/airflow/.local/lib/python3.12/site-packages/airflow/example_dags/example_branch_operator.py
[2024-11-05T00:55:43.087+0000] {logging_mixin.py:190} INFO - [2024-11-05T00:55:43.086+0000] {dag.py:3239} INFO - Sync 1 DAGs
[2024-11-05T00:55:43.151+0000] {logging_mixin.py:190} INFO - [2024-11-05T00:55:43.150+0000] {dag.py:4180} INFO - Setting next_dagrun for example_branch_operator to 2024-11-04 00:00:00+00:00, run_after=2024-11-05 00:00:00+00:00
[2024-11-05T00:55:43.203+0000] {processor.py:208} INFO - Processing /home/airflow/.local/lib/python3.12/site-packages/airflow/example_dags/example_branch_operator.py took 0.242 seconds
