[2024-11-05T00:54:31.435+0000] {processor.py:186} INFO - Started process (PID=91) to work on /home/airflow/.local/lib/python3.12/site-packages/airflow/example_dags/example_complex.py
[2024-11-05T00:54:31.440+0000] {processor.py:914} INFO - Processing file /home/airflow/.local/lib/python3.12/site-packages/airflow/example_dags/example_complex.py for tasks to queue
[2024-11-05T00:54:31.447+0000] {logging_mixin.py:190} INFO - [2024-11-05T00:54:31.445+0000] {dagbag.py:588} INFO - Filling up the DagBag from /home/airflow/.local/lib/python3.12/site-packages/airflow/example_dags/example_complex.py
[2024-11-05T00:54:31.497+0000] {processor.py:925} INFO - DAG(s) 'example_complex' retrieved from /home/airflow/.local/lib/python3.12/site-packages/airflow/example_dags/example_complex.py
[2024-11-05T00:54:32.264+0000] {logging_mixin.py:190} INFO - [2024-11-05T00:54:32.262+0000] {override.py:1900} INFO - Created Permission View: can edit on DAG:example_complex
[2024-11-05T00:54:32.281+0000] {logging_mixin.py:190} INFO - [2024-11-05T00:54:32.281+0000] {override.py:1900} INFO - Created Permission View: can read on DAG:example_complex
[2024-11-05T00:54:32.294+0000] {logging_mixin.py:190} INFO - [2024-11-05T00:54:32.293+0000] {override.py:1900} INFO - Created Permission View: can delete on DAG:example_complex
[2024-11-05T00:54:32.342+0000] {logging_mixin.py:190} INFO - [2024-11-05T00:54:32.341+0000] {override.py:1900} INFO - Created Permission View: menu access on DAG Run:example_complex
[2024-11-05T00:54:32.404+0000] {logging_mixin.py:190} INFO - [2024-11-05T00:54:32.404+0000] {override.py:1900} INFO - Created Permission View: can read on DAG Run:example_complex
[2024-11-05T00:54:32.464+0000] {logging_mixin.py:190} INFO - [2024-11-05T00:54:32.464+0000] {override.py:1900} INFO - Created Permission View: can delete on DAG Run:example_complex
[2024-11-05T00:54:32.493+0000] {logging_mixin.py:190} INFO - [2024-11-05T00:54:32.492+0000] {override.py:1900} INFO - Created Permission View: can create on DAG Run:example_complex
[2024-11-05T00:54:32.502+0000] {logging_mixin.py:190} INFO - [2024-11-05T00:54:32.502+0000] {dag.py:3239} INFO - Sync 1 DAGs
[2024-11-05T00:54:32.542+0000] {logging_mixin.py:190} INFO - [2024-11-05T00:54:32.541+0000] {dag.py:3262} INFO - Creating ORM DAG for example_complex
[2024-11-05T00:54:32.555+0000] {logging_mixin.py:190} INFO - [2024-11-05T00:54:32.554+0000] {dag.py:4180} INFO - Setting next_dagrun for example_complex to None, run_after=None
[2024-11-05T00:54:32.607+0000] {processor.py:208} INFO - Processing /home/airflow/.local/lib/python3.12/site-packages/airflow/example_dags/example_complex.py took 1.191 seconds
[2024-11-05T00:55:03.058+0000] {processor.py:186} INFO - Started process (PID=152) to work on /home/airflow/.local/lib/python3.12/site-packages/airflow/example_dags/example_complex.py
[2024-11-05T00:55:03.060+0000] {processor.py:914} INFO - Processing file /home/airflow/.local/lib/python3.12/site-packages/airflow/example_dags/example_complex.py for tasks to queue
[2024-11-05T00:55:03.065+0000] {logging_mixin.py:190} INFO - [2024-11-05T00:55:03.064+0000] {dagbag.py:588} INFO - Filling up the DagBag from /home/airflow/.local/lib/python3.12/site-packages/airflow/example_dags/example_complex.py
[2024-11-05T00:55:03.087+0000] {processor.py:925} INFO - DAG(s) 'example_complex' retrieved from /home/airflow/.local/lib/python3.12/site-packages/airflow/example_dags/example_complex.py
[2024-11-05T00:55:03.143+0000] {logging_mixin.py:190} INFO - [2024-11-05T00:55:03.143+0000] {dag.py:3239} INFO - Sync 1 DAGs
[2024-11-05T00:55:03.172+0000] {logging_mixin.py:190} INFO - [2024-11-05T00:55:03.171+0000] {dag.py:4180} INFO - Setting next_dagrun for example_complex to None, run_after=None
[2024-11-05T00:55:03.219+0000] {processor.py:208} INFO - Processing /home/airflow/.local/lib/python3.12/site-packages/airflow/example_dags/example_complex.py took 0.170 seconds
[2024-11-05T00:55:33.328+0000] {processor.py:186} INFO - Started process (PID=214) to work on /home/airflow/.local/lib/python3.12/site-packages/airflow/example_dags/example_complex.py
[2024-11-05T00:55:33.331+0000] {processor.py:914} INFO - Processing file /home/airflow/.local/lib/python3.12/site-packages/airflow/example_dags/example_complex.py for tasks to queue
[2024-11-05T00:55:33.336+0000] {logging_mixin.py:190} INFO - [2024-11-05T00:55:33.335+0000] {dagbag.py:588} INFO - Filling up the DagBag from /home/airflow/.local/lib/python3.12/site-packages/airflow/example_dags/example_complex.py
[2024-11-05T00:55:33.371+0000] {processor.py:925} INFO - DAG(s) 'example_complex' retrieved from /home/airflow/.local/lib/python3.12/site-packages/airflow/example_dags/example_complex.py
[2024-11-05T00:55:33.482+0000] {logging_mixin.py:190} INFO - [2024-11-05T00:55:33.482+0000] {dag.py:3239} INFO - Sync 1 DAGs
[2024-11-05T00:55:33.525+0000] {logging_mixin.py:190} INFO - [2024-11-05T00:55:33.524+0000] {dag.py:4180} INFO - Setting next_dagrun for example_complex to None, run_after=None
[2024-11-05T00:55:33.582+0000] {processor.py:208} INFO - Processing /home/airflow/.local/lib/python3.12/site-packages/airflow/example_dags/example_complex.py took 0.266 seconds
[2024-11-05T00:56:04.026+0000] {processor.py:186} INFO - Started process (PID=270) to work on /home/airflow/.local/lib/python3.12/site-packages/airflow/example_dags/example_complex.py
[2024-11-05T00:56:04.029+0000] {processor.py:914} INFO - Processing file /home/airflow/.local/lib/python3.12/site-packages/airflow/example_dags/example_complex.py for tasks to queue
[2024-11-05T00:56:04.034+0000] {logging_mixin.py:190} INFO - [2024-11-05T00:56:04.034+0000] {dagbag.py:588} INFO - Filling up the DagBag from /home/airflow/.local/lib/python3.12/site-packages/airflow/example_dags/example_complex.py
[2024-11-05T00:56:04.074+0000] {processor.py:925} INFO - DAG(s) 'example_complex' retrieved from /home/airflow/.local/lib/python3.12/site-packages/airflow/example_dags/example_complex.py
[2024-11-05T00:56:04.183+0000] {logging_mixin.py:190} INFO - [2024-11-05T00:56:04.183+0000] {dag.py:3239} INFO - Sync 1 DAGs
