[2024-11-05T00:54:25.370+0000] {processor.py:186} INFO - Started process (PID=74) to work on /home/airflow/.local/lib/python3.12/site-packages/airflow/example_dags/example_bash_operator.py
[2024-11-05T00:54:25.372+0000] {processor.py:914} INFO - Processing file /home/airflow/.local/lib/python3.12/site-packages/airflow/example_dags/example_bash_operator.py for tasks to queue
[2024-11-05T00:54:25.377+0000] {logging_mixin.py:190} INFO - [2024-11-05T00:54:25.376+0000] {dagbag.py:588} INFO - Filling up the DagBag from /home/airflow/.local/lib/python3.12/site-packages/airflow/example_dags/example_bash_operator.py
[2024-11-05T00:54:25.416+0000] {processor.py:925} INFO - DAG(s) 'example_bash_operator' retrieved from /home/airflow/.local/lib/python3.12/site-packages/airflow/example_dags/example_bash_operator.py
[2024-11-05T00:54:25.951+0000] {logging_mixin.py:190} INFO - [2024-11-05T00:54:25.950+0000] {override.py:1900} INFO - Created Permission View: can edit on DAG:example_bash_operator
[2024-11-05T00:54:25.979+0000] {logging_mixin.py:190} INFO - [2024-11-05T00:54:25.978+0000] {override.py:1900} INFO - Created Permission View: can read on DAG:example_bash_operator
[2024-11-05T00:54:26.010+0000] {logging_mixin.py:190} INFO - [2024-11-05T00:54:26.009+0000] {override.py:1900} INFO - Created Permission View: can delete on DAG:example_bash_operator
[2024-11-05T00:54:26.035+0000] {logging_mixin.py:190} INFO - [2024-11-05T00:54:26.035+0000] {override.py:1900} INFO - Created Permission View: menu access on DAG Run:example_bash_operator
[2024-11-05T00:54:26.058+0000] {logging_mixin.py:190} INFO - [2024-11-05T00:54:26.057+0000] {override.py:1900} INFO - Created Permission View: can read on DAG Run:example_bash_operator
[2024-11-05T00:54:26.077+0000] {logging_mixin.py:190} INFO - [2024-11-05T00:54:26.076+0000] {override.py:1900} INFO - Created Permission View: can delete on DAG Run:example_bash_operator
[2024-11-05T00:54:26.099+0000] {logging_mixin.py:190} INFO - [2024-11-05T00:54:26.099+0000] {override.py:1900} INFO - Created Permission View: can create on DAG Run:example_bash_operator
[2024-11-05T00:54:26.101+0000] {logging_mixin.py:190} INFO - [2024-11-05T00:54:26.100+0000] {dag.py:3239} INFO - Sync 1 DAGs
[2024-11-05T00:54:26.146+0000] {logging_mixin.py:190} INFO - [2024-11-05T00:54:26.145+0000] {dag.py:3262} INFO - Creating ORM DAG for example_bash_operator
[2024-11-05T00:54:26.178+0000] {logging_mixin.py:190} INFO - [2024-11-05T00:54:26.178+0000] {dag.py:4180} INFO - Setting next_dagrun for example_bash_operator to 2024-11-04 00:00:00+00:00, run_after=2024-11-05 00:00:00+00:00
[2024-11-05T00:54:26.253+0000] {processor.py:208} INFO - Processing /home/airflow/.local/lib/python3.12/site-packages/airflow/example_dags/example_bash_operator.py took 0.899 seconds
[2024-11-05T00:54:56.772+0000] {processor.py:186} INFO - Started process (PID=134) to work on /home/airflow/.local/lib/python3.12/site-packages/airflow/example_dags/example_bash_operator.py
[2024-11-05T00:54:56.774+0000] {processor.py:914} INFO - Processing file /home/airflow/.local/lib/python3.12/site-packages/airflow/example_dags/example_bash_operator.py for tasks to queue
[2024-11-05T00:54:56.778+0000] {logging_mixin.py:190} INFO - [2024-11-05T00:54:56.777+0000] {dagbag.py:588} INFO - Filling up the DagBag from /home/airflow/.local/lib/python3.12/site-packages/airflow/example_dags/example_bash_operator.py
[2024-11-05T00:54:56.798+0000] {processor.py:925} INFO - DAG(s) 'example_bash_operator' retrieved from /home/airflow/.local/lib/python3.12/site-packages/airflow/example_dags/example_bash_operator.py
[2024-11-05T00:54:56.857+0000] {logging_mixin.py:190} INFO - [2024-11-05T00:54:56.856+0000] {dag.py:3239} INFO - Sync 1 DAGs
[2024-11-05T00:54:56.934+0000] {logging_mixin.py:190} INFO - [2024-11-05T00:54:56.933+0000] {dag.py:4180} INFO - Setting next_dagrun for example_bash_operator to 2024-11-04 00:00:00+00:00, run_after=2024-11-05 00:00:00+00:00
[2024-11-05T00:54:57.005+0000] {processor.py:208} INFO - Processing /home/airflow/.local/lib/python3.12/site-packages/airflow/example_dags/example_bash_operator.py took 0.242 seconds
[2024-11-05T00:55:27.638+0000] {processor.py:186} INFO - Started process (PID=196) to work on /home/airflow/.local/lib/python3.12/site-packages/airflow/example_dags/example_bash_operator.py
[2024-11-05T00:55:27.645+0000] {processor.py:914} INFO - Processing file /home/airflow/.local/lib/python3.12/site-packages/airflow/example_dags/example_bash_operator.py for tasks to queue
[2024-11-05T00:55:27.650+0000] {logging_mixin.py:190} INFO - [2024-11-05T00:55:27.649+0000] {dagbag.py:588} INFO - Filling up the DagBag from /home/airflow/.local/lib/python3.12/site-packages/airflow/example_dags/example_bash_operator.py
[2024-11-05T00:55:27.673+0000] {processor.py:925} INFO - DAG(s) 'example_bash_operator' retrieved from /home/airflow/.local/lib/python3.12/site-packages/airflow/example_dags/example_bash_operator.py
[2024-11-05T00:55:27.724+0000] {logging_mixin.py:190} INFO - [2024-11-05T00:55:27.723+0000] {dag.py:3239} INFO - Sync 1 DAGs
[2024-11-05T00:55:27.768+0000] {logging_mixin.py:190} INFO - [2024-11-05T00:55:27.768+0000] {dag.py:4180} INFO - Setting next_dagrun for example_bash_operator to 2024-11-04 00:00:00+00:00, run_after=2024-11-05 00:00:00+00:00
[2024-11-05T00:55:27.808+0000] {processor.py:208} INFO - Processing /home/airflow/.local/lib/python3.12/site-packages/airflow/example_dags/example_bash_operator.py took 0.182 seconds
[2024-11-05T00:55:58.338+0000] {processor.py:186} INFO - Started process (PID=259) to work on /home/airflow/.local/lib/python3.12/site-packages/airflow/example_dags/example_bash_operator.py
[2024-11-05T00:55:58.343+0000] {processor.py:914} INFO - Processing file /home/airflow/.local/lib/python3.12/site-packages/airflow/example_dags/example_bash_operator.py for tasks to queue
[2024-11-05T00:55:58.349+0000] {logging_mixin.py:190} INFO - [2024-11-05T00:55:58.348+0000] {dagbag.py:588} INFO - Filling up the DagBag from /home/airflow/.local/lib/python3.12/site-packages/airflow/example_dags/example_bash_operator.py
[2024-11-05T00:55:58.371+0000] {processor.py:925} INFO - DAG(s) 'example_bash_operator' retrieved from /home/airflow/.local/lib/python3.12/site-packages/airflow/example_dags/example_bash_operator.py
[2024-11-05T00:55:58.418+0000] {logging_mixin.py:190} INFO - [2024-11-05T00:55:58.418+0000] {dag.py:3239} INFO - Sync 1 DAGs
[2024-11-05T00:55:58.457+0000] {logging_mixin.py:190} INFO - [2024-11-05T00:55:58.457+0000] {dag.py:4180} INFO - Setting next_dagrun for example_bash_operator to 2024-11-04 00:00:00+00:00, run_after=2024-11-05 00:00:00+00:00
[2024-11-05T00:55:58.498+0000] {processor.py:208} INFO - Processing /home/airflow/.local/lib/python3.12/site-packages/airflow/example_dags/example_bash_operator.py took 0.169 seconds
