[2024-11-05T00:54:30.816+0000] {processor.py:186} INFO - Started process (PID=90) to work on /home/airflow/.local/lib/python3.12/site-packages/airflow/example_dags/example_dataset_alias_with_no_taskflow.py
[2024-11-05T00:54:30.818+0000] {processor.py:914} INFO - Processing file /home/airflow/.local/lib/python3.12/site-packages/airflow/example_dags/example_dataset_alias_with_no_taskflow.py for tasks to queue
[2024-11-05T00:54:30.824+0000] {logging_mixin.py:190} INFO - [2024-11-05T00:54:30.823+0000] {dagbag.py:588} INFO - Filling up the DagBag from /home/airflow/.local/lib/python3.12/site-packages/airflow/example_dags/example_dataset_alias_with_no_taskflow.py
[2024-11-05T00:54:31.388+0000] {processor.py:925} INFO - DAG(s) 'dataset_alias_example_alias_producer_with_no_taskflow', 'dataset_alias_example_alias_consumer_with_no_taskflow', 'dataset_s3_bucket_consumer_with_no_taskflow', 'dataset_s3_bucket_producer_with_no_taskflow' retrieved from /home/airflow/.local/lib/python3.12/site-packages/airflow/example_dags/example_dataset_alias_with_no_taskflow.py
[2024-11-05T00:54:31.721+0000] {logging_mixin.py:190} INFO - [2024-11-05T00:54:31.717+0000] {override.py:1900} INFO - Created Permission View: can edit on DAG:dataset_alias_example_alias_producer_with_no_taskflow
[2024-11-05T00:54:31.772+0000] {logging_mixin.py:190} INFO - [2024-11-05T00:54:31.770+0000] {override.py:1900} INFO - Created Permission View: can read on DAG:dataset_alias_example_alias_producer_with_no_taskflow
[2024-11-05T00:54:31.798+0000] {logging_mixin.py:190} INFO - [2024-11-05T00:54:31.798+0000] {override.py:1900} INFO - Created Permission View: can delete on DAG:dataset_alias_example_alias_producer_with_no_taskflow
[2024-11-05T00:54:31.834+0000] {logging_mixin.py:190} INFO - [2024-11-05T00:54:31.833+0000] {override.py:1900} INFO - Created Permission View: menu access on DAG Run:dataset_alias_example_alias_producer_with_no_taskflow
[2024-11-05T00:54:31.855+0000] {logging_mixin.py:190} INFO - [2024-11-05T00:54:31.854+0000] {override.py:1900} INFO - Created Permission View: can read on DAG Run:dataset_alias_example_alias_producer_with_no_taskflow
[2024-11-05T00:54:31.875+0000] {logging_mixin.py:190} INFO - [2024-11-05T00:54:31.874+0000] {override.py:1900} INFO - Created Permission View: can delete on DAG Run:dataset_alias_example_alias_producer_with_no_taskflow
[2024-11-05T00:54:31.894+0000] {logging_mixin.py:190} INFO - [2024-11-05T00:54:31.893+0000] {override.py:1900} INFO - Created Permission View: can create on DAG Run:dataset_alias_example_alias_producer_with_no_taskflow
[2024-11-05T00:54:32.257+0000] {logging_mixin.py:190} INFO - [2024-11-05T00:54:32.257+0000] {override.py:1900} INFO - Created Permission View: can edit on DAG:dataset_alias_example_alias_consumer_with_no_taskflow
[2024-11-05T00:54:32.274+0000] {logging_mixin.py:190} INFO - [2024-11-05T00:54:32.273+0000] {override.py:1900} INFO - Created Permission View: can read on DAG:dataset_alias_example_alias_consumer_with_no_taskflow
[2024-11-05T00:54:32.285+0000] {logging_mixin.py:190} INFO - [2024-11-05T00:54:32.284+0000] {override.py:1900} INFO - Created Permission View: can delete on DAG:dataset_alias_example_alias_consumer_with_no_taskflow
[2024-11-05T00:54:32.298+0000] {logging_mixin.py:190} INFO - [2024-11-05T00:54:32.297+0000] {override.py:1900} INFO - Created Permission View: menu access on DAG Run:dataset_alias_example_alias_consumer_with_no_taskflow
[2024-11-05T00:54:32.329+0000] {logging_mixin.py:190} INFO - [2024-11-05T00:54:32.328+0000] {override.py:1900} INFO - Created Permission View: can read on DAG Run:dataset_alias_example_alias_consumer_with_no_taskflow
[2024-11-05T00:54:32.394+0000] {logging_mixin.py:190} INFO - [2024-11-05T00:54:32.393+0000] {override.py:1900} INFO - Created Permission View: can delete on DAG Run:dataset_alias_example_alias_consumer_with_no_taskflow
[2024-11-05T00:54:32.463+0000] {logging_mixin.py:190} INFO - [2024-11-05T00:54:32.462+0000] {override.py:1900} INFO - Created Permission View: can create on DAG Run:dataset_alias_example_alias_consumer_with_no_taskflow
[2024-11-05T00:54:32.544+0000] {logging_mixin.py:190} INFO - [2024-11-05T00:54:32.543+0000] {override.py:1900} INFO - Created Permission View: can edit on DAG:dataset_s3_bucket_consumer_with_no_taskflow
[2024-11-05T00:54:32.573+0000] {logging_mixin.py:190} INFO - [2024-11-05T00:54:32.572+0000] {override.py:1900} INFO - Created Permission View: can read on DAG:dataset_s3_bucket_consumer_with_no_taskflow
[2024-11-05T00:54:32.602+0000] {logging_mixin.py:190} INFO - [2024-11-05T00:54:32.602+0000] {override.py:1900} INFO - Created Permission View: can delete on DAG:dataset_s3_bucket_consumer_with_no_taskflow
[2024-11-05T00:54:32.631+0000] {logging_mixin.py:190} INFO - [2024-11-05T00:54:32.631+0000] {override.py:1900} INFO - Created Permission View: menu access on DAG Run:dataset_s3_bucket_consumer_with_no_taskflow
[2024-11-05T00:54:32.662+0000] {logging_mixin.py:190} INFO - [2024-11-05T00:54:32.661+0000] {override.py:1900} INFO - Created Permission View: can read on DAG Run:dataset_s3_bucket_consumer_with_no_taskflow
[2024-11-05T00:54:32.681+0000] {logging_mixin.py:190} INFO - [2024-11-05T00:54:32.681+0000] {override.py:1900} INFO - Created Permission View: can delete on DAG Run:dataset_s3_bucket_consumer_with_no_taskflow
[2024-11-05T00:54:32.697+0000] {logging_mixin.py:190} INFO - [2024-11-05T00:54:32.696+0000] {override.py:1900} INFO - Created Permission View: can create on DAG Run:dataset_s3_bucket_consumer_with_no_taskflow
[2024-11-05T00:54:32.735+0000] {logging_mixin.py:190} INFO - [2024-11-05T00:54:32.733+0000] {override.py:1900} INFO - Created Permission View: can edit on DAG:dataset_s3_bucket_producer_with_no_taskflow
[2024-11-05T00:54:32.751+0000] {logging_mixin.py:190} INFO - [2024-11-05T00:54:32.750+0000] {override.py:1900} INFO - Created Permission View: can read on DAG:dataset_s3_bucket_producer_with_no_taskflow
[2024-11-05T00:54:32.769+0000] {logging_mixin.py:190} INFO - [2024-11-05T00:54:32.768+0000] {override.py:1900} INFO - Created Permission View: can delete on DAG:dataset_s3_bucket_producer_with_no_taskflow
[2024-11-05T00:54:32.785+0000] {logging_mixin.py:190} INFO - [2024-11-05T00:54:32.784+0000] {override.py:1900} INFO - Created Permission View: menu access on DAG Run:dataset_s3_bucket_producer_with_no_taskflow
[2024-11-05T00:54:32.807+0000] {logging_mixin.py:190} INFO - [2024-11-05T00:54:32.806+0000] {override.py:1900} INFO - Created Permission View: can read on DAG Run:dataset_s3_bucket_producer_with_no_taskflow
[2024-11-05T00:54:32.821+0000] {logging_mixin.py:190} INFO - [2024-11-05T00:54:32.819+0000] {override.py:1900} INFO - Created Permission View: can delete on DAG Run:dataset_s3_bucket_producer_with_no_taskflow
[2024-11-05T00:54:32.852+0000] {logging_mixin.py:190} INFO - [2024-11-05T00:54:32.851+0000] {override.py:1900} INFO - Created Permission View: can create on DAG Run:dataset_s3_bucket_producer_with_no_taskflow
[2024-11-05T00:54:32.853+0000] {logging_mixin.py:190} INFO - [2024-11-05T00:54:32.853+0000] {dag.py:3239} INFO - Sync 4 DAGs
[2024-11-05T00:54:32.884+0000] {logging_mixin.py:190} INFO - [2024-11-05T00:54:32.884+0000] {dag.py:3262} INFO - Creating ORM DAG for dataset_alias_example_alias_producer_with_no_taskflow
[2024-11-05T00:54:32.889+0000] {logging_mixin.py:190} INFO - [2024-11-05T00:54:32.888+0000] {dag.py:3262} INFO - Creating ORM DAG for dataset_alias_example_alias_consumer_with_no_taskflow
[2024-11-05T00:54:32.891+0000] {logging_mixin.py:190} INFO - [2024-11-05T00:54:32.891+0000] {dag.py:3262} INFO - Creating ORM DAG for dataset_s3_bucket_consumer_with_no_taskflow
[2024-11-05T00:54:32.893+0000] {logging_mixin.py:190} INFO - [2024-11-05T00:54:32.893+0000] {dag.py:3262} INFO - Creating ORM DAG for dataset_s3_bucket_producer_with_no_taskflow
[2024-11-05T00:54:32.915+0000] {logging_mixin.py:190} INFO - [2024-11-05T00:54:32.914+0000] {dag.py:4180} INFO - Setting next_dagrun for dataset_alias_example_alias_consumer_with_no_taskflow to None, run_after=None
[2024-11-05T00:54:32.919+0000] {logging_mixin.py:190} INFO - [2024-11-05T00:54:32.918+0000] {dag.py:4180} INFO - Setting next_dagrun for dataset_alias_example_alias_producer_with_no_taskflow to None, run_after=None
[2024-11-05T00:54:32.921+0000] {logging_mixin.py:190} INFO - [2024-11-05T00:54:32.920+0000] {dag.py:4180} INFO - Setting next_dagrun for dataset_s3_bucket_consumer_with_no_taskflow to None, run_after=None
[2024-11-05T00:54:32.922+0000] {logging_mixin.py:190} INFO - [2024-11-05T00:54:32.922+0000] {dag.py:4180} INFO - Setting next_dagrun for dataset_s3_bucket_producer_with_no_taskflow to None, run_after=None
[2024-11-05T00:54:33.013+0000] {processor.py:208} INFO - Processing /home/airflow/.local/lib/python3.12/site-packages/airflow/example_dags/example_dataset_alias_with_no_taskflow.py took 2.215 seconds
[2024-11-05T00:55:03.238+0000] {processor.py:186} INFO - Started process (PID=153) to work on /home/airflow/.local/lib/python3.12/site-packages/airflow/example_dags/example_dataset_alias_with_no_taskflow.py
[2024-11-05T00:55:03.239+0000] {processor.py:914} INFO - Processing file /home/airflow/.local/lib/python3.12/site-packages/airflow/example_dags/example_dataset_alias_with_no_taskflow.py for tasks to queue
[2024-11-05T00:55:03.244+0000] {logging_mixin.py:190} INFO - [2024-11-05T00:55:03.243+0000] {dagbag.py:588} INFO - Filling up the DagBag from /home/airflow/.local/lib/python3.12/site-packages/airflow/example_dags/example_dataset_alias_with_no_taskflow.py
[2024-11-05T00:55:03.489+0000] {processor.py:925} INFO - DAG(s) 'dataset_s3_bucket_producer_with_no_taskflow', 'dataset_alias_example_alias_consumer_with_no_taskflow', 'dataset_alias_example_alias_producer_with_no_taskflow', 'dataset_s3_bucket_consumer_with_no_taskflow' retrieved from /home/airflow/.local/lib/python3.12/site-packages/airflow/example_dags/example_dataset_alias_with_no_taskflow.py
[2024-11-05T00:55:03.542+0000] {logging_mixin.py:190} INFO - [2024-11-05T00:55:03.542+0000] {dag.py:3239} INFO - Sync 4 DAGs
[2024-11-05T00:55:03.582+0000] {logging_mixin.py:190} INFO - [2024-11-05T00:55:03.582+0000] {dag.py:4180} INFO - Setting next_dagrun for dataset_alias_example_alias_consumer_with_no_taskflow to None, run_after=None
[2024-11-05T00:55:03.588+0000] {logging_mixin.py:190} INFO - [2024-11-05T00:55:03.588+0000] {dag.py:4180} INFO - Setting next_dagrun for dataset_alias_example_alias_producer_with_no_taskflow to None, run_after=None
[2024-11-05T00:55:03.591+0000] {logging_mixin.py:190} INFO - [2024-11-05T00:55:03.590+0000] {dag.py:4180} INFO - Setting next_dagrun for dataset_s3_bucket_consumer_with_no_taskflow to None, run_after=None
[2024-11-05T00:55:03.594+0000] {logging_mixin.py:190} INFO - [2024-11-05T00:55:03.593+0000] {dag.py:4180} INFO - Setting next_dagrun for dataset_s3_bucket_producer_with_no_taskflow to None, run_after=None
[2024-11-05T00:55:03.681+0000] {processor.py:208} INFO - Processing /home/airflow/.local/lib/python3.12/site-packages/airflow/example_dags/example_dataset_alias_with_no_taskflow.py took 0.454 seconds
[2024-11-05T00:55:34.337+0000] {processor.py:186} INFO - Started process (PID=215) to work on /home/airflow/.local/lib/python3.12/site-packages/airflow/example_dags/example_dataset_alias_with_no_taskflow.py
[2024-11-05T00:55:34.342+0000] {processor.py:914} INFO - Processing file /home/airflow/.local/lib/python3.12/site-packages/airflow/example_dags/example_dataset_alias_with_no_taskflow.py for tasks to queue
[2024-11-05T00:55:34.347+0000] {logging_mixin.py:190} INFO - [2024-11-05T00:55:34.346+0000] {dagbag.py:588} INFO - Filling up the DagBag from /home/airflow/.local/lib/python3.12/site-packages/airflow/example_dags/example_dataset_alias_with_no_taskflow.py
[2024-11-05T00:55:34.744+0000] {processor.py:925} INFO - DAG(s) 'dataset_alias_example_alias_consumer_with_no_taskflow', 'dataset_alias_example_alias_producer_with_no_taskflow', 'dataset_s3_bucket_producer_with_no_taskflow', 'dataset_s3_bucket_consumer_with_no_taskflow' retrieved from /home/airflow/.local/lib/python3.12/site-packages/airflow/example_dags/example_dataset_alias_with_no_taskflow.py
[2024-11-05T00:55:34.804+0000] {logging_mixin.py:190} INFO - [2024-11-05T00:55:34.804+0000] {dag.py:3239} INFO - Sync 4 DAGs
[2024-11-05T00:55:34.857+0000] {logging_mixin.py:190} INFO - [2024-11-05T00:55:34.856+0000] {dag.py:4180} INFO - Setting next_dagrun for dataset_alias_example_alias_consumer_with_no_taskflow to None, run_after=None
[2024-11-05T00:55:34.863+0000] {logging_mixin.py:190} INFO - [2024-11-05T00:55:34.862+0000] {dag.py:4180} INFO - Setting next_dagrun for dataset_alias_example_alias_producer_with_no_taskflow to None, run_after=None
[2024-11-05T00:55:34.865+0000] {logging_mixin.py:190} INFO - [2024-11-05T00:55:34.865+0000] {dag.py:4180} INFO - Setting next_dagrun for dataset_s3_bucket_consumer_with_no_taskflow to None, run_after=None
[2024-11-05T00:55:34.868+0000] {logging_mixin.py:190} INFO - [2024-11-05T00:55:34.868+0000] {dag.py:4180} INFO - Setting next_dagrun for dataset_s3_bucket_producer_with_no_taskflow to None, run_after=None
[2024-11-05T00:55:34.921+0000] {processor.py:208} INFO - Processing /home/airflow/.local/lib/python3.12/site-packages/airflow/example_dags/example_dataset_alias_with_no_taskflow.py took 0.602 seconds
