[2024-11-05T00:54:37.471+0000] {processor.py:186} INFO - Started process (PID=102) to work on /home/airflow/.local/lib/python3.12/site-packages/airflow/example_dags/example_short_circuit_decorator.py
[2024-11-05T00:54:37.476+0000] {processor.py:914} INFO - Processing file /home/airflow/.local/lib/python3.12/site-packages/airflow/example_dags/example_short_circuit_decorator.py for tasks to queue
[2024-11-05T00:54:37.488+0000] {logging_mixin.py:190} INFO - [2024-11-05T00:54:37.486+0000] {dagbag.py:588} INFO - Filling up the DagBag from /home/airflow/.local/lib/python3.12/site-packages/airflow/example_dags/example_short_circuit_decorator.py
[2024-11-05T00:54:37.527+0000] {processor.py:925} INFO - DAG(s) 'example_short_circuit_decorator' retrieved from /home/airflow/.local/lib/python3.12/site-packages/airflow/example_dags/example_short_circuit_decorator.py
[2024-11-05T00:54:37.861+0000] {logging_mixin.py:190} INFO - [2024-11-05T00:54:37.860+0000] {override.py:1900} INFO - Created Permission View: can edit on DAG:example_short_circuit_decorator
[2024-11-05T00:54:37.886+0000] {logging_mixin.py:190} INFO - [2024-11-05T00:54:37.886+0000] {override.py:1900} INFO - Created Permission View: can read on DAG:example_short_circuit_decorator
[2024-11-05T00:54:37.906+0000] {logging_mixin.py:190} INFO - [2024-11-05T00:54:37.905+0000] {override.py:1900} INFO - Created Permission View: can delete on DAG:example_short_circuit_decorator
[2024-11-05T00:54:37.928+0000] {logging_mixin.py:190} INFO - [2024-11-05T00:54:37.927+0000] {override.py:1900} INFO - Created Permission View: menu access on DAG Run:example_short_circuit_decorator
[2024-11-05T00:54:37.943+0000] {logging_mixin.py:190} INFO - [2024-11-05T00:54:37.942+0000] {override.py:1900} INFO - Created Permission View: can read on DAG Run:example_short_circuit_decorator
[2024-11-05T00:54:37.961+0000] {logging_mixin.py:190} INFO - [2024-11-05T00:54:37.960+0000] {override.py:1900} INFO - Created Permission View: can delete on DAG Run:example_short_circuit_decorator
[2024-11-05T00:54:37.978+0000] {logging_mixin.py:190} INFO - [2024-11-05T00:54:37.978+0000] {override.py:1900} INFO - Created Permission View: can create on DAG Run:example_short_circuit_decorator
[2024-11-05T00:54:37.980+0000] {logging_mixin.py:190} INFO - [2024-11-05T00:54:37.979+0000] {dag.py:3239} INFO - Sync 1 DAGs
[2024-11-05T00:54:38.025+0000] {logging_mixin.py:190} INFO - [2024-11-05T00:54:38.025+0000] {dag.py:3262} INFO - Creating ORM DAG for example_short_circuit_decorator
[2024-11-05T00:54:38.032+0000] {logging_mixin.py:190} INFO - [2024-11-05T00:54:38.031+0000] {dag.py:4180} INFO - Setting next_dagrun for example_short_circuit_decorator to None, run_after=None
[2024-11-05T00:54:38.078+0000] {processor.py:208} INFO - Processing /home/airflow/.local/lib/python3.12/site-packages/airflow/example_dags/example_short_circuit_decorator.py took 0.623 seconds
[2024-11-05T00:55:08.796+0000] {processor.py:186} INFO - Started process (PID=164) to work on /home/airflow/.local/lib/python3.12/site-packages/airflow/example_dags/example_short_circuit_decorator.py
[2024-11-05T00:55:08.799+0000] {processor.py:914} INFO - Processing file /home/airflow/.local/lib/python3.12/site-packages/airflow/example_dags/example_short_circuit_decorator.py for tasks to queue
[2024-11-05T00:55:08.804+0000] {logging_mixin.py:190} INFO - [2024-11-05T00:55:08.803+0000] {dagbag.py:588} INFO - Filling up the DagBag from /home/airflow/.local/lib/python3.12/site-packages/airflow/example_dags/example_short_circuit_decorator.py
[2024-11-05T00:55:08.823+0000] {processor.py:925} INFO - DAG(s) 'example_short_circuit_decorator' retrieved from /home/airflow/.local/lib/python3.12/site-packages/airflow/example_dags/example_short_circuit_decorator.py
[2024-11-05T00:55:08.865+0000] {logging_mixin.py:190} INFO - [2024-11-05T00:55:08.865+0000] {dag.py:3239} INFO - Sync 1 DAGs
[2024-11-05T00:55:08.895+0000] {logging_mixin.py:190} INFO - [2024-11-05T00:55:08.895+0000] {dag.py:4180} INFO - Setting next_dagrun for example_short_circuit_decorator to None, run_after=None
[2024-11-05T00:55:08.945+0000] {processor.py:208} INFO - Processing /home/airflow/.local/lib/python3.12/site-packages/airflow/example_dags/example_short_circuit_decorator.py took 0.160 seconds
[2024-11-05T00:55:39.182+0000] {processor.py:186} INFO - Started process (PID=226) to work on /home/airflow/.local/lib/python3.12/site-packages/airflow/example_dags/example_short_circuit_decorator.py
[2024-11-05T00:55:39.184+0000] {processor.py:914} INFO - Processing file /home/airflow/.local/lib/python3.12/site-packages/airflow/example_dags/example_short_circuit_decorator.py for tasks to queue
[2024-11-05T00:55:39.188+0000] {logging_mixin.py:190} INFO - [2024-11-05T00:55:39.187+0000] {dagbag.py:588} INFO - Filling up the DagBag from /home/airflow/.local/lib/python3.12/site-packages/airflow/example_dags/example_short_circuit_decorator.py
[2024-11-05T00:55:39.205+0000] {processor.py:925} INFO - DAG(s) 'example_short_circuit_decorator' retrieved from /home/airflow/.local/lib/python3.12/site-packages/airflow/example_dags/example_short_circuit_decorator.py
[2024-11-05T00:55:39.251+0000] {logging_mixin.py:190} INFO - [2024-11-05T00:55:39.250+0000] {dag.py:3239} INFO - Sync 1 DAGs
[2024-11-05T00:55:39.280+0000] {logging_mixin.py:190} INFO - [2024-11-05T00:55:39.279+0000] {dag.py:4180} INFO - Setting next_dagrun for example_short_circuit_decorator to None, run_after=None
[2024-11-05T00:55:39.316+0000] {processor.py:208} INFO - Processing /home/airflow/.local/lib/python3.12/site-packages/airflow/example_dags/example_short_circuit_decorator.py took 0.142 seconds
