[2024-11-05T00:54:35.655+0000] {processor.py:186} INFO - Started process (PID=99) to work on /home/airflow/.local/lib/python3.12/site-packages/airflow/example_dags/example_outlet_event_extra.py
[2024-11-05T00:54:35.658+0000] {processor.py:914} INFO - Processing file /home/airflow/.local/lib/python3.12/site-packages/airflow/example_dags/example_outlet_event_extra.py for tasks to queue
[2024-11-05T00:54:35.665+0000] {logging_mixin.py:190} INFO - [2024-11-05T00:54:35.664+0000] {dagbag.py:588} INFO - Filling up the DagBag from /home/airflow/.local/lib/python3.12/site-packages/airflow/example_dags/example_outlet_event_extra.py
[2024-11-05T00:54:36.177+0000] {processor.py:925} INFO - DAG(s) 'dataset_with_extra_by_yield', 'dataset_with_extra_from_classic_operator', 'dataset_with_extra_by_context' retrieved from /home/airflow/.local/lib/python3.12/site-packages/airflow/example_dags/example_outlet_event_extra.py
[2024-11-05T00:54:36.569+0000] {logging_mixin.py:190} INFO - [2024-11-05T00:54:36.567+0000] {override.py:1900} INFO - Created Permission View: can edit on DAG:dataset_with_extra_by_yield
[2024-11-05T00:54:36.610+0000] {logging_mixin.py:190} INFO - [2024-11-05T00:54:36.609+0000] {override.py:1900} INFO - Created Permission View: can read on DAG:dataset_with_extra_by_yield
[2024-11-05T00:54:36.647+0000] {logging_mixin.py:190} INFO - [2024-11-05T00:54:36.647+0000] {override.py:1900} INFO - Created Permission View: can delete on DAG:dataset_with_extra_by_yield
[2024-11-05T00:54:36.673+0000] {logging_mixin.py:190} INFO - [2024-11-05T00:54:36.672+0000] {override.py:1900} INFO - Created Permission View: menu access on DAG Run:dataset_with_extra_by_yield
[2024-11-05T00:54:36.697+0000] {logging_mixin.py:190} INFO - [2024-11-05T00:54:36.696+0000] {override.py:1900} INFO - Created Permission View: can read on DAG Run:dataset_with_extra_by_yield
[2024-11-05T00:54:36.718+0000] {logging_mixin.py:190} INFO - [2024-11-05T00:54:36.717+0000] {override.py:1900} INFO - Created Permission View: can delete on DAG Run:dataset_with_extra_by_yield
[2024-11-05T00:54:36.751+0000] {logging_mixin.py:190} INFO - [2024-11-05T00:54:36.749+0000] {override.py:1900} INFO - Created Permission View: can create on DAG Run:dataset_with_extra_by_yield
[2024-11-05T00:54:36.806+0000] {logging_mixin.py:190} INFO - [2024-11-05T00:54:36.805+0000] {override.py:1900} INFO - Created Permission View: can edit on DAG:dataset_with_extra_from_classic_operator
[2024-11-05T00:54:36.848+0000] {logging_mixin.py:190} INFO - [2024-11-05T00:54:36.847+0000] {override.py:1900} INFO - Created Permission View: can read on DAG:dataset_with_extra_from_classic_operator
[2024-11-05T00:54:36.888+0000] {logging_mixin.py:190} INFO - [2024-11-05T00:54:36.887+0000] {override.py:1900} INFO - Created Permission View: can delete on DAG:dataset_with_extra_from_classic_operator
[2024-11-05T00:54:36.919+0000] {logging_mixin.py:190} INFO - [2024-11-05T00:54:36.918+0000] {override.py:1900} INFO - Created Permission View: menu access on DAG Run:dataset_with_extra_from_classic_operator
[2024-11-05T00:54:36.942+0000] {logging_mixin.py:190} INFO - [2024-11-05T00:54:36.941+0000] {override.py:1900} INFO - Created Permission View: can read on DAG Run:dataset_with_extra_from_classic_operator
[2024-11-05T00:54:36.967+0000] {logging_mixin.py:190} INFO - [2024-11-05T00:54:36.967+0000] {override.py:1900} INFO - Created Permission View: can delete on DAG Run:dataset_with_extra_from_classic_operator
[2024-11-05T00:54:36.990+0000] {logging_mixin.py:190} INFO - [2024-11-05T00:54:36.990+0000] {override.py:1900} INFO - Created Permission View: can create on DAG Run:dataset_with_extra_from_classic_operator
[2024-11-05T00:54:37.029+0000] {logging_mixin.py:190} INFO - [2024-11-05T00:54:37.028+0000] {override.py:1900} INFO - Created Permission View: can edit on DAG:dataset_with_extra_by_context
[2024-11-05T00:54:37.051+0000] {logging_mixin.py:190} INFO - [2024-11-05T00:54:37.051+0000] {override.py:1900} INFO - Created Permission View: can read on DAG:dataset_with_extra_by_context
[2024-11-05T00:54:37.074+0000] {logging_mixin.py:190} INFO - [2024-11-05T00:54:37.073+0000] {override.py:1900} INFO - Created Permission View: can delete on DAG:dataset_with_extra_by_context
[2024-11-05T00:54:37.113+0000] {logging_mixin.py:190} INFO - [2024-11-05T00:54:37.112+0000] {override.py:1900} INFO - Created Permission View: menu access on DAG Run:dataset_with_extra_by_context
[2024-11-05T00:54:37.133+0000] {logging_mixin.py:190} INFO - [2024-11-05T00:54:37.133+0000] {override.py:1900} INFO - Created Permission View: can read on DAG Run:dataset_with_extra_by_context
[2024-11-05T00:54:37.154+0000] {logging_mixin.py:190} INFO - [2024-11-05T00:54:37.151+0000] {override.py:1900} INFO - Created Permission View: can delete on DAG Run:dataset_with_extra_by_context
[2024-11-05T00:54:37.178+0000] {logging_mixin.py:190} INFO - [2024-11-05T00:54:37.178+0000] {override.py:1900} INFO - Created Permission View: can create on DAG Run:dataset_with_extra_by_context
[2024-11-05T00:54:37.180+0000] {logging_mixin.py:190} INFO - [2024-11-05T00:54:37.179+0000] {dag.py:3239} INFO - Sync 3 DAGs
[2024-11-05T00:54:37.226+0000] {logging_mixin.py:190} INFO - [2024-11-05T00:54:37.226+0000] {dag.py:3262} INFO - Creating ORM DAG for dataset_with_extra_by_yield
[2024-11-05T00:54:37.229+0000] {logging_mixin.py:190} INFO - [2024-11-05T00:54:37.229+0000] {dag.py:3262} INFO - Creating ORM DAG for dataset_with_extra_from_classic_operator
[2024-11-05T00:54:37.236+0000] {logging_mixin.py:190} INFO - [2024-11-05T00:54:37.232+0000] {dag.py:3262} INFO - Creating ORM DAG for dataset_with_extra_by_context
[2024-11-05T00:54:37.268+0000] {logging_mixin.py:190} INFO - [2024-11-05T00:54:37.268+0000] {dag.py:4180} INFO - Setting next_dagrun for dataset_with_extra_by_context to 2024-11-04 00:00:00+00:00, run_after=2024-11-05 00:00:00+00:00
[2024-11-05T00:54:37.277+0000] {logging_mixin.py:190} INFO - [2024-11-05T00:54:37.276+0000] {dag.py:4180} INFO - Setting next_dagrun for dataset_with_extra_by_yield to 2024-11-04 00:00:00+00:00, run_after=2024-11-05 00:00:00+00:00
[2024-11-05T00:54:37.286+0000] {logging_mixin.py:190} INFO - [2024-11-05T00:54:37.285+0000] {dag.py:4180} INFO - Setting next_dagrun for dataset_with_extra_from_classic_operator to 2024-11-04 00:00:00+00:00, run_after=2024-11-05 00:00:00+00:00
[2024-11-05T00:54:37.377+0000] {processor.py:208} INFO - Processing /home/airflow/.local/lib/python3.12/site-packages/airflow/example_dags/example_outlet_event_extra.py took 1.740 seconds
[2024-11-05T00:55:07.561+0000] {processor.py:186} INFO - Started process (PID=161) to work on /home/airflow/.local/lib/python3.12/site-packages/airflow/example_dags/example_outlet_event_extra.py
[2024-11-05T00:55:07.563+0000] {processor.py:914} INFO - Processing file /home/airflow/.local/lib/python3.12/site-packages/airflow/example_dags/example_outlet_event_extra.py for tasks to queue
[2024-11-05T00:55:07.570+0000] {logging_mixin.py:190} INFO - [2024-11-05T00:55:07.569+0000] {dagbag.py:588} INFO - Filling up the DagBag from /home/airflow/.local/lib/python3.12/site-packages/airflow/example_dags/example_outlet_event_extra.py
[2024-11-05T00:55:07.838+0000] {processor.py:925} INFO - DAG(s) 'dataset_with_extra_by_context', 'dataset_with_extra_from_classic_operator', 'dataset_with_extra_by_yield' retrieved from /home/airflow/.local/lib/python3.12/site-packages/airflow/example_dags/example_outlet_event_extra.py
[2024-11-05T00:55:07.893+0000] {logging_mixin.py:190} INFO - [2024-11-05T00:55:07.893+0000] {dag.py:3239} INFO - Sync 3 DAGs
[2024-11-05T00:55:07.939+0000] {logging_mixin.py:190} INFO - [2024-11-05T00:55:07.938+0000] {dag.py:4180} INFO - Setting next_dagrun for dataset_with_extra_by_context to 2024-11-04 00:00:00+00:00, run_after=2024-11-05 00:00:00+00:00
[2024-11-05T00:55:07.948+0000] {logging_mixin.py:190} INFO - [2024-11-05T00:55:07.948+0000] {dag.py:4180} INFO - Setting next_dagrun for dataset_with_extra_by_yield to 2024-11-04 00:00:00+00:00, run_after=2024-11-05 00:00:00+00:00
[2024-11-05T00:55:07.953+0000] {logging_mixin.py:190} INFO - [2024-11-05T00:55:07.953+0000] {dag.py:4180} INFO - Setting next_dagrun for dataset_with_extra_from_classic_operator to 2024-11-04 00:00:00+00:00, run_after=2024-11-05 00:00:00+00:00
[2024-11-05T00:55:07.992+0000] {processor.py:208} INFO - Processing /home/airflow/.local/lib/python3.12/site-packages/airflow/example_dags/example_outlet_event_extra.py took 0.444 seconds
[2024-11-05T00:55:38.177+0000] {processor.py:186} INFO - Started process (PID=224) to work on /home/airflow/.local/lib/python3.12/site-packages/airflow/example_dags/example_outlet_event_extra.py
[2024-11-05T00:55:38.180+0000] {processor.py:914} INFO - Processing file /home/airflow/.local/lib/python3.12/site-packages/airflow/example_dags/example_outlet_event_extra.py for tasks to queue
[2024-11-05T00:55:38.185+0000] {logging_mixin.py:190} INFO - [2024-11-05T00:55:38.184+0000] {dagbag.py:588} INFO - Filling up the DagBag from /home/airflow/.local/lib/python3.12/site-packages/airflow/example_dags/example_outlet_event_extra.py
[2024-11-05T00:55:38.518+0000] {processor.py:925} INFO - DAG(s) 'dataset_with_extra_from_classic_operator', 'dataset_with_extra_by_yield', 'dataset_with_extra_by_context' retrieved from /home/airflow/.local/lib/python3.12/site-packages/airflow/example_dags/example_outlet_event_extra.py
[2024-11-05T00:55:38.557+0000] {logging_mixin.py:190} INFO - [2024-11-05T00:55:38.556+0000] {dag.py:3239} INFO - Sync 3 DAGs
[2024-11-05T00:55:38.591+0000] {logging_mixin.py:190} INFO - [2024-11-05T00:55:38.590+0000] {dag.py:4180} INFO - Setting next_dagrun for dataset_with_extra_by_context to 2024-11-04 00:00:00+00:00, run_after=2024-11-05 00:00:00+00:00
[2024-11-05T00:55:38.599+0000] {logging_mixin.py:190} INFO - [2024-11-05T00:55:38.598+0000] {dag.py:4180} INFO - Setting next_dagrun for dataset_with_extra_by_yield to 2024-11-04 00:00:00+00:00, run_after=2024-11-05 00:00:00+00:00
[2024-11-05T00:55:38.603+0000] {logging_mixin.py:190} INFO - [2024-11-05T00:55:38.603+0000] {dag.py:4180} INFO - Setting next_dagrun for dataset_with_extra_from_classic_operator to 2024-11-04 00:00:00+00:00, run_after=2024-11-05 00:00:00+00:00
[2024-11-05T00:55:38.638+0000] {processor.py:208} INFO - Processing /home/airflow/.local/lib/python3.12/site-packages/airflow/example_dags/example_outlet_event_extra.py took 0.471 seconds
