[2024-11-05T00:54:36.017+0000] {processor.py:186} INFO - Started process (PID=100) to work on /home/airflow/.local/lib/python3.12/site-packages/airflow/example_dags/example_task_group_decorator.py
[2024-11-05T00:54:36.030+0000] {processor.py:914} INFO - Processing file /home/airflow/.local/lib/python3.12/site-packages/airflow/example_dags/example_task_group_decorator.py for tasks to queue
[2024-11-05T00:54:36.037+0000] {logging_mixin.py:190} INFO - [2024-11-05T00:54:36.036+0000] {dagbag.py:588} INFO - Filling up the DagBag from /home/airflow/.local/lib/python3.12/site-packages/airflow/example_dags/example_task_group_decorator.py
[2024-11-05T00:54:36.104+0000] {processor.py:925} INFO - DAG(s) 'example_task_group_decorator' retrieved from /home/airflow/.local/lib/python3.12/site-packages/airflow/example_dags/example_task_group_decorator.py
[2024-11-05T00:54:36.469+0000] {logging_mixin.py:190} INFO - [2024-11-05T00:54:36.468+0000] {override.py:1900} INFO - Created Permission View: can edit on DAG:example_task_group_decorator
[2024-11-05T00:54:36.508+0000] {logging_mixin.py:190} INFO - [2024-11-05T00:54:36.507+0000] {override.py:1900} INFO - Created Permission View: can read on DAG:example_task_group_decorator
[2024-11-05T00:54:36.526+0000] {logging_mixin.py:190} INFO - [2024-11-05T00:54:36.525+0000] {override.py:1900} INFO - Created Permission View: can delete on DAG:example_task_group_decorator
[2024-11-05T00:54:36.572+0000] {logging_mixin.py:190} INFO - [2024-11-05T00:54:36.571+0000] {override.py:1900} INFO - Created Permission View: menu access on DAG Run:example_task_group_decorator
[2024-11-05T00:54:36.596+0000] {logging_mixin.py:190} INFO - [2024-11-05T00:54:36.596+0000] {override.py:1900} INFO - Created Permission View: can read on DAG Run:example_task_group_decorator
[2024-11-05T00:54:36.642+0000] {logging_mixin.py:190} INFO - [2024-11-05T00:54:36.641+0000] {override.py:1900} INFO - Created Permission View: can delete on DAG Run:example_task_group_decorator
[2024-11-05T00:54:36.667+0000] {logging_mixin.py:190} INFO - [2024-11-05T00:54:36.666+0000] {override.py:1900} INFO - Created Permission View: can create on DAG Run:example_task_group_decorator
[2024-11-05T00:54:36.669+0000] {logging_mixin.py:190} INFO - [2024-11-05T00:54:36.669+0000] {dag.py:3239} INFO - Sync 1 DAGs
[2024-11-05T00:54:36.726+0000] {logging_mixin.py:190} INFO - [2024-11-05T00:54:36.725+0000] {dag.py:3262} INFO - Creating ORM DAG for example_task_group_decorator
[2024-11-05T00:54:36.727+0000] {logging_mixin.py:190} INFO - [2024-11-05T00:54:36.727+0000] {dag.py:4180} INFO - Setting next_dagrun for example_task_group_decorator to None, run_after=None
[2024-11-05T00:54:36.805+0000] {processor.py:208} INFO - Processing /home/airflow/.local/lib/python3.12/site-packages/airflow/example_dags/example_task_group_decorator.py took 0.805 seconds
[2024-11-05T00:55:07.561+0000] {processor.py:186} INFO - Started process (PID=162) to work on /home/airflow/.local/lib/python3.12/site-packages/airflow/example_dags/example_task_group_decorator.py
[2024-11-05T00:55:07.564+0000] {processor.py:914} INFO - Processing file /home/airflow/.local/lib/python3.12/site-packages/airflow/example_dags/example_task_group_decorator.py for tasks to queue
[2024-11-05T00:55:07.570+0000] {logging_mixin.py:190} INFO - [2024-11-05T00:55:07.569+0000] {dagbag.py:588} INFO - Filling up the DagBag from /home/airflow/.local/lib/python3.12/site-packages/airflow/example_dags/example_task_group_decorator.py
[2024-11-05T00:55:07.604+0000] {processor.py:925} INFO - DAG(s) 'example_task_group_decorator' retrieved from /home/airflow/.local/lib/python3.12/site-packages/airflow/example_dags/example_task_group_decorator.py
[2024-11-05T00:55:07.653+0000] {logging_mixin.py:190} INFO - [2024-11-05T00:55:07.653+0000] {dag.py:3239} INFO - Sync 1 DAGs
[2024-11-05T00:55:07.680+0000] {logging_mixin.py:190} INFO - [2024-11-05T00:55:07.680+0000] {dag.py:4180} INFO - Setting next_dagrun for example_task_group_decorator to None, run_after=None
[2024-11-05T00:55:07.723+0000] {processor.py:208} INFO - Processing /home/airflow/.local/lib/python3.12/site-packages/airflow/example_dags/example_task_group_decorator.py took 0.175 seconds
[2024-11-05T00:55:37.927+0000] {processor.py:186} INFO - Started process (PID=223) to work on /home/airflow/.local/lib/python3.12/site-packages/airflow/example_dags/example_task_group_decorator.py
[2024-11-05T00:55:37.930+0000] {processor.py:914} INFO - Processing file /home/airflow/.local/lib/python3.12/site-packages/airflow/example_dags/example_task_group_decorator.py for tasks to queue
[2024-11-05T00:55:37.937+0000] {logging_mixin.py:190} INFO - [2024-11-05T00:55:37.936+0000] {dagbag.py:588} INFO - Filling up the DagBag from /home/airflow/.local/lib/python3.12/site-packages/airflow/example_dags/example_task_group_decorator.py
[2024-11-05T00:55:37.972+0000] {processor.py:925} INFO - DAG(s) 'example_task_group_decorator' retrieved from /home/airflow/.local/lib/python3.12/site-packages/airflow/example_dags/example_task_group_decorator.py
[2024-11-05T00:55:38.025+0000] {logging_mixin.py:190} INFO - [2024-11-05T00:55:38.024+0000] {dag.py:3239} INFO - Sync 1 DAGs
[2024-11-05T00:55:38.057+0000] {logging_mixin.py:190} INFO - [2024-11-05T00:55:38.056+0000] {dag.py:4180} INFO - Setting next_dagrun for example_task_group_decorator to None, run_after=None
[2024-11-05T00:55:38.101+0000] {processor.py:208} INFO - Processing /home/airflow/.local/lib/python3.12/site-packages/airflow/example_dags/example_task_group_decorator.py took 0.185 seconds
