[2024-11-05T00:54:42.983+0000] {processor.py:186} INFO - Started process (PID=114) to work on /home/airflow/.local/lib/python3.12/site-packages/airflow/example_dags/example_sla_dag.py
[2024-11-05T00:54:42.986+0000] {processor.py:914} INFO - Processing file /home/airflow/.local/lib/python3.12/site-packages/airflow/example_dags/example_sla_dag.py for tasks to queue
[2024-11-05T00:54:42.996+0000] {logging_mixin.py:190} INFO - [2024-11-05T00:54:42.995+0000] {dagbag.py:588} INFO - Filling up the DagBag from /home/airflow/.local/lib/python3.12/site-packages/airflow/example_dags/example_sla_dag.py
[2024-11-05T00:54:43.028+0000] {processor.py:925} INFO - DAG(s) 'example_sla_dag' retrieved from /home/airflow/.local/lib/python3.12/site-packages/airflow/example_dags/example_sla_dag.py
[2024-11-05T00:54:43.358+0000] {logging_mixin.py:190} INFO - [2024-11-05T00:54:43.357+0000] {override.py:1900} INFO - Created Permission View: can edit on DAG:example_sla_dag
[2024-11-05T00:54:43.386+0000] {logging_mixin.py:190} INFO - [2024-11-05T00:54:43.385+0000] {override.py:1900} INFO - Created Permission View: can read on DAG:example_sla_dag
[2024-11-05T00:54:43.409+0000] {logging_mixin.py:190} INFO - [2024-11-05T00:54:43.409+0000] {override.py:1900} INFO - Created Permission View: can delete on DAG:example_sla_dag
[2024-11-05T00:54:43.428+0000] {logging_mixin.py:190} INFO - [2024-11-05T00:54:43.427+0000] {override.py:1900} INFO - Created Permission View: menu access on DAG Run:example_sla_dag
[2024-11-05T00:54:43.448+0000] {logging_mixin.py:190} INFO - [2024-11-05T00:54:43.447+0000] {override.py:1900} INFO - Created Permission View: can read on DAG Run:example_sla_dag
[2024-11-05T00:54:43.469+0000] {logging_mixin.py:190} INFO - [2024-11-05T00:54:43.467+0000] {override.py:1900} INFO - Created Permission View: can delete on DAG Run:example_sla_dag
[2024-11-05T00:54:43.490+0000] {logging_mixin.py:190} INFO - [2024-11-05T00:54:43.488+0000] {override.py:1900} INFO - Created Permission View: can create on DAG Run:example_sla_dag
[2024-11-05T00:54:43.494+0000] {logging_mixin.py:190} INFO - [2024-11-05T00:54:43.492+0000] {dag.py:3239} INFO - Sync 1 DAGs
[2024-11-05T00:54:43.542+0000] {logging_mixin.py:190} INFO - [2024-11-05T00:54:43.541+0000] {dag.py:3262} INFO - Creating ORM DAG for example_sla_dag
[2024-11-05T00:54:43.585+0000] {logging_mixin.py:190} INFO - [2024-11-05T00:54:43.585+0000] {dag.py:4180} INFO - Setting next_dagrun for example_sla_dag to 2024-11-05 00:52:00+00:00, run_after=2024-11-05 00:54:00+00:00
[2024-11-05T00:54:43.637+0000] {processor.py:208} INFO - Processing /home/airflow/.local/lib/python3.12/site-packages/airflow/example_dags/example_sla_dag.py took 0.676 seconds
[2024-11-05T00:55:13.751+0000] {processor.py:186} INFO - Started process (PID=175) to work on /home/airflow/.local/lib/python3.12/site-packages/airflow/example_dags/example_sla_dag.py
[2024-11-05T00:55:13.753+0000] {processor.py:914} INFO - Processing file /home/airflow/.local/lib/python3.12/site-packages/airflow/example_dags/example_sla_dag.py for tasks to queue
[2024-11-05T00:55:13.758+0000] {logging_mixin.py:190} INFO - [2024-11-05T00:55:13.756+0000] {dagbag.py:588} INFO - Filling up the DagBag from /home/airflow/.local/lib/python3.12/site-packages/airflow/example_dags/example_sla_dag.py
[2024-11-05T00:55:13.775+0000] {processor.py:925} INFO - DAG(s) 'example_sla_dag' retrieved from /home/airflow/.local/lib/python3.12/site-packages/airflow/example_dags/example_sla_dag.py
[2024-11-05T00:55:13.809+0000] {logging_mixin.py:190} INFO - [2024-11-05T00:55:13.809+0000] {dag.py:3239} INFO - Sync 1 DAGs
[2024-11-05T00:55:13.865+0000] {logging_mixin.py:190} INFO - [2024-11-05T00:55:13.865+0000] {dag.py:4180} INFO - Setting next_dagrun for example_sla_dag to 2024-11-05 00:52:00+00:00, run_after=2024-11-05 00:54:00+00:00
[2024-11-05T00:55:13.912+0000] {processor.py:208} INFO - Processing /home/airflow/.local/lib/python3.12/site-packages/airflow/example_dags/example_sla_dag.py took 0.173 seconds
[2024-11-05T00:55:44.349+0000] {processor.py:186} INFO - Started process (PID=237) to work on /home/airflow/.local/lib/python3.12/site-packages/airflow/example_dags/example_sla_dag.py
[2024-11-05T00:55:44.352+0000] {processor.py:914} INFO - Processing file /home/airflow/.local/lib/python3.12/site-packages/airflow/example_dags/example_sla_dag.py for tasks to queue
[2024-11-05T00:55:44.356+0000] {logging_mixin.py:190} INFO - [2024-11-05T00:55:44.356+0000] {dagbag.py:588} INFO - Filling up the DagBag from /home/airflow/.local/lib/python3.12/site-packages/airflow/example_dags/example_sla_dag.py
[2024-11-05T00:55:44.377+0000] {processor.py:925} INFO - DAG(s) 'example_sla_dag' retrieved from /home/airflow/.local/lib/python3.12/site-packages/airflow/example_dags/example_sla_dag.py
[2024-11-05T00:55:44.411+0000] {logging_mixin.py:190} INFO - [2024-11-05T00:55:44.410+0000] {dag.py:3239} INFO - Sync 1 DAGs
[2024-11-05T00:55:44.463+0000] {logging_mixin.py:190} INFO - [2024-11-05T00:55:44.463+0000] {dag.py:4180} INFO - Setting next_dagrun for example_sla_dag to 2024-11-05 00:52:00+00:00, run_after=2024-11-05 00:54:00+00:00
[2024-11-05T00:55:44.505+0000] {processor.py:208} INFO - Processing /home/airflow/.local/lib/python3.12/site-packages/airflow/example_dags/example_sla_dag.py took 0.165 seconds
