[2024-11-05T00:54:48.815+0000] {processor.py:186} INFO - Started process (PID=124) to work on /home/airflow/.local/lib/python3.12/site-packages/airflow/example_dags/example_xcomargs.py
[2024-11-05T00:54:48.821+0000] {processor.py:914} INFO - Processing file /home/airflow/.local/lib/python3.12/site-packages/airflow/example_dags/example_xcomargs.py for tasks to queue
[2024-11-05T00:54:48.827+0000] {logging_mixin.py:190} INFO - [2024-11-05T00:54:48.825+0000] {dagbag.py:588} INFO - Filling up the DagBag from /home/airflow/.local/lib/python3.12/site-packages/airflow/example_dags/example_xcomargs.py
[2024-11-05T00:54:48.862+0000] {processor.py:925} INFO - DAG(s) 'example_xcom_args_with_operators', 'example_xcom_args' retrieved from /home/airflow/.local/lib/python3.12/site-packages/airflow/example_dags/example_xcomargs.py
[2024-11-05T00:54:49.537+0000] {logging_mixin.py:190} INFO - [2024-11-05T00:54:49.532+0000] {override.py:1900} INFO - Created Permission View: can edit on DAG:example_xcom_args_with_operators
[2024-11-05T00:54:49.567+0000] {logging_mixin.py:190} INFO - [2024-11-05T00:54:49.566+0000] {override.py:1900} INFO - Created Permission View: can read on DAG:example_xcom_args_with_operators
[2024-11-05T00:54:49.591+0000] {logging_mixin.py:190} INFO - [2024-11-05T00:54:49.588+0000] {override.py:1900} INFO - Created Permission View: can delete on DAG:example_xcom_args_with_operators
[2024-11-05T00:54:49.623+0000] {logging_mixin.py:190} INFO - [2024-11-05T00:54:49.622+0000] {override.py:1900} INFO - Created Permission View: menu access on DAG Run:example_xcom_args_with_operators
[2024-11-05T00:54:49.644+0000] {logging_mixin.py:190} INFO - [2024-11-05T00:54:49.644+0000] {override.py:1900} INFO - Created Permission View: can read on DAG Run:example_xcom_args_with_operators
[2024-11-05T00:54:49.664+0000] {logging_mixin.py:190} INFO - [2024-11-05T00:54:49.663+0000] {override.py:1900} INFO - Created Permission View: can delete on DAG Run:example_xcom_args_with_operators
[2024-11-05T00:54:49.682+0000] {logging_mixin.py:190} INFO - [2024-11-05T00:54:49.681+0000] {override.py:1900} INFO - Created Permission View: can create on DAG Run:example_xcom_args_with_operators
[2024-11-05T00:54:49.712+0000] {logging_mixin.py:190} INFO - [2024-11-05T00:54:49.711+0000] {override.py:1900} INFO - Created Permission View: can edit on DAG:example_xcom_args
[2024-11-05T00:54:49.729+0000] {logging_mixin.py:190} INFO - [2024-11-05T00:54:49.728+0000] {override.py:1900} INFO - Created Permission View: can read on DAG:example_xcom_args
[2024-11-05T00:54:49.751+0000] {logging_mixin.py:190} INFO - [2024-11-05T00:54:49.750+0000] {override.py:1900} INFO - Created Permission View: can delete on DAG:example_xcom_args
[2024-11-05T00:54:49.768+0000] {logging_mixin.py:190} INFO - [2024-11-05T00:54:49.767+0000] {override.py:1900} INFO - Created Permission View: menu access on DAG Run:example_xcom_args
[2024-11-05T00:54:49.783+0000] {logging_mixin.py:190} INFO - [2024-11-05T00:54:49.781+0000] {override.py:1900} INFO - Created Permission View: can read on DAG Run:example_xcom_args
[2024-11-05T00:54:49.806+0000] {logging_mixin.py:190} INFO - [2024-11-05T00:54:49.805+0000] {override.py:1900} INFO - Created Permission View: can delete on DAG Run:example_xcom_args
[2024-11-05T00:54:49.826+0000] {logging_mixin.py:190} INFO - [2024-11-05T00:54:49.826+0000] {override.py:1900} INFO - Created Permission View: can create on DAG Run:example_xcom_args
[2024-11-05T00:54:49.831+0000] {logging_mixin.py:190} INFO - [2024-11-05T00:54:49.829+0000] {dag.py:3239} INFO - Sync 2 DAGs
[2024-11-05T00:54:49.867+0000] {logging_mixin.py:190} INFO - [2024-11-05T00:54:49.866+0000] {dag.py:3262} INFO - Creating ORM DAG for example_xcom_args
[2024-11-05T00:54:49.869+0000] {logging_mixin.py:190} INFO - [2024-11-05T00:54:49.868+0000] {dag.py:3262} INFO - Creating ORM DAG for example_xcom_args_with_operators
[2024-11-05T00:54:49.871+0000] {logging_mixin.py:190} INFO - [2024-11-05T00:54:49.870+0000] {dag.py:4180} INFO - Setting next_dagrun for example_xcom_args to None, run_after=None
[2024-11-05T00:54:49.873+0000] {logging_mixin.py:190} INFO - [2024-11-05T00:54:49.872+0000] {dag.py:4180} INFO - Setting next_dagrun for example_xcom_args_with_operators to None, run_after=None
[2024-11-05T00:54:49.939+0000] {processor.py:208} INFO - Processing /home/airflow/.local/lib/python3.12/site-packages/airflow/example_dags/example_xcomargs.py took 1.143 seconds
[2024-11-05T00:55:20.795+0000] {processor.py:186} INFO - Started process (PID=186) to work on /home/airflow/.local/lib/python3.12/site-packages/airflow/example_dags/example_xcomargs.py
[2024-11-05T00:55:20.798+0000] {processor.py:914} INFO - Processing file /home/airflow/.local/lib/python3.12/site-packages/airflow/example_dags/example_xcomargs.py for tasks to queue
[2024-11-05T00:55:20.804+0000] {logging_mixin.py:190} INFO - [2024-11-05T00:55:20.803+0000] {dagbag.py:588} INFO - Filling up the DagBag from /home/airflow/.local/lib/python3.12/site-packages/airflow/example_dags/example_xcomargs.py
[2024-11-05T00:55:20.824+0000] {processor.py:925} INFO - DAG(s) 'example_xcom_args', 'example_xcom_args_with_operators' retrieved from /home/airflow/.local/lib/python3.12/site-packages/airflow/example_dags/example_xcomargs.py
[2024-11-05T00:55:20.865+0000] {logging_mixin.py:190} INFO - [2024-11-05T00:55:20.865+0000] {dag.py:3239} INFO - Sync 2 DAGs
[2024-11-05T00:55:20.894+0000] {logging_mixin.py:190} INFO - [2024-11-05T00:55:20.893+0000] {dag.py:4180} INFO - Setting next_dagrun for example_xcom_args to None, run_after=None
[2024-11-05T00:55:20.902+0000] {logging_mixin.py:190} INFO - [2024-11-05T00:55:20.901+0000] {dag.py:4180} INFO - Setting next_dagrun for example_xcom_args_with_operators to None, run_after=None
[2024-11-05T00:55:20.943+0000] {processor.py:208} INFO - Processing /home/airflow/.local/lib/python3.12/site-packages/airflow/example_dags/example_xcomargs.py took 0.160 seconds
[2024-11-05T00:55:52.637+0000] {processor.py:186} INFO - Started process (PID=248) to work on /home/airflow/.local/lib/python3.12/site-packages/airflow/example_dags/example_xcomargs.py
[2024-11-05T00:55:52.640+0000] {processor.py:914} INFO - Processing file /home/airflow/.local/lib/python3.12/site-packages/airflow/example_dags/example_xcomargs.py for tasks to queue
[2024-11-05T00:55:52.646+0000] {logging_mixin.py:190} INFO - [2024-11-05T00:55:52.645+0000] {dagbag.py:588} INFO - Filling up the DagBag from /home/airflow/.local/lib/python3.12/site-packages/airflow/example_dags/example_xcomargs.py
[2024-11-05T00:55:52.669+0000] {processor.py:925} INFO - DAG(s) 'example_xcom_args', 'example_xcom_args_with_operators' retrieved from /home/airflow/.local/lib/python3.12/site-packages/airflow/example_dags/example_xcomargs.py
[2024-11-05T00:55:52.721+0000] {logging_mixin.py:190} INFO - [2024-11-05T00:55:52.721+0000] {dag.py:3239} INFO - Sync 2 DAGs
[2024-11-05T00:55:52.753+0000] {logging_mixin.py:190} INFO - [2024-11-05T00:55:52.753+0000] {dag.py:4180} INFO - Setting next_dagrun for example_xcom_args to None, run_after=None
[2024-11-05T00:55:52.763+0000] {logging_mixin.py:190} INFO - [2024-11-05T00:55:52.762+0000] {dag.py:4180} INFO - Setting next_dagrun for example_xcom_args_with_operators to None, run_after=None
[2024-11-05T00:55:52.798+0000] {processor.py:208} INFO - Processing /home/airflow/.local/lib/python3.12/site-packages/airflow/example_dags/example_xcomargs.py took 0.172 seconds
