[2024-11-05T00:54:33.959+0000] {processor.py:186} INFO - Started process (PID=95) to work on /home/airflow/.local/lib/python3.12/site-packages/airflow/example_dags/example_branch_operator_decorator.py
[2024-11-05T00:54:33.961+0000] {processor.py:914} INFO - Processing file /home/airflow/.local/lib/python3.12/site-packages/airflow/example_dags/example_branch_operator_decorator.py for tasks to queue
[2024-11-05T00:54:33.969+0000] {logging_mixin.py:190} INFO - [2024-11-05T00:54:33.967+0000] {dagbag.py:588} INFO - Filling up the DagBag from /home/airflow/.local/lib/python3.12/site-packages/airflow/example_dags/example_branch_operator_decorator.py
[2024-11-05T00:54:34.054+0000] {processor.py:925} INFO - DAG(s) 'example_branch_python_operator_decorator' retrieved from /home/airflow/.local/lib/python3.12/site-packages/airflow/example_dags/example_branch_operator_decorator.py
[2024-11-05T00:54:34.433+0000] {logging_mixin.py:190} INFO - [2024-11-05T00:54:34.432+0000] {override.py:1900} INFO - Created Permission View: can edit on DAG:example_branch_python_operator_decorator
[2024-11-05T00:54:34.467+0000] {logging_mixin.py:190} INFO - [2024-11-05T00:54:34.466+0000] {override.py:1900} INFO - Created Permission View: can read on DAG:example_branch_python_operator_decorator
[2024-11-05T00:54:34.494+0000] {logging_mixin.py:190} INFO - [2024-11-05T00:54:34.494+0000] {override.py:1900} INFO - Created Permission View: can delete on DAG:example_branch_python_operator_decorator
[2024-11-05T00:54:34.513+0000] {logging_mixin.py:190} INFO - [2024-11-05T00:54:34.513+0000] {override.py:1900} INFO - Created Permission View: menu access on DAG Run:example_branch_python_operator_decorator
[2024-11-05T00:54:34.540+0000] {logging_mixin.py:190} INFO - [2024-11-05T00:54:34.539+0000] {override.py:1900} INFO - Created Permission View: can read on DAG Run:example_branch_python_operator_decorator
[2024-11-05T00:54:34.559+0000] {logging_mixin.py:190} INFO - [2024-11-05T00:54:34.558+0000] {override.py:1900} INFO - Created Permission View: can delete on DAG Run:example_branch_python_operator_decorator
[2024-11-05T00:54:34.590+0000] {logging_mixin.py:190} INFO - [2024-11-05T00:54:34.589+0000] {override.py:1900} INFO - Created Permission View: can create on DAG Run:example_branch_python_operator_decorator
[2024-11-05T00:54:34.592+0000] {logging_mixin.py:190} INFO - [2024-11-05T00:54:34.592+0000] {dag.py:3239} INFO - Sync 1 DAGs
[2024-11-05T00:54:34.634+0000] {logging_mixin.py:190} INFO - [2024-11-05T00:54:34.634+0000] {dag.py:3262} INFO - Creating ORM DAG for example_branch_python_operator_decorator
[2024-11-05T00:54:34.672+0000] {logging_mixin.py:190} INFO - [2024-11-05T00:54:34.671+0000] {dag.py:4180} INFO - Setting next_dagrun for example_branch_python_operator_decorator to 2024-11-04 00:00:00+00:00, run_after=2024-11-05 00:00:00+00:00
[2024-11-05T00:54:34.719+0000] {processor.py:208} INFO - Processing /home/airflow/.local/lib/python3.12/site-packages/airflow/example_dags/example_branch_operator_decorator.py took 0.777 seconds
[2024-11-05T00:55:04.972+0000] {processor.py:186} INFO - Started process (PID=157) to work on /home/airflow/.local/lib/python3.12/site-packages/airflow/example_dags/example_branch_operator_decorator.py
[2024-11-05T00:55:04.974+0000] {processor.py:914} INFO - Processing file /home/airflow/.local/lib/python3.12/site-packages/airflow/example_dags/example_branch_operator_decorator.py for tasks to queue
[2024-11-05T00:55:04.978+0000] {logging_mixin.py:190} INFO - [2024-11-05T00:55:04.977+0000] {dagbag.py:588} INFO - Filling up the DagBag from /home/airflow/.local/lib/python3.12/site-packages/airflow/example_dags/example_branch_operator_decorator.py
[2024-11-05T00:55:05.014+0000] {processor.py:925} INFO - DAG(s) 'example_branch_python_operator_decorator' retrieved from /home/airflow/.local/lib/python3.12/site-packages/airflow/example_dags/example_branch_operator_decorator.py
[2024-11-05T00:55:05.074+0000] {logging_mixin.py:190} INFO - [2024-11-05T00:55:05.074+0000] {dag.py:3239} INFO - Sync 1 DAGs
[2024-11-05T00:55:05.119+0000] {logging_mixin.py:190} INFO - [2024-11-05T00:55:05.119+0000] {dag.py:4180} INFO - Setting next_dagrun for example_branch_python_operator_decorator to 2024-11-04 00:00:00+00:00, run_after=2024-11-05 00:00:00+00:00
[2024-11-05T00:55:05.158+0000] {processor.py:208} INFO - Processing /home/airflow/.local/lib/python3.12/site-packages/airflow/example_dags/example_branch_operator_decorator.py took 0.197 seconds
[2024-11-05T00:55:35.920+0000] {processor.py:186} INFO - Started process (PID=219) to work on /home/airflow/.local/lib/python3.12/site-packages/airflow/example_dags/example_branch_operator_decorator.py
[2024-11-05T00:55:35.924+0000] {processor.py:914} INFO - Processing file /home/airflow/.local/lib/python3.12/site-packages/airflow/example_dags/example_branch_operator_decorator.py for tasks to queue
[2024-11-05T00:55:35.933+0000] {logging_mixin.py:190} INFO - [2024-11-05T00:55:35.932+0000] {dagbag.py:588} INFO - Filling up the DagBag from /home/airflow/.local/lib/python3.12/site-packages/airflow/example_dags/example_branch_operator_decorator.py
[2024-11-05T00:55:36.010+0000] {processor.py:925} INFO - DAG(s) 'example_branch_python_operator_decorator' retrieved from /home/airflow/.local/lib/python3.12/site-packages/airflow/example_dags/example_branch_operator_decorator.py
[2024-11-05T00:55:36.090+0000] {logging_mixin.py:190} INFO - [2024-11-05T00:55:36.089+0000] {dag.py:3239} INFO - Sync 1 DAGs
[2024-11-05T00:55:36.145+0000] {logging_mixin.py:190} INFO - [2024-11-05T00:55:36.145+0000] {dag.py:4180} INFO - Setting next_dagrun for example_branch_python_operator_decorator to 2024-11-04 00:00:00+00:00, run_after=2024-11-05 00:00:00+00:00
[2024-11-05T00:55:36.203+0000] {processor.py:208} INFO - Processing /home/airflow/.local/lib/python3.12/site-packages/airflow/example_dags/example_branch_operator_decorator.py took 0.303 seconds
