[2024-11-05T00:54:29.062+0000] {processor.py:186} INFO - Started process (PID=86) to work on /home/airflow/.local/lib/python3.12/site-packages/airflow/example_dags/example_python_decorator.py
[2024-11-05T00:54:29.068+0000] {processor.py:914} INFO - Processing file /home/airflow/.local/lib/python3.12/site-packages/airflow/example_dags/example_python_decorator.py for tasks to queue
[2024-11-05T00:54:29.085+0000] {logging_mixin.py:190} INFO - [2024-11-05T00:54:29.083+0000] {dagbag.py:588} INFO - Filling up the DagBag from /home/airflow/.local/lib/python3.12/site-packages/airflow/example_dags/example_python_decorator.py
[2024-11-05T00:54:29.176+0000] {processor.py:925} INFO - DAG(s) 'example_python_decorator' retrieved from /home/airflow/.local/lib/python3.12/site-packages/airflow/example_dags/example_python_decorator.py
[2024-11-05T00:54:29.567+0000] {logging_mixin.py:190} INFO - [2024-11-05T00:54:29.564+0000] {override.py:1900} INFO - Created Permission View: can edit on DAG:example_python_decorator
[2024-11-05T00:54:29.608+0000] {logging_mixin.py:190} INFO - [2024-11-05T00:54:29.607+0000] {override.py:1900} INFO - Created Permission View: can read on DAG:example_python_decorator
[2024-11-05T00:54:29.629+0000] {logging_mixin.py:190} INFO - [2024-11-05T00:54:29.628+0000] {override.py:1900} INFO - Created Permission View: can delete on DAG:example_python_decorator
[2024-11-05T00:54:29.673+0000] {logging_mixin.py:190} INFO - [2024-11-05T00:54:29.673+0000] {override.py:1900} INFO - Created Permission View: menu access on DAG Run:example_python_decorator
[2024-11-05T00:54:29.692+0000] {logging_mixin.py:190} INFO - [2024-11-05T00:54:29.691+0000] {override.py:1900} INFO - Created Permission View: can read on DAG Run:example_python_decorator
[2024-11-05T00:54:29.721+0000] {logging_mixin.py:190} INFO - [2024-11-05T00:54:29.721+0000] {override.py:1900} INFO - Created Permission View: can delete on DAG Run:example_python_decorator
[2024-11-05T00:54:29.740+0000] {logging_mixin.py:190} INFO - [2024-11-05T00:54:29.739+0000] {override.py:1900} INFO - Created Permission View: can create on DAG Run:example_python_decorator
[2024-11-05T00:54:29.749+0000] {logging_mixin.py:190} INFO - [2024-11-05T00:54:29.745+0000] {dag.py:3239} INFO - Sync 1 DAGs
[2024-11-05T00:54:29.797+0000] {logging_mixin.py:190} INFO - [2024-11-05T00:54:29.796+0000] {dag.py:3262} INFO - Creating ORM DAG for example_python_decorator
[2024-11-05T00:54:29.799+0000] {logging_mixin.py:190} INFO - [2024-11-05T00:54:29.798+0000] {dag.py:4180} INFO - Setting next_dagrun for example_python_decorator to None, run_after=None
[2024-11-05T00:54:29.865+0000] {processor.py:208} INFO - Processing /home/airflow/.local/lib/python3.12/site-packages/airflow/example_dags/example_python_decorator.py took 0.817 seconds
[2024-11-05T00:55:00.816+0000] {processor.py:186} INFO - Started process (PID=148) to work on /home/airflow/.local/lib/python3.12/site-packages/airflow/example_dags/example_python_decorator.py
[2024-11-05T00:55:00.818+0000] {processor.py:914} INFO - Processing file /home/airflow/.local/lib/python3.12/site-packages/airflow/example_dags/example_python_decorator.py for tasks to queue
[2024-11-05T00:55:00.823+0000] {logging_mixin.py:190} INFO - [2024-11-05T00:55:00.823+0000] {dagbag.py:588} INFO - Filling up the DagBag from /home/airflow/.local/lib/python3.12/site-packages/airflow/example_dags/example_python_decorator.py
[2024-11-05T00:55:00.852+0000] {processor.py:925} INFO - DAG(s) 'example_python_decorator' retrieved from /home/airflow/.local/lib/python3.12/site-packages/airflow/example_dags/example_python_decorator.py
[2024-11-05T00:55:00.890+0000] {logging_mixin.py:190} INFO - [2024-11-05T00:55:00.890+0000] {dag.py:3239} INFO - Sync 1 DAGs
[2024-11-05T00:55:00.916+0000] {logging_mixin.py:190} INFO - [2024-11-05T00:55:00.915+0000] {dag.py:4180} INFO - Setting next_dagrun for example_python_decorator to None, run_after=None
[2024-11-05T00:55:00.949+0000] {processor.py:208} INFO - Processing /home/airflow/.local/lib/python3.12/site-packages/airflow/example_dags/example_python_decorator.py took 0.145 seconds
[2024-11-05T00:55:31.437+0000] {processor.py:186} INFO - Started process (PID=204) to work on /home/airflow/.local/lib/python3.12/site-packages/airflow/example_dags/example_python_decorator.py
[2024-11-05T00:55:31.448+0000] {processor.py:914} INFO - Processing file /home/airflow/.local/lib/python3.12/site-packages/airflow/example_dags/example_python_decorator.py for tasks to queue
[2024-11-05T00:55:31.452+0000] {logging_mixin.py:190} INFO - [2024-11-05T00:55:31.452+0000] {dagbag.py:588} INFO - Filling up the DagBag from /home/airflow/.local/lib/python3.12/site-packages/airflow/example_dags/example_python_decorator.py
[2024-11-05T00:55:31.502+0000] {processor.py:925} INFO - DAG(s) 'example_python_decorator' retrieved from /home/airflow/.local/lib/python3.12/site-packages/airflow/example_dags/example_python_decorator.py
[2024-11-05T00:55:31.578+0000] {logging_mixin.py:190} INFO - [2024-11-05T00:55:31.578+0000] {dag.py:3239} INFO - Sync 1 DAGs
[2024-11-05T00:55:31.635+0000] {logging_mixin.py:190} INFO - [2024-11-05T00:55:31.628+0000] {dag.py:4180} INFO - Setting next_dagrun for example_python_decorator to None, run_after=None
[2024-11-05T00:55:31.706+0000] {processor.py:208} INFO - Processing /home/airflow/.local/lib/python3.12/site-packages/airflow/example_dags/example_python_decorator.py took 0.283 seconds
[2024-11-05T00:56:02.451+0000] {processor.py:186} INFO - Started process (PID=266) to work on /home/airflow/.local/lib/python3.12/site-packages/airflow/example_dags/example_python_decorator.py
[2024-11-05T00:56:02.454+0000] {processor.py:914} INFO - Processing file /home/airflow/.local/lib/python3.12/site-packages/airflow/example_dags/example_python_decorator.py for tasks to queue
[2024-11-05T00:56:02.460+0000] {logging_mixin.py:190} INFO - [2024-11-05T00:56:02.458+0000] {dagbag.py:588} INFO - Filling up the DagBag from /home/airflow/.local/lib/python3.12/site-packages/airflow/example_dags/example_python_decorator.py
[2024-11-05T00:56:02.502+0000] {processor.py:925} INFO - DAG(s) 'example_python_decorator' retrieved from /home/airflow/.local/lib/python3.12/site-packages/airflow/example_dags/example_python_decorator.py
[2024-11-05T00:56:02.544+0000] {logging_mixin.py:190} INFO - [2024-11-05T00:56:02.544+0000] {dag.py:3239} INFO - Sync 1 DAGs
[2024-11-05T00:56:02.577+0000] {logging_mixin.py:190} INFO - [2024-11-05T00:56:02.576+0000] {dag.py:4180} INFO - Setting next_dagrun for example_python_decorator to None, run_after=None
[2024-11-05T00:56:02.624+0000] {processor.py:208} INFO - Processing /home/airflow/.local/lib/python3.12/site-packages/airflow/example_dags/example_python_decorator.py took 0.189 seconds
