[2024-11-05T00:54:26.940+0000] {processor.py:186} INFO - Started process (PID=76) to work on /home/airflow/.local/lib/python3.12/site-packages/airflow/example_dags/example_setup_teardown.py
[2024-11-05T00:54:26.942+0000] {processor.py:914} INFO - Processing file /home/airflow/.local/lib/python3.12/site-packages/airflow/example_dags/example_setup_teardown.py for tasks to queue
[2024-11-05T00:54:26.947+0000] {logging_mixin.py:190} INFO - [2024-11-05T00:54:26.946+0000] {dagbag.py:588} INFO - Filling up the DagBag from /home/airflow/.local/lib/python3.12/site-packages/airflow/example_dags/example_setup_teardown.py
[2024-11-05T00:54:26.983+0000] {processor.py:925} INFO - DAG(s) 'example_setup_teardown' retrieved from /home/airflow/.local/lib/python3.12/site-packages/airflow/example_dags/example_setup_teardown.py
[2024-11-05T00:54:27.376+0000] {logging_mixin.py:190} INFO - [2024-11-05T00:54:27.374+0000] {override.py:1900} INFO - Created Permission View: can edit on DAG:example_setup_teardown
[2024-11-05T00:54:27.409+0000] {logging_mixin.py:190} INFO - [2024-11-05T00:54:27.409+0000] {override.py:1900} INFO - Created Permission View: can read on DAG:example_setup_teardown
[2024-11-05T00:54:27.437+0000] {logging_mixin.py:190} INFO - [2024-11-05T00:54:27.437+0000] {override.py:1900} INFO - Created Permission View: can delete on DAG:example_setup_teardown
[2024-11-05T00:54:27.471+0000] {logging_mixin.py:190} INFO - [2024-11-05T00:54:27.469+0000] {override.py:1900} INFO - Created Permission View: menu access on DAG Run:example_setup_teardown
[2024-11-05T00:54:27.503+0000] {logging_mixin.py:190} INFO - [2024-11-05T00:54:27.502+0000] {override.py:1900} INFO - Created Permission View: can read on DAG Run:example_setup_teardown
[2024-11-05T00:54:27.528+0000] {logging_mixin.py:190} INFO - [2024-11-05T00:54:27.527+0000] {override.py:1900} INFO - Created Permission View: can delete on DAG Run:example_setup_teardown
[2024-11-05T00:54:27.551+0000] {logging_mixin.py:190} INFO - [2024-11-05T00:54:27.550+0000] {override.py:1900} INFO - Created Permission View: can create on DAG Run:example_setup_teardown
[2024-11-05T00:54:27.552+0000] {logging_mixin.py:190} INFO - [2024-11-05T00:54:27.552+0000] {dag.py:3239} INFO - Sync 1 DAGs
[2024-11-05T00:54:27.591+0000] {logging_mixin.py:190} INFO - [2024-11-05T00:54:27.590+0000] {dag.py:3262} INFO - Creating ORM DAG for example_setup_teardown
[2024-11-05T00:54:27.600+0000] {logging_mixin.py:190} INFO - [2024-11-05T00:54:27.599+0000] {dag.py:4180} INFO - Setting next_dagrun for example_setup_teardown to None, run_after=None
[2024-11-05T00:54:27.659+0000] {processor.py:208} INFO - Processing /home/airflow/.local/lib/python3.12/site-packages/airflow/example_dags/example_setup_teardown.py took 0.741 seconds
[2024-11-05T00:54:57.930+0000] {processor.py:186} INFO - Started process (PID=137) to work on /home/airflow/.local/lib/python3.12/site-packages/airflow/example_dags/example_setup_teardown.py
[2024-11-05T00:54:57.934+0000] {processor.py:914} INFO - Processing file /home/airflow/.local/lib/python3.12/site-packages/airflow/example_dags/example_setup_teardown.py for tasks to queue
[2024-11-05T00:54:57.942+0000] {logging_mixin.py:190} INFO - [2024-11-05T00:54:57.941+0000] {dagbag.py:588} INFO - Filling up the DagBag from /home/airflow/.local/lib/python3.12/site-packages/airflow/example_dags/example_setup_teardown.py
[2024-11-05T00:54:57.967+0000] {processor.py:925} INFO - DAG(s) 'example_setup_teardown' retrieved from /home/airflow/.local/lib/python3.12/site-packages/airflow/example_dags/example_setup_teardown.py
[2024-11-05T00:54:58.029+0000] {logging_mixin.py:190} INFO - [2024-11-05T00:54:58.028+0000] {dag.py:3239} INFO - Sync 1 DAGs
[2024-11-05T00:54:58.070+0000] {logging_mixin.py:190} INFO - [2024-11-05T00:54:58.070+0000] {dag.py:4180} INFO - Setting next_dagrun for example_setup_teardown to None, run_after=None
[2024-11-05T00:54:58.136+0000] {processor.py:208} INFO - Processing /home/airflow/.local/lib/python3.12/site-packages/airflow/example_dags/example_setup_teardown.py took 0.225 seconds
[2024-11-05T00:55:28.289+0000] {processor.py:186} INFO - Started process (PID=199) to work on /home/airflow/.local/lib/python3.12/site-packages/airflow/example_dags/example_setup_teardown.py
[2024-11-05T00:55:28.291+0000] {processor.py:914} INFO - Processing file /home/airflow/.local/lib/python3.12/site-packages/airflow/example_dags/example_setup_teardown.py for tasks to queue
[2024-11-05T00:55:28.296+0000] {logging_mixin.py:190} INFO - [2024-11-05T00:55:28.295+0000] {dagbag.py:588} INFO - Filling up the DagBag from /home/airflow/.local/lib/python3.12/site-packages/airflow/example_dags/example_setup_teardown.py
[2024-11-05T00:55:28.319+0000] {processor.py:925} INFO - DAG(s) 'example_setup_teardown' retrieved from /home/airflow/.local/lib/python3.12/site-packages/airflow/example_dags/example_setup_teardown.py
[2024-11-05T00:55:28.375+0000] {logging_mixin.py:190} INFO - [2024-11-05T00:55:28.375+0000] {dag.py:3239} INFO - Sync 1 DAGs
[2024-11-05T00:55:28.418+0000] {logging_mixin.py:190} INFO - [2024-11-05T00:55:28.418+0000] {dag.py:4180} INFO - Setting next_dagrun for example_setup_teardown to None, run_after=None
[2024-11-05T00:55:28.501+0000] {processor.py:208} INFO - Processing /home/airflow/.local/lib/python3.12/site-packages/airflow/example_dags/example_setup_teardown.py took 0.239 seconds
[2024-11-05T00:55:58.726+0000] {processor.py:186} INFO - Started process (PID=261) to work on /home/airflow/.local/lib/python3.12/site-packages/airflow/example_dags/example_setup_teardown.py
[2024-11-05T00:55:58.729+0000] {processor.py:914} INFO - Processing file /home/airflow/.local/lib/python3.12/site-packages/airflow/example_dags/example_setup_teardown.py for tasks to queue
[2024-11-05T00:55:58.733+0000] {logging_mixin.py:190} INFO - [2024-11-05T00:55:58.733+0000] {dagbag.py:588} INFO - Filling up the DagBag from /home/airflow/.local/lib/python3.12/site-packages/airflow/example_dags/example_setup_teardown.py
[2024-11-05T00:55:58.746+0000] {processor.py:925} INFO - DAG(s) 'example_setup_teardown' retrieved from /home/airflow/.local/lib/python3.12/site-packages/airflow/example_dags/example_setup_teardown.py
[2024-11-05T00:55:58.775+0000] {logging_mixin.py:190} INFO - [2024-11-05T00:55:58.775+0000] {dag.py:3239} INFO - Sync 1 DAGs
[2024-11-05T00:55:58.796+0000] {logging_mixin.py:190} INFO - [2024-11-05T00:55:58.796+0000] {dag.py:4180} INFO - Setting next_dagrun for example_setup_teardown to None, run_after=None
[2024-11-05T00:55:58.830+0000] {processor.py:208} INFO - Processing /home/airflow/.local/lib/python3.12/site-packages/airflow/example_dags/example_setup_teardown.py took 0.114 seconds
