[2024-11-05T00:54:43.725+0000] {processor.py:186} INFO - Started process (PID=115) to work on /home/airflow/.local/lib/python3.12/site-packages/airflow/example_dags/example_sensor_decorator.py
[2024-11-05T00:54:43.731+0000] {processor.py:914} INFO - Processing file /home/airflow/.local/lib/python3.12/site-packages/airflow/example_dags/example_sensor_decorator.py for tasks to queue
[2024-11-05T00:54:43.736+0000] {logging_mixin.py:190} INFO - [2024-11-05T00:54:43.735+0000] {dagbag.py:588} INFO - Filling up the DagBag from /home/airflow/.local/lib/python3.12/site-packages/airflow/example_dags/example_sensor_decorator.py
[2024-11-05T00:54:43.757+0000] {processor.py:925} INFO - DAG(s) 'example_sensor_decorator' retrieved from /home/airflow/.local/lib/python3.12/site-packages/airflow/example_dags/example_sensor_decorator.py
[2024-11-05T00:54:43.965+0000] {logging_mixin.py:190} INFO - [2024-11-05T00:54:43.964+0000] {override.py:1900} INFO - Created Permission View: can edit on DAG:example_sensor_decorator
[2024-11-05T00:54:43.984+0000] {logging_mixin.py:190} INFO - [2024-11-05T00:54:43.984+0000] {override.py:1900} INFO - Created Permission View: can read on DAG:example_sensor_decorator
[2024-11-05T00:54:43.996+0000] {logging_mixin.py:190} INFO - [2024-11-05T00:54:43.995+0000] {override.py:1900} INFO - Created Permission View: can delete on DAG:example_sensor_decorator
[2024-11-05T00:54:44.009+0000] {logging_mixin.py:190} INFO - [2024-11-05T00:54:44.009+0000] {override.py:1900} INFO - Created Permission View: menu access on DAG Run:example_sensor_decorator
[2024-11-05T00:54:44.020+0000] {logging_mixin.py:190} INFO - [2024-11-05T00:54:44.019+0000] {override.py:1900} INFO - Created Permission View: can read on DAG Run:example_sensor_decorator
[2024-11-05T00:54:44.032+0000] {logging_mixin.py:190} INFO - [2024-11-05T00:54:44.032+0000] {override.py:1900} INFO - Created Permission View: can delete on DAG Run:example_sensor_decorator
[2024-11-05T00:54:44.044+0000] {logging_mixin.py:190} INFO - [2024-11-05T00:54:44.043+0000] {override.py:1900} INFO - Created Permission View: can create on DAG Run:example_sensor_decorator
[2024-11-05T00:54:44.045+0000] {logging_mixin.py:190} INFO - [2024-11-05T00:54:44.045+0000] {dag.py:3239} INFO - Sync 1 DAGs
[2024-11-05T00:54:44.073+0000] {logging_mixin.py:190} INFO - [2024-11-05T00:54:44.073+0000] {dag.py:3262} INFO - Creating ORM DAG for example_sensor_decorator
[2024-11-05T00:54:44.075+0000] {logging_mixin.py:190} INFO - [2024-11-05T00:54:44.075+0000] {dag.py:4180} INFO - Setting next_dagrun for example_sensor_decorator to None, run_after=None
[2024-11-05T00:54:44.104+0000] {processor.py:208} INFO - Processing /home/airflow/.local/lib/python3.12/site-packages/airflow/example_dags/example_sensor_decorator.py took 0.393 seconds
[2024-11-05T00:55:14.770+0000] {processor.py:186} INFO - Started process (PID=177) to work on /home/airflow/.local/lib/python3.12/site-packages/airflow/example_dags/example_sensor_decorator.py
[2024-11-05T00:55:14.772+0000] {processor.py:914} INFO - Processing file /home/airflow/.local/lib/python3.12/site-packages/airflow/example_dags/example_sensor_decorator.py for tasks to queue
[2024-11-05T00:55:14.777+0000] {logging_mixin.py:190} INFO - [2024-11-05T00:55:14.776+0000] {dagbag.py:588} INFO - Filling up the DagBag from /home/airflow/.local/lib/python3.12/site-packages/airflow/example_dags/example_sensor_decorator.py
[2024-11-05T00:55:14.797+0000] {processor.py:925} INFO - DAG(s) 'example_sensor_decorator' retrieved from /home/airflow/.local/lib/python3.12/site-packages/airflow/example_dags/example_sensor_decorator.py
[2024-11-05T00:55:14.847+0000] {logging_mixin.py:190} INFO - [2024-11-05T00:55:14.847+0000] {dag.py:3239} INFO - Sync 1 DAGs
[2024-11-05T00:55:14.885+0000] {logging_mixin.py:190} INFO - [2024-11-05T00:55:14.885+0000] {dag.py:4180} INFO - Setting next_dagrun for example_sensor_decorator to None, run_after=None
[2024-11-05T00:55:14.933+0000] {processor.py:208} INFO - Processing /home/airflow/.local/lib/python3.12/site-packages/airflow/example_dags/example_sensor_decorator.py took 0.177 seconds
[2024-11-05T00:55:45.551+0000] {processor.py:186} INFO - Started process (PID=238) to work on /home/airflow/.local/lib/python3.12/site-packages/airflow/example_dags/example_sensor_decorator.py
[2024-11-05T00:55:45.559+0000] {processor.py:914} INFO - Processing file /home/airflow/.local/lib/python3.12/site-packages/airflow/example_dags/example_sensor_decorator.py for tasks to queue
[2024-11-05T00:55:45.564+0000] {logging_mixin.py:190} INFO - [2024-11-05T00:55:45.564+0000] {dagbag.py:588} INFO - Filling up the DagBag from /home/airflow/.local/lib/python3.12/site-packages/airflow/example_dags/example_sensor_decorator.py
[2024-11-05T00:55:45.583+0000] {processor.py:925} INFO - DAG(s) 'example_sensor_decorator' retrieved from /home/airflow/.local/lib/python3.12/site-packages/airflow/example_dags/example_sensor_decorator.py
[2024-11-05T00:55:45.627+0000] {logging_mixin.py:190} INFO - [2024-11-05T00:55:45.626+0000] {dag.py:3239} INFO - Sync 1 DAGs
[2024-11-05T00:55:45.658+0000] {logging_mixin.py:190} INFO - [2024-11-05T00:55:45.658+0000] {dag.py:4180} INFO - Setting next_dagrun for example_sensor_decorator to None, run_after=None
[2024-11-05T00:55:45.703+0000] {processor.py:208} INFO - Processing /home/airflow/.local/lib/python3.12/site-packages/airflow/example_dags/example_sensor_decorator.py took 0.165 seconds
