[2024-11-05T00:54:24.507+0000] {processor.py:186} INFO - Started process (PID=73) to work on /home/airflow/.local/lib/python3.12/site-packages/airflow/example_dags/example_short_circuit_operator.py
[2024-11-05T00:54:24.509+0000] {processor.py:914} INFO - Processing file /home/airflow/.local/lib/python3.12/site-packages/airflow/example_dags/example_short_circuit_operator.py for tasks to queue
[2024-11-05T00:54:24.522+0000] {logging_mixin.py:190} INFO - [2024-11-05T00:54:24.521+0000] {dagbag.py:588} INFO - Filling up the DagBag from /home/airflow/.local/lib/python3.12/site-packages/airflow/example_dags/example_short_circuit_operator.py
[2024-11-05T00:54:24.557+0000] {processor.py:925} INFO - DAG(s) 'example_short_circuit_operator' retrieved from /home/airflow/.local/lib/python3.12/site-packages/airflow/example_dags/example_short_circuit_operator.py
[2024-11-05T00:54:24.958+0000] {logging_mixin.py:190} INFO - [2024-11-05T00:54:24.957+0000] {override.py:1900} INFO - Created Permission View: can edit on DAG:example_short_circuit_operator
[2024-11-05T00:54:24.989+0000] {logging_mixin.py:190} INFO - [2024-11-05T00:54:24.988+0000] {override.py:1900} INFO - Created Permission View: can read on DAG:example_short_circuit_operator
[2024-11-05T00:54:25.012+0000] {logging_mixin.py:190} INFO - [2024-11-05T00:54:25.012+0000] {override.py:1900} INFO - Created Permission View: can delete on DAG:example_short_circuit_operator
[2024-11-05T00:54:25.049+0000] {logging_mixin.py:190} INFO - [2024-11-05T00:54:25.048+0000] {override.py:1900} INFO - Created Permission View: menu access on DAG Run:example_short_circuit_operator
[2024-11-05T00:54:25.085+0000] {logging_mixin.py:190} INFO - [2024-11-05T00:54:25.084+0000] {override.py:1900} INFO - Created Permission View: can read on DAG Run:example_short_circuit_operator
[2024-11-05T00:54:25.111+0000] {logging_mixin.py:190} INFO - [2024-11-05T00:54:25.105+0000] {override.py:1900} INFO - Created Permission View: can delete on DAG Run:example_short_circuit_operator
[2024-11-05T00:54:25.147+0000] {logging_mixin.py:190} INFO - [2024-11-05T00:54:25.146+0000] {override.py:1900} INFO - Created Permission View: can create on DAG Run:example_short_circuit_operator
[2024-11-05T00:54:25.149+0000] {logging_mixin.py:190} INFO - [2024-11-05T00:54:25.148+0000] {dag.py:3239} INFO - Sync 1 DAGs
[2024-11-05T00:54:25.212+0000] {logging_mixin.py:190} INFO - [2024-11-05T00:54:25.212+0000] {dag.py:3262} INFO - Creating ORM DAG for example_short_circuit_operator
[2024-11-05T00:54:25.217+0000] {logging_mixin.py:190} INFO - [2024-11-05T00:54:25.216+0000] {dag.py:4180} INFO - Setting next_dagrun for example_short_circuit_operator to None, run_after=None
[2024-11-05T00:54:25.270+0000] {processor.py:208} INFO - Processing /home/airflow/.local/lib/python3.12/site-packages/airflow/example_dags/example_short_circuit_operator.py took 0.781 seconds
[2024-11-05T00:54:55.546+0000] {processor.py:186} INFO - Started process (PID=133) to work on /home/airflow/.local/lib/python3.12/site-packages/airflow/example_dags/example_short_circuit_operator.py
[2024-11-05T00:54:55.559+0000] {processor.py:914} INFO - Processing file /home/airflow/.local/lib/python3.12/site-packages/airflow/example_dags/example_short_circuit_operator.py for tasks to queue
[2024-11-05T00:54:55.565+0000] {logging_mixin.py:190} INFO - [2024-11-05T00:54:55.564+0000] {dagbag.py:588} INFO - Filling up the DagBag from /home/airflow/.local/lib/python3.12/site-packages/airflow/example_dags/example_short_circuit_operator.py
[2024-11-05T00:54:55.601+0000] {processor.py:925} INFO - DAG(s) 'example_short_circuit_operator' retrieved from /home/airflow/.local/lib/python3.12/site-packages/airflow/example_dags/example_short_circuit_operator.py
[2024-11-05T00:54:55.682+0000] {logging_mixin.py:190} INFO - [2024-11-05T00:54:55.682+0000] {dag.py:3239} INFO - Sync 1 DAGs
[2024-11-05T00:54:55.761+0000] {logging_mixin.py:190} INFO - [2024-11-05T00:54:55.760+0000] {dag.py:4180} INFO - Setting next_dagrun for example_short_circuit_operator to None, run_after=None
[2024-11-05T00:54:55.837+0000] {processor.py:208} INFO - Processing /home/airflow/.local/lib/python3.12/site-packages/airflow/example_dags/example_short_circuit_operator.py took 0.307 seconds
[2024-11-05T00:55:26.598+0000] {processor.py:186} INFO - Started process (PID=195) to work on /home/airflow/.local/lib/python3.12/site-packages/airflow/example_dags/example_short_circuit_operator.py
[2024-11-05T00:55:26.602+0000] {processor.py:914} INFO - Processing file /home/airflow/.local/lib/python3.12/site-packages/airflow/example_dags/example_short_circuit_operator.py for tasks to queue
[2024-11-05T00:55:26.607+0000] {logging_mixin.py:190} INFO - [2024-11-05T00:55:26.606+0000] {dagbag.py:588} INFO - Filling up the DagBag from /home/airflow/.local/lib/python3.12/site-packages/airflow/example_dags/example_short_circuit_operator.py
[2024-11-05T00:55:26.624+0000] {processor.py:925} INFO - DAG(s) 'example_short_circuit_operator' retrieved from /home/airflow/.local/lib/python3.12/site-packages/airflow/example_dags/example_short_circuit_operator.py
[2024-11-05T00:55:26.667+0000] {logging_mixin.py:190} INFO - [2024-11-05T00:55:26.667+0000] {dag.py:3239} INFO - Sync 1 DAGs
[2024-11-05T00:55:26.696+0000] {logging_mixin.py:190} INFO - [2024-11-05T00:55:26.695+0000] {dag.py:4180} INFO - Setting next_dagrun for example_short_circuit_operator to None, run_after=None
[2024-11-05T00:55:26.735+0000] {processor.py:208} INFO - Processing /home/airflow/.local/lib/python3.12/site-packages/airflow/example_dags/example_short_circuit_operator.py took 0.145 seconds
[2024-11-05T00:55:57.318+0000] {processor.py:186} INFO - Started process (PID=257) to work on /home/airflow/.local/lib/python3.12/site-packages/airflow/example_dags/example_short_circuit_operator.py
[2024-11-05T00:55:57.321+0000] {processor.py:914} INFO - Processing file /home/airflow/.local/lib/python3.12/site-packages/airflow/example_dags/example_short_circuit_operator.py for tasks to queue
[2024-11-05T00:55:57.325+0000] {logging_mixin.py:190} INFO - [2024-11-05T00:55:57.324+0000] {dagbag.py:588} INFO - Filling up the DagBag from /home/airflow/.local/lib/python3.12/site-packages/airflow/example_dags/example_short_circuit_operator.py
[2024-11-05T00:55:57.339+0000] {processor.py:925} INFO - DAG(s) 'example_short_circuit_operator' retrieved from /home/airflow/.local/lib/python3.12/site-packages/airflow/example_dags/example_short_circuit_operator.py
[2024-11-05T00:55:57.376+0000] {logging_mixin.py:190} INFO - [2024-11-05T00:55:57.375+0000] {dag.py:3239} INFO - Sync 1 DAGs
[2024-11-05T00:55:57.404+0000] {logging_mixin.py:190} INFO - [2024-11-05T00:55:57.404+0000] {dag.py:4180} INFO - Setting next_dagrun for example_short_circuit_operator to None, run_after=None
[2024-11-05T00:55:57.441+0000] {processor.py:208} INFO - Processing /home/airflow/.local/lib/python3.12/site-packages/airflow/example_dags/example_short_circuit_operator.py took 0.133 seconds
