[2024-11-05T00:54:38.834+0000] {processor.py:186} INFO - Started process (PID=105) to work on /home/airflow/.local/lib/python3.12/site-packages/airflow/example_dags/example_dag_decorator.py
[2024-11-05T00:54:38.836+0000] {processor.py:914} INFO - Processing file /home/airflow/.local/lib/python3.12/site-packages/airflow/example_dags/example_dag_decorator.py for tasks to queue
[2024-11-05T00:54:38.844+0000] {logging_mixin.py:190} INFO - [2024-11-05T00:54:38.842+0000] {dagbag.py:588} INFO - Filling up the DagBag from /home/airflow/.local/lib/python3.12/site-packages/airflow/example_dags/example_dag_decorator.py
[2024-11-05T00:54:38.892+0000] {processor.py:925} INFO - DAG(s) 'example_dag_decorator' retrieved from /home/airflow/.local/lib/python3.12/site-packages/airflow/example_dags/example_dag_decorator.py
[2024-11-05T00:54:39.189+0000] {logging_mixin.py:190} INFO - [2024-11-05T00:54:39.188+0000] {override.py:1900} INFO - Created Permission View: can edit on DAG:example_dag_decorator
[2024-11-05T00:54:39.221+0000] {logging_mixin.py:190} INFO - [2024-11-05T00:54:39.220+0000] {override.py:1900} INFO - Created Permission View: can read on DAG:example_dag_decorator
[2024-11-05T00:54:39.240+0000] {logging_mixin.py:190} INFO - [2024-11-05T00:54:39.239+0000] {override.py:1900} INFO - Created Permission View: can delete on DAG:example_dag_decorator
[2024-11-05T00:54:39.267+0000] {logging_mixin.py:190} INFO - [2024-11-05T00:54:39.266+0000] {override.py:1900} INFO - Created Permission View: menu access on DAG Run:example_dag_decorator
[2024-11-05T00:54:39.287+0000] {logging_mixin.py:190} INFO - [2024-11-05T00:54:39.286+0000] {override.py:1900} INFO - Created Permission View: can read on DAG Run:example_dag_decorator
[2024-11-05T00:54:39.317+0000] {logging_mixin.py:190} INFO - [2024-11-05T00:54:39.315+0000] {override.py:1900} INFO - Created Permission View: can delete on DAG Run:example_dag_decorator
[2024-11-05T00:54:39.341+0000] {logging_mixin.py:190} INFO - [2024-11-05T00:54:39.340+0000] {override.py:1900} INFO - Created Permission View: can create on DAG Run:example_dag_decorator
[2024-11-05T00:54:39.343+0000] {logging_mixin.py:190} INFO - [2024-11-05T00:54:39.343+0000] {dag.py:3239} INFO - Sync 1 DAGs
[2024-11-05T00:54:39.401+0000] {logging_mixin.py:190} INFO - [2024-11-05T00:54:39.401+0000] {dag.py:3262} INFO - Creating ORM DAG for example_dag_decorator
[2024-11-05T00:54:39.403+0000] {logging_mixin.py:190} INFO - [2024-11-05T00:54:39.403+0000] {dag.py:4180} INFO - Setting next_dagrun for example_dag_decorator to None, run_after=None
[2024-11-05T00:54:39.450+0000] {processor.py:208} INFO - Processing /home/airflow/.local/lib/python3.12/site-packages/airflow/example_dags/example_dag_decorator.py took 0.640 seconds
[2024-11-05T00:55:10.308+0000] {processor.py:186} INFO - Started process (PID=167) to work on /home/airflow/.local/lib/python3.12/site-packages/airflow/example_dags/example_dag_decorator.py
[2024-11-05T00:55:10.311+0000] {processor.py:914} INFO - Processing file /home/airflow/.local/lib/python3.12/site-packages/airflow/example_dags/example_dag_decorator.py for tasks to queue
[2024-11-05T00:55:10.316+0000] {logging_mixin.py:190} INFO - [2024-11-05T00:55:10.316+0000] {dagbag.py:588} INFO - Filling up the DagBag from /home/airflow/.local/lib/python3.12/site-packages/airflow/example_dags/example_dag_decorator.py
[2024-11-05T00:55:10.342+0000] {processor.py:925} INFO - DAG(s) 'example_dag_decorator' retrieved from /home/airflow/.local/lib/python3.12/site-packages/airflow/example_dags/example_dag_decorator.py
[2024-11-05T00:55:10.703+0000] {logging_mixin.py:190} INFO - [2024-11-05T00:55:10.702+0000] {dag.py:3239} INFO - Sync 1 DAGs
[2024-11-05T00:55:10.734+0000] {logging_mixin.py:190} INFO - [2024-11-05T00:55:10.733+0000] {dag.py:4180} INFO - Setting next_dagrun for example_dag_decorator to None, run_after=None
[2024-11-05T00:55:10.785+0000] {processor.py:208} INFO - Processing /home/airflow/.local/lib/python3.12/site-packages/airflow/example_dags/example_dag_decorator.py took 0.490 seconds
[2024-11-05T00:55:41.608+0000] {processor.py:186} INFO - Started process (PID=230) to work on /home/airflow/.local/lib/python3.12/site-packages/airflow/example_dags/example_dag_decorator.py
[2024-11-05T00:55:41.612+0000] {processor.py:914} INFO - Processing file /home/airflow/.local/lib/python3.12/site-packages/airflow/example_dags/example_dag_decorator.py for tasks to queue
[2024-11-05T00:55:41.615+0000] {logging_mixin.py:190} INFO - [2024-11-05T00:55:41.615+0000] {dagbag.py:588} INFO - Filling up the DagBag from /home/airflow/.local/lib/python3.12/site-packages/airflow/example_dags/example_dag_decorator.py
[2024-11-05T00:55:41.633+0000] {processor.py:925} INFO - DAG(s) 'example_dag_decorator' retrieved from /home/airflow/.local/lib/python3.12/site-packages/airflow/example_dags/example_dag_decorator.py
[2024-11-05T00:55:41.806+0000] {logging_mixin.py:190} INFO - [2024-11-05T00:55:41.805+0000] {dag.py:3239} INFO - Sync 1 DAGs
[2024-11-05T00:55:41.823+0000] {logging_mixin.py:190} INFO - [2024-11-05T00:55:41.823+0000] {dag.py:4180} INFO - Setting next_dagrun for example_dag_decorator to None, run_after=None
[2024-11-05T00:55:41.857+0000] {processor.py:208} INFO - Processing /home/airflow/.local/lib/python3.12/site-packages/airflow/example_dags/example_dag_decorator.py took 0.257 seconds
