[2024-11-05T00:54:24.180+0000] {processor.py:186} INFO - Started process (PID=72) to work on /home/airflow/.local/lib/python3.12/site-packages/airflow/example_dags/example_inlet_event_extra.py
[2024-11-05T00:54:24.183+0000] {processor.py:914} INFO - Processing file /home/airflow/.local/lib/python3.12/site-packages/airflow/example_dags/example_inlet_event_extra.py for tasks to queue
[2024-11-05T00:54:24.193+0000] {logging_mixin.py:190} INFO - [2024-11-05T00:54:24.189+0000] {dagbag.py:588} INFO - Filling up the DagBag from /home/airflow/.local/lib/python3.12/site-packages/airflow/example_dags/example_inlet_event_extra.py
[2024-11-05T00:54:25.964+0000] {processor.py:925} INFO - DAG(s) 'read_dataset_event_from_classic', 'read_dataset_event' retrieved from /home/airflow/.local/lib/python3.12/site-packages/airflow/example_dags/example_inlet_event_extra.py
[2024-11-05T00:54:26.265+0000] {logging_mixin.py:190} INFO - [2024-11-05T00:54:26.262+0000] {override.py:1900} INFO - Created Permission View: can edit on DAG:read_dataset_event_from_classic
[2024-11-05T00:54:26.313+0000] {logging_mixin.py:190} INFO - [2024-11-05T00:54:26.313+0000] {override.py:1900} INFO - Created Permission View: can read on DAG:read_dataset_event_from_classic
[2024-11-05T00:54:26.337+0000] {logging_mixin.py:190} INFO - [2024-11-05T00:54:26.336+0000] {override.py:1900} INFO - Created Permission View: can delete on DAG:read_dataset_event_from_classic
[2024-11-05T00:54:26.363+0000] {logging_mixin.py:190} INFO - [2024-11-05T00:54:26.362+0000] {override.py:1900} INFO - Created Permission View: menu access on DAG Run:read_dataset_event_from_classic
[2024-11-05T00:54:26.388+0000] {logging_mixin.py:190} INFO - [2024-11-05T00:54:26.387+0000] {override.py:1900} INFO - Created Permission View: can read on DAG Run:read_dataset_event_from_classic
[2024-11-05T00:54:26.410+0000] {logging_mixin.py:190} INFO - [2024-11-05T00:54:26.409+0000] {override.py:1900} INFO - Created Permission View: can delete on DAG Run:read_dataset_event_from_classic
[2024-11-05T00:54:26.427+0000] {logging_mixin.py:190} INFO - [2024-11-05T00:54:26.426+0000] {override.py:1900} INFO - Created Permission View: can create on DAG Run:read_dataset_event_from_classic
[2024-11-05T00:54:26.465+0000] {logging_mixin.py:190} INFO - [2024-11-05T00:54:26.464+0000] {override.py:1900} INFO - Created Permission View: can edit on DAG:read_dataset_event
[2024-11-05T00:54:26.486+0000] {logging_mixin.py:190} INFO - [2024-11-05T00:54:26.485+0000] {override.py:1900} INFO - Created Permission View: can read on DAG:read_dataset_event
[2024-11-05T00:54:26.507+0000] {logging_mixin.py:190} INFO - [2024-11-05T00:54:26.505+0000] {override.py:1900} INFO - Created Permission View: can delete on DAG:read_dataset_event
[2024-11-05T00:54:26.540+0000] {logging_mixin.py:190} INFO - [2024-11-05T00:54:26.539+0000] {override.py:1900} INFO - Created Permission View: menu access on DAG Run:read_dataset_event
[2024-11-05T00:54:26.560+0000] {logging_mixin.py:190} INFO - [2024-11-05T00:54:26.560+0000] {override.py:1900} INFO - Created Permission View: can read on DAG Run:read_dataset_event
[2024-11-05T00:54:26.581+0000] {logging_mixin.py:190} INFO - [2024-11-05T00:54:26.580+0000] {override.py:1900} INFO - Created Permission View: can delete on DAG Run:read_dataset_event
[2024-11-05T00:54:26.606+0000] {logging_mixin.py:190} INFO - [2024-11-05T00:54:26.606+0000] {override.py:1900} INFO - Created Permission View: can create on DAG Run:read_dataset_event
[2024-11-05T00:54:26.609+0000] {logging_mixin.py:190} INFO - [2024-11-05T00:54:26.608+0000] {dag.py:3239} INFO - Sync 2 DAGs
[2024-11-05T00:54:26.647+0000] {logging_mixin.py:190} INFO - [2024-11-05T00:54:26.647+0000] {dag.py:3262} INFO - Creating ORM DAG for read_dataset_event
[2024-11-05T00:54:26.650+0000] {logging_mixin.py:190} INFO - [2024-11-05T00:54:26.649+0000] {dag.py:3262} INFO - Creating ORM DAG for read_dataset_event_from_classic
[2024-11-05T00:54:26.686+0000] {logging_mixin.py:190} INFO - [2024-11-05T00:54:26.685+0000] {dag.py:4180} INFO - Setting next_dagrun for read_dataset_event to 2024-11-04 00:00:00+00:00, run_after=2024-11-05 00:00:00+00:00
[2024-11-05T00:54:26.695+0000] {logging_mixin.py:190} INFO - [2024-11-05T00:54:26.694+0000] {dag.py:4180} INFO - Setting next_dagrun for read_dataset_event_from_classic to 2024-11-04 00:00:00+00:00, run_after=2024-11-05 00:00:00+00:00
[2024-11-05T00:54:26.777+0000] {processor.py:208} INFO - Processing /home/airflow/.local/lib/python3.12/site-packages/airflow/example_dags/example_inlet_event_extra.py took 2.619 seconds
[2024-11-05T00:54:56.961+0000] {processor.py:186} INFO - Started process (PID=135) to work on /home/airflow/.local/lib/python3.12/site-packages/airflow/example_dags/example_inlet_event_extra.py
[2024-11-05T00:54:56.963+0000] {processor.py:914} INFO - Processing file /home/airflow/.local/lib/python3.12/site-packages/airflow/example_dags/example_inlet_event_extra.py for tasks to queue
[2024-11-05T00:54:56.974+0000] {logging_mixin.py:190} INFO - [2024-11-05T00:54:56.974+0000] {dagbag.py:588} INFO - Filling up the DagBag from /home/airflow/.local/lib/python3.12/site-packages/airflow/example_dags/example_inlet_event_extra.py
[2024-11-05T00:54:57.478+0000] {processor.py:925} INFO - DAG(s) 'read_dataset_event', 'read_dataset_event_from_classic' retrieved from /home/airflow/.local/lib/python3.12/site-packages/airflow/example_dags/example_inlet_event_extra.py
[2024-11-05T00:54:57.517+0000] {logging_mixin.py:190} INFO - [2024-11-05T00:54:57.516+0000] {dag.py:3239} INFO - Sync 2 DAGs
[2024-11-05T00:54:57.575+0000] {logging_mixin.py:190} INFO - [2024-11-05T00:54:57.574+0000] {dag.py:4180} INFO - Setting next_dagrun for read_dataset_event to 2024-11-04 00:00:00+00:00, run_after=2024-11-05 00:00:00+00:00
[2024-11-05T00:54:57.587+0000] {logging_mixin.py:190} INFO - [2024-11-05T00:54:57.587+0000] {dag.py:4180} INFO - Setting next_dagrun for read_dataset_event_from_classic to 2024-11-04 00:00:00+00:00, run_after=2024-11-05 00:00:00+00:00
[2024-11-05T00:54:57.623+0000] {processor.py:208} INFO - Processing /home/airflow/.local/lib/python3.12/site-packages/airflow/example_dags/example_inlet_event_extra.py took 0.682 seconds
[2024-11-05T00:55:27.798+0000] {processor.py:186} INFO - Started process (PID=197) to work on /home/airflow/.local/lib/python3.12/site-packages/airflow/example_dags/example_inlet_event_extra.py
[2024-11-05T00:55:27.802+0000] {processor.py:914} INFO - Processing file /home/airflow/.local/lib/python3.12/site-packages/airflow/example_dags/example_inlet_event_extra.py for tasks to queue
[2024-11-05T00:55:27.806+0000] {logging_mixin.py:190} INFO - [2024-11-05T00:55:27.806+0000] {dagbag.py:588} INFO - Filling up the DagBag from /home/airflow/.local/lib/python3.12/site-packages/airflow/example_dags/example_inlet_event_extra.py
[2024-11-05T00:55:28.066+0000] {processor.py:925} INFO - DAG(s) 'read_dataset_event_from_classic', 'read_dataset_event' retrieved from /home/airflow/.local/lib/python3.12/site-packages/airflow/example_dags/example_inlet_event_extra.py
[2024-11-05T00:55:28.096+0000] {logging_mixin.py:190} INFO - [2024-11-05T00:55:28.096+0000] {dag.py:3239} INFO - Sync 2 DAGs
[2024-11-05T00:55:28.132+0000] {logging_mixin.py:190} INFO - [2024-11-05T00:55:28.132+0000] {dag.py:4180} INFO - Setting next_dagrun for read_dataset_event to 2024-11-04 00:00:00+00:00, run_after=2024-11-05 00:00:00+00:00
[2024-11-05T00:55:28.143+0000] {logging_mixin.py:190} INFO - [2024-11-05T00:55:28.143+0000] {dag.py:4180} INFO - Setting next_dagrun for read_dataset_event_from_classic to 2024-11-04 00:00:00+00:00, run_after=2024-11-05 00:00:00+00:00
[2024-11-05T00:55:28.176+0000] {processor.py:208} INFO - Processing /home/airflow/.local/lib/python3.12/site-packages/airflow/example_dags/example_inlet_event_extra.py took 0.387 seconds
[2024-11-05T00:55:58.338+0000] {processor.py:186} INFO - Started process (PID=258) to work on /home/airflow/.local/lib/python3.12/site-packages/airflow/example_dags/example_inlet_event_extra.py
[2024-11-05T00:55:58.343+0000] {processor.py:914} INFO - Processing file /home/airflow/.local/lib/python3.12/site-packages/airflow/example_dags/example_inlet_event_extra.py for tasks to queue
[2024-11-05T00:55:58.349+0000] {logging_mixin.py:190} INFO - [2024-11-05T00:55:58.348+0000] {dagbag.py:588} INFO - Filling up the DagBag from /home/airflow/.local/lib/python3.12/site-packages/airflow/example_dags/example_inlet_event_extra.py
[2024-11-05T00:55:58.579+0000] {processor.py:925} INFO - DAG(s) 'read_dataset_event', 'read_dataset_event_from_classic' retrieved from /home/airflow/.local/lib/python3.12/site-packages/airflow/example_dags/example_inlet_event_extra.py
[2024-11-05T00:55:58.617+0000] {logging_mixin.py:190} INFO - [2024-11-05T00:55:58.616+0000] {dag.py:3239} INFO - Sync 2 DAGs
[2024-11-05T00:55:58.661+0000] {logging_mixin.py:190} INFO - [2024-11-05T00:55:58.661+0000] {dag.py:4180} INFO - Setting next_dagrun for read_dataset_event to 2024-11-04 00:00:00+00:00, run_after=2024-11-05 00:00:00+00:00
[2024-11-05T00:55:58.670+0000] {logging_mixin.py:190} INFO - [2024-11-05T00:55:58.670+0000] {dag.py:4180} INFO - Setting next_dagrun for read_dataset_event_from_classic to 2024-11-04 00:00:00+00:00, run_after=2024-11-05 00:00:00+00:00
[2024-11-05T00:55:58.697+0000] {processor.py:208} INFO - Processing /home/airflow/.local/lib/python3.12/site-packages/airflow/example_dags/example_inlet_event_extra.py took 0.368 seconds
