[2024-11-05T00:54:40.476+0000] {processor.py:186} INFO - Started process (PID=109) to work on /home/airflow/.local/lib/python3.12/site-packages/airflow/example_dags/example_nested_branch_dag.py
[2024-11-05T00:54:40.478+0000] {processor.py:914} INFO - Processing file /home/airflow/.local/lib/python3.12/site-packages/airflow/example_dags/example_nested_branch_dag.py for tasks to queue
[2024-11-05T00:54:40.487+0000] {logging_mixin.py:190} INFO - [2024-11-05T00:54:40.485+0000] {dagbag.py:588} INFO - Filling up the DagBag from /home/airflow/.local/lib/python3.12/site-packages/airflow/example_dags/example_nested_branch_dag.py
[2024-11-05T00:54:40.527+0000] {processor.py:925} INFO - DAG(s) 'example_nested_branch_dag' retrieved from /home/airflow/.local/lib/python3.12/site-packages/airflow/example_dags/example_nested_branch_dag.py
[2024-11-05T00:54:40.819+0000] {logging_mixin.py:190} INFO - [2024-11-05T00:54:40.817+0000] {override.py:1900} INFO - Created Permission View: can edit on DAG:example_nested_branch_dag
[2024-11-05T00:54:40.845+0000] {logging_mixin.py:190} INFO - [2024-11-05T00:54:40.844+0000] {override.py:1900} INFO - Created Permission View: can read on DAG:example_nested_branch_dag
[2024-11-05T00:54:40.876+0000] {logging_mixin.py:190} INFO - [2024-11-05T00:54:40.876+0000] {override.py:1900} INFO - Created Permission View: can delete on DAG:example_nested_branch_dag
[2024-11-05T00:54:40.905+0000] {logging_mixin.py:190} INFO - [2024-11-05T00:54:40.904+0000] {override.py:1900} INFO - Created Permission View: menu access on DAG Run:example_nested_branch_dag
[2024-11-05T00:54:40.924+0000] {logging_mixin.py:190} INFO - [2024-11-05T00:54:40.923+0000] {override.py:1900} INFO - Created Permission View: can read on DAG Run:example_nested_branch_dag
[2024-11-05T00:54:40.936+0000] {logging_mixin.py:190} INFO - [2024-11-05T00:54:40.936+0000] {override.py:1900} INFO - Created Permission View: can delete on DAG Run:example_nested_branch_dag
[2024-11-05T00:54:40.948+0000] {logging_mixin.py:190} INFO - [2024-11-05T00:54:40.947+0000] {override.py:1900} INFO - Created Permission View: can create on DAG Run:example_nested_branch_dag
[2024-11-05T00:54:40.950+0000] {logging_mixin.py:190} INFO - [2024-11-05T00:54:40.949+0000] {dag.py:3239} INFO - Sync 1 DAGs
[2024-11-05T00:54:40.980+0000] {logging_mixin.py:190} INFO - [2024-11-05T00:54:40.979+0000] {dag.py:3262} INFO - Creating ORM DAG for example_nested_branch_dag
[2024-11-05T00:54:41.007+0000] {logging_mixin.py:190} INFO - [2024-11-05T00:54:41.006+0000] {dag.py:4180} INFO - Setting next_dagrun for example_nested_branch_dag to 2024-11-04 00:00:00+00:00, run_after=2024-11-05 00:00:00+00:00
[2024-11-05T00:54:41.046+0000] {processor.py:208} INFO - Processing /home/airflow/.local/lib/python3.12/site-packages/airflow/example_dags/example_nested_branch_dag.py took 0.583 seconds
[2024-11-05T00:55:11.849+0000] {processor.py:186} INFO - Started process (PID=171) to work on /home/airflow/.local/lib/python3.12/site-packages/airflow/example_dags/example_nested_branch_dag.py
[2024-11-05T00:55:11.851+0000] {processor.py:914} INFO - Processing file /home/airflow/.local/lib/python3.12/site-packages/airflow/example_dags/example_nested_branch_dag.py for tasks to queue
[2024-11-05T00:55:11.857+0000] {logging_mixin.py:190} INFO - [2024-11-05T00:55:11.856+0000] {dagbag.py:588} INFO - Filling up the DagBag from /home/airflow/.local/lib/python3.12/site-packages/airflow/example_dags/example_nested_branch_dag.py
[2024-11-05T00:55:11.880+0000] {processor.py:925} INFO - DAG(s) 'example_nested_branch_dag' retrieved from /home/airflow/.local/lib/python3.12/site-packages/airflow/example_dags/example_nested_branch_dag.py
[2024-11-05T00:55:11.923+0000] {logging_mixin.py:190} INFO - [2024-11-05T00:55:11.923+0000] {dag.py:3239} INFO - Sync 1 DAGs
[2024-11-05T00:55:11.976+0000] {logging_mixin.py:190} INFO - [2024-11-05T00:55:11.975+0000] {dag.py:4180} INFO - Setting next_dagrun for example_nested_branch_dag to 2024-11-04 00:00:00+00:00, run_after=2024-11-05 00:00:00+00:00
[2024-11-05T00:55:12.017+0000] {processor.py:208} INFO - Processing /home/airflow/.local/lib/python3.12/site-packages/airflow/example_dags/example_nested_branch_dag.py took 0.182 seconds
[2024-11-05T00:55:42.787+0000] {processor.py:186} INFO - Started process (PID=233) to work on /home/airflow/.local/lib/python3.12/site-packages/airflow/example_dags/example_nested_branch_dag.py
[2024-11-05T00:55:42.789+0000] {processor.py:914} INFO - Processing file /home/airflow/.local/lib/python3.12/site-packages/airflow/example_dags/example_nested_branch_dag.py for tasks to queue
[2024-11-05T00:55:42.793+0000] {logging_mixin.py:190} INFO - [2024-11-05T00:55:42.793+0000] {dagbag.py:588} INFO - Filling up the DagBag from /home/airflow/.local/lib/python3.12/site-packages/airflow/example_dags/example_nested_branch_dag.py
[2024-11-05T00:55:42.811+0000] {processor.py:925} INFO - DAG(s) 'example_nested_branch_dag' retrieved from /home/airflow/.local/lib/python3.12/site-packages/airflow/example_dags/example_nested_branch_dag.py
[2024-11-05T00:55:42.845+0000] {logging_mixin.py:190} INFO - [2024-11-05T00:55:42.845+0000] {dag.py:3239} INFO - Sync 1 DAGs
[2024-11-05T00:55:42.888+0000] {logging_mixin.py:190} INFO - [2024-11-05T00:55:42.888+0000] {dag.py:4180} INFO - Setting next_dagrun for example_nested_branch_dag to 2024-11-04 00:00:00+00:00, run_after=2024-11-05 00:00:00+00:00
[2024-11-05T00:55:42.923+0000] {processor.py:208} INFO - Processing /home/airflow/.local/lib/python3.12/site-packages/airflow/example_dags/example_nested_branch_dag.py took 0.146 seconds
