[2024-11-05T00:54:46.450+0000] {processor.py:186} INFO - Started process (PID=122) to work on /home/airflow/.local/lib/python3.12/site-packages/airflow/example_dags/example_branch_labels.py
[2024-11-05T00:54:46.453+0000] {processor.py:914} INFO - Processing file /home/airflow/.local/lib/python3.12/site-packages/airflow/example_dags/example_branch_labels.py for tasks to queue
[2024-11-05T00:54:46.458+0000] {logging_mixin.py:190} INFO - [2024-11-05T00:54:46.457+0000] {dagbag.py:588} INFO - Filling up the DagBag from /home/airflow/.local/lib/python3.12/site-packages/airflow/example_dags/example_branch_labels.py
[2024-11-05T00:54:46.489+0000] {processor.py:925} INFO - DAG(s) 'example_branch_labels' retrieved from /home/airflow/.local/lib/python3.12/site-packages/airflow/example_dags/example_branch_labels.py
[2024-11-05T00:54:48.447+0000] {logging_mixin.py:190} INFO - [2024-11-05T00:54:48.446+0000] {override.py:1900} INFO - Created Permission View: can edit on DAG:example_branch_labels
[2024-11-05T00:54:48.478+0000] {logging_mixin.py:190} INFO - [2024-11-05T00:54:48.478+0000] {override.py:1900} INFO - Created Permission View: can read on DAG:example_branch_labels
[2024-11-05T00:54:48.496+0000] {logging_mixin.py:190} INFO - [2024-11-05T00:54:48.493+0000] {override.py:1900} INFO - Created Permission View: can delete on DAG:example_branch_labels
[2024-11-05T00:54:48.521+0000] {logging_mixin.py:190} INFO - [2024-11-05T00:54:48.520+0000] {override.py:1900} INFO - Created Permission View: menu access on DAG Run:example_branch_labels
[2024-11-05T00:54:48.543+0000] {logging_mixin.py:190} INFO - [2024-11-05T00:54:48.542+0000] {override.py:1900} INFO - Created Permission View: can read on DAG Run:example_branch_labels
[2024-11-05T00:54:48.565+0000] {logging_mixin.py:190} INFO - [2024-11-05T00:54:48.564+0000] {override.py:1900} INFO - Created Permission View: can delete on DAG Run:example_branch_labels
[2024-11-05T00:54:48.590+0000] {logging_mixin.py:190} INFO - [2024-11-05T00:54:48.589+0000] {override.py:1900} INFO - Created Permission View: can create on DAG Run:example_branch_labels
[2024-11-05T00:54:48.592+0000] {logging_mixin.py:190} INFO - [2024-11-05T00:54:48.592+0000] {dag.py:3239} INFO - Sync 1 DAGs
[2024-11-05T00:54:48.637+0000] {logging_mixin.py:190} INFO - [2024-11-05T00:54:48.635+0000] {dag.py:3262} INFO - Creating ORM DAG for example_branch_labels
[2024-11-05T00:54:48.668+0000] {logging_mixin.py:190} INFO - [2024-11-05T00:54:48.667+0000] {dag.py:4180} INFO - Setting next_dagrun for example_branch_labels to 2024-11-04 00:00:00+00:00, run_after=2024-11-05 00:00:00+00:00
[2024-11-05T00:54:48.718+0000] {processor.py:208} INFO - Processing /home/airflow/.local/lib/python3.12/site-packages/airflow/example_dags/example_branch_labels.py took 0.621 seconds
[2024-11-05T00:55:20.525+0000] {processor.py:186} INFO - Started process (PID=184) to work on /home/airflow/.local/lib/python3.12/site-packages/airflow/example_dags/example_branch_labels.py
[2024-11-05T00:55:20.527+0000] {processor.py:914} INFO - Processing file /home/airflow/.local/lib/python3.12/site-packages/airflow/example_dags/example_branch_labels.py for tasks to queue
[2024-11-05T00:55:20.532+0000] {logging_mixin.py:190} INFO - [2024-11-05T00:55:20.532+0000] {dagbag.py:588} INFO - Filling up the DagBag from /home/airflow/.local/lib/python3.12/site-packages/airflow/example_dags/example_branch_labels.py
[2024-11-05T00:55:20.551+0000] {processor.py:925} INFO - DAG(s) 'example_branch_labels' retrieved from /home/airflow/.local/lib/python3.12/site-packages/airflow/example_dags/example_branch_labels.py
[2024-11-05T00:55:20.591+0000] {logging_mixin.py:190} INFO - [2024-11-05T00:55:20.590+0000] {dag.py:3239} INFO - Sync 1 DAGs
[2024-11-05T00:55:20.661+0000] {logging_mixin.py:190} INFO - [2024-11-05T00:55:20.661+0000] {dag.py:4180} INFO - Setting next_dagrun for example_branch_labels to 2024-11-04 00:00:00+00:00, run_after=2024-11-05 00:00:00+00:00
[2024-11-05T00:55:20.711+0000] {processor.py:208} INFO - Processing /home/airflow/.local/lib/python3.12/site-packages/airflow/example_dags/example_branch_labels.py took 0.196 seconds
[2024-11-05T00:55:52.411+0000] {processor.py:186} INFO - Started process (PID=246) to work on /home/airflow/.local/lib/python3.12/site-packages/airflow/example_dags/example_branch_labels.py
[2024-11-05T00:55:52.414+0000] {processor.py:914} INFO - Processing file /home/airflow/.local/lib/python3.12/site-packages/airflow/example_dags/example_branch_labels.py for tasks to queue
[2024-11-05T00:55:52.425+0000] {logging_mixin.py:190} INFO - [2024-11-05T00:55:52.424+0000] {dagbag.py:588} INFO - Filling up the DagBag from /home/airflow/.local/lib/python3.12/site-packages/airflow/example_dags/example_branch_labels.py
[2024-11-05T00:55:52.450+0000] {processor.py:925} INFO - DAG(s) 'example_branch_labels' retrieved from /home/airflow/.local/lib/python3.12/site-packages/airflow/example_dags/example_branch_labels.py
[2024-11-05T00:55:52.494+0000] {logging_mixin.py:190} INFO - [2024-11-05T00:55:52.493+0000] {dag.py:3239} INFO - Sync 1 DAGs
[2024-11-05T00:55:52.540+0000] {logging_mixin.py:190} INFO - [2024-11-05T00:55:52.539+0000] {dag.py:4180} INFO - Setting next_dagrun for example_branch_labels to 2024-11-04 00:00:00+00:00, run_after=2024-11-05 00:00:00+00:00
[2024-11-05T00:55:52.575+0000] {processor.py:208} INFO - Processing /home/airflow/.local/lib/python3.12/site-packages/airflow/example_dags/example_branch_labels.py took 0.181 seconds
