[2024-11-05T00:54:44.176+0000] {processor.py:186} INFO - Started process (PID=116) to work on /home/airflow/.local/lib/python3.12/site-packages/airflow/example_dags/example_kubernetes_executor.py
[2024-11-05T00:54:44.178+0000] {processor.py:914} INFO - Processing file /home/airflow/.local/lib/python3.12/site-packages/airflow/example_dags/example_kubernetes_executor.py for tasks to queue
[2024-11-05T00:54:44.184+0000] {logging_mixin.py:190} INFO - [2024-11-05T00:54:44.183+0000] {dagbag.py:588} INFO - Filling up the DagBag from /home/airflow/.local/lib/python3.12/site-packages/airflow/example_dags/example_kubernetes_executor.py
[2024-11-05T00:54:44.234+0000] {processor.py:925} INFO - DAG(s) 'example_kubernetes_executor' retrieved from /home/airflow/.local/lib/python3.12/site-packages/airflow/example_dags/example_kubernetes_executor.py
[2024-11-05T00:54:44.505+0000] {logging_mixin.py:190} INFO - [2024-11-05T00:54:44.504+0000] {override.py:1900} INFO - Created Permission View: can edit on DAG:example_kubernetes_executor
[2024-11-05T00:54:44.530+0000] {logging_mixin.py:190} INFO - [2024-11-05T00:54:44.530+0000] {override.py:1900} INFO - Created Permission View: can read on DAG:example_kubernetes_executor
[2024-11-05T00:54:44.544+0000] {logging_mixin.py:190} INFO - [2024-11-05T00:54:44.544+0000] {override.py:1900} INFO - Created Permission View: can delete on DAG:example_kubernetes_executor
[2024-11-05T00:54:44.567+0000] {logging_mixin.py:190} INFO - [2024-11-05T00:54:44.567+0000] {override.py:1900} INFO - Created Permission View: menu access on DAG Run:example_kubernetes_executor
[2024-11-05T00:54:44.604+0000] {logging_mixin.py:190} INFO - [2024-11-05T00:54:44.604+0000] {override.py:1900} INFO - Created Permission View: can read on DAG Run:example_kubernetes_executor
[2024-11-05T00:54:44.644+0000] {logging_mixin.py:190} INFO - [2024-11-05T00:54:44.644+0000] {override.py:1900} INFO - Created Permission View: can delete on DAG Run:example_kubernetes_executor
[2024-11-05T00:54:44.676+0000] {logging_mixin.py:190} INFO - [2024-11-05T00:54:44.675+0000] {override.py:1900} INFO - Created Permission View: can create on DAG Run:example_kubernetes_executor
[2024-11-05T00:54:44.689+0000] {logging_mixin.py:190} INFO - [2024-11-05T00:54:44.688+0000] {dag.py:3239} INFO - Sync 1 DAGs
[2024-11-05T00:54:44.736+0000] {logging_mixin.py:190} INFO - [2024-11-05T00:54:44.736+0000] {dag.py:3262} INFO - Creating ORM DAG for example_kubernetes_executor
[2024-11-05T00:54:44.746+0000] {logging_mixin.py:190} INFO - [2024-11-05T00:54:44.745+0000] {dag.py:4180} INFO - Setting next_dagrun for example_kubernetes_executor to None, run_after=None
[2024-11-05T00:54:44.808+0000] {processor.py:208} INFO - Processing /home/airflow/.local/lib/python3.12/site-packages/airflow/example_dags/example_kubernetes_executor.py took 0.645 seconds
[2024-11-05T00:55:15.012+0000] {processor.py:186} INFO - Started process (PID=178) to work on /home/airflow/.local/lib/python3.12/site-packages/airflow/example_dags/example_kubernetes_executor.py
[2024-11-05T00:55:15.015+0000] {processor.py:914} INFO - Processing file /home/airflow/.local/lib/python3.12/site-packages/airflow/example_dags/example_kubernetes_executor.py for tasks to queue
[2024-11-05T00:55:15.019+0000] {logging_mixin.py:190} INFO - [2024-11-05T00:55:15.019+0000] {dagbag.py:588} INFO - Filling up the DagBag from /home/airflow/.local/lib/python3.12/site-packages/airflow/example_dags/example_kubernetes_executor.py
[2024-11-05T00:55:15.057+0000] {processor.py:925} INFO - DAG(s) 'example_kubernetes_executor' retrieved from /home/airflow/.local/lib/python3.12/site-packages/airflow/example_dags/example_kubernetes_executor.py
[2024-11-05T00:55:15.158+0000] {logging_mixin.py:190} INFO - [2024-11-05T00:55:15.157+0000] {dag.py:3239} INFO - Sync 1 DAGs
[2024-11-05T00:55:15.200+0000] {logging_mixin.py:190} INFO - [2024-11-05T00:55:15.200+0000] {dag.py:4180} INFO - Setting next_dagrun for example_kubernetes_executor to None, run_after=None
[2024-11-05T00:55:15.258+0000] {processor.py:208} INFO - Processing /home/airflow/.local/lib/python3.12/site-packages/airflow/example_dags/example_kubernetes_executor.py took 0.260 seconds
[2024-11-05T00:55:45.556+0000] {processor.py:186} INFO - Started process (PID=239) to work on /home/airflow/.local/lib/python3.12/site-packages/airflow/example_dags/example_kubernetes_executor.py
[2024-11-05T00:55:45.561+0000] {processor.py:914} INFO - Processing file /home/airflow/.local/lib/python3.12/site-packages/airflow/example_dags/example_kubernetes_executor.py for tasks to queue
[2024-11-05T00:55:45.566+0000] {logging_mixin.py:190} INFO - [2024-11-05T00:55:45.565+0000] {dagbag.py:588} INFO - Filling up the DagBag from /home/airflow/.local/lib/python3.12/site-packages/airflow/example_dags/example_kubernetes_executor.py
[2024-11-05T00:55:45.603+0000] {processor.py:925} INFO - DAG(s) 'example_kubernetes_executor' retrieved from /home/airflow/.local/lib/python3.12/site-packages/airflow/example_dags/example_kubernetes_executor.py
[2024-11-05T00:55:45.669+0000] {logging_mixin.py:190} INFO - [2024-11-05T00:55:45.668+0000] {dag.py:3239} INFO - Sync 1 DAGs
[2024-11-05T00:55:45.705+0000] {logging_mixin.py:190} INFO - [2024-11-05T00:55:45.705+0000] {dag.py:4180} INFO - Setting next_dagrun for example_kubernetes_executor to None, run_after=None
[2024-11-05T00:55:45.748+0000] {processor.py:208} INFO - Processing /home/airflow/.local/lib/python3.12/site-packages/airflow/example_dags/example_kubernetes_executor.py took 0.205 seconds
