[2024-11-05T00:54:33.123+0000] {processor.py:186} INFO - Started process (PID=93) to work on /home/airflow/.local/lib/python3.12/site-packages/airflow/example_dags/example_branch_python_dop_operator_3.py
[2024-11-05T00:54:33.125+0000] {processor.py:914} INFO - Processing file /home/airflow/.local/lib/python3.12/site-packages/airflow/example_dags/example_branch_python_dop_operator_3.py for tasks to queue
[2024-11-05T00:54:33.134+0000] {logging_mixin.py:190} INFO - [2024-11-05T00:54:33.131+0000] {dagbag.py:588} INFO - Filling up the DagBag from /home/airflow/.local/lib/python3.12/site-packages/airflow/example_dags/example_branch_python_dop_operator_3.py
[2024-11-05T00:54:33.173+0000] {processor.py:925} INFO - DAG(s) 'example_branch_dop_operator_v3' retrieved from /home/airflow/.local/lib/python3.12/site-packages/airflow/example_dags/example_branch_python_dop_operator_3.py
[2024-11-05T00:54:33.504+0000] {logging_mixin.py:190} INFO - [2024-11-05T00:54:33.503+0000] {override.py:1900} INFO - Created Permission View: can edit on DAG:example_branch_dop_operator_v3
[2024-11-05T00:54:33.540+0000] {logging_mixin.py:190} INFO - [2024-11-05T00:54:33.539+0000] {override.py:1900} INFO - Created Permission View: can read on DAG:example_branch_dop_operator_v3
[2024-11-05T00:54:33.587+0000] {logging_mixin.py:190} INFO - [2024-11-05T00:54:33.586+0000] {override.py:1900} INFO - Created Permission View: can delete on DAG:example_branch_dop_operator_v3
[2024-11-05T00:54:33.614+0000] {logging_mixin.py:190} INFO - [2024-11-05T00:54:33.613+0000] {override.py:1900} INFO - Created Permission View: menu access on DAG Run:example_branch_dop_operator_v3
[2024-11-05T00:54:33.631+0000] {logging_mixin.py:190} INFO - [2024-11-05T00:54:33.630+0000] {override.py:1900} INFO - Created Permission View: can read on DAG Run:example_branch_dop_operator_v3
[2024-11-05T00:54:33.661+0000] {logging_mixin.py:190} INFO - [2024-11-05T00:54:33.661+0000] {override.py:1900} INFO - Created Permission View: can delete on DAG Run:example_branch_dop_operator_v3
[2024-11-05T00:54:33.679+0000] {logging_mixin.py:190} INFO - [2024-11-05T00:54:33.679+0000] {override.py:1900} INFO - Created Permission View: can create on DAG Run:example_branch_dop_operator_v3
[2024-11-05T00:54:33.686+0000] {logging_mixin.py:190} INFO - [2024-11-05T00:54:33.685+0000] {dag.py:3239} INFO - Sync 1 DAGs
[2024-11-05T00:54:33.730+0000] {logging_mixin.py:190} INFO - [2024-11-05T00:54:33.729+0000] {dag.py:3262} INFO - Creating ORM DAG for example_branch_dop_operator_v3
[2024-11-05T00:54:33.774+0000] {logging_mixin.py:190} INFO - [2024-11-05T00:54:33.774+0000] {dag.py:4180} INFO - Setting next_dagrun for example_branch_dop_operator_v3 to 2024-11-05 00:53:00+00:00, run_after=2024-11-05 00:54:00+00:00
[2024-11-05T00:54:33.832+0000] {processor.py:208} INFO - Processing /home/airflow/.local/lib/python3.12/site-packages/airflow/example_dags/example_branch_python_dop_operator_3.py took 0.728 seconds
[2024-11-05T00:55:03.963+0000] {processor.py:186} INFO - Started process (PID=155) to work on /home/airflow/.local/lib/python3.12/site-packages/airflow/example_dags/example_branch_python_dop_operator_3.py
[2024-11-05T00:55:03.965+0000] {processor.py:914} INFO - Processing file /home/airflow/.local/lib/python3.12/site-packages/airflow/example_dags/example_branch_python_dop_operator_3.py for tasks to queue
[2024-11-05T00:55:03.969+0000] {logging_mixin.py:190} INFO - [2024-11-05T00:55:03.968+0000] {dagbag.py:588} INFO - Filling up the DagBag from /home/airflow/.local/lib/python3.12/site-packages/airflow/example_dags/example_branch_python_dop_operator_3.py
[2024-11-05T00:55:03.991+0000] {processor.py:925} INFO - DAG(s) 'example_branch_dop_operator_v3' retrieved from /home/airflow/.local/lib/python3.12/site-packages/airflow/example_dags/example_branch_python_dop_operator_3.py
[2024-11-05T00:55:04.036+0000] {logging_mixin.py:190} INFO - [2024-11-05T00:55:04.035+0000] {dag.py:3239} INFO - Sync 1 DAGs
[2024-11-05T00:55:04.111+0000] {logging_mixin.py:190} INFO - [2024-11-05T00:55:04.110+0000] {dag.py:4180} INFO - Setting next_dagrun for example_branch_dop_operator_v3 to 2024-11-05 00:54:00+00:00, run_after=2024-11-05 00:55:00+00:00
[2024-11-05T00:55:04.171+0000] {processor.py:208} INFO - Processing /home/airflow/.local/lib/python3.12/site-packages/airflow/example_dags/example_branch_python_dop_operator_3.py took 0.220 seconds
[2024-11-05T00:55:34.591+0000] {processor.py:186} INFO - Started process (PID=217) to work on /home/airflow/.local/lib/python3.12/site-packages/airflow/example_dags/example_branch_python_dop_operator_3.py
[2024-11-05T00:55:34.594+0000] {processor.py:914} INFO - Processing file /home/airflow/.local/lib/python3.12/site-packages/airflow/example_dags/example_branch_python_dop_operator_3.py for tasks to queue
[2024-11-05T00:55:34.600+0000] {logging_mixin.py:190} INFO - [2024-11-05T00:55:34.599+0000] {dagbag.py:588} INFO - Filling up the DagBag from /home/airflow/.local/lib/python3.12/site-packages/airflow/example_dags/example_branch_python_dop_operator_3.py
[2024-11-05T00:55:34.629+0000] {processor.py:925} INFO - DAG(s) 'example_branch_dop_operator_v3' retrieved from /home/airflow/.local/lib/python3.12/site-packages/airflow/example_dags/example_branch_python_dop_operator_3.py
[2024-11-05T00:55:34.687+0000] {logging_mixin.py:190} INFO - [2024-11-05T00:55:34.687+0000] {dag.py:3239} INFO - Sync 1 DAGs
[2024-11-05T00:55:34.755+0000] {logging_mixin.py:190} INFO - [2024-11-05T00:55:34.755+0000] {dag.py:4180} INFO - Setting next_dagrun for example_branch_dop_operator_v3 to 2024-11-05 00:54:00+00:00, run_after=2024-11-05 00:55:00+00:00
[2024-11-05T00:55:34.814+0000] {processor.py:208} INFO - Processing /home/airflow/.local/lib/python3.12/site-packages/airflow/example_dags/example_branch_python_dop_operator_3.py took 0.240 seconds
