[2024-11-05T00:54:42.257+0000] {processor.py:186} INFO - Started process (PID=113) to work on /home/airflow/.local/lib/python3.12/site-packages/airflow/example_dags/example_xcom.py
[2024-11-05T00:54:42.259+0000] {processor.py:914} INFO - Processing file /home/airflow/.local/lib/python3.12/site-packages/airflow/example_dags/example_xcom.py for tasks to queue
[2024-11-05T00:54:42.265+0000] {logging_mixin.py:190} INFO - [2024-11-05T00:54:42.264+0000] {dagbag.py:588} INFO - Filling up the DagBag from /home/airflow/.local/lib/python3.12/site-packages/airflow/example_dags/example_xcom.py
[2024-11-05T00:54:42.295+0000] {processor.py:925} INFO - DAG(s) 'example_xcom' retrieved from /home/airflow/.local/lib/python3.12/site-packages/airflow/example_dags/example_xcom.py
[2024-11-05T00:54:42.590+0000] {logging_mixin.py:190} INFO - [2024-11-05T00:54:42.589+0000] {override.py:1900} INFO - Created Permission View: can edit on DAG:example_xcom
[2024-11-05T00:54:42.623+0000] {logging_mixin.py:190} INFO - [2024-11-05T00:54:42.617+0000] {override.py:1900} INFO - Created Permission View: can read on DAG:example_xcom
[2024-11-05T00:54:42.646+0000] {logging_mixin.py:190} INFO - [2024-11-05T00:54:42.646+0000] {override.py:1900} INFO - Created Permission View: can delete on DAG:example_xcom
[2024-11-05T00:54:42.664+0000] {logging_mixin.py:190} INFO - [2024-11-05T00:54:42.662+0000] {override.py:1900} INFO - Created Permission View: menu access on DAG Run:example_xcom
[2024-11-05T00:54:42.680+0000] {logging_mixin.py:190} INFO - [2024-11-05T00:54:42.678+0000] {override.py:1900} INFO - Created Permission View: can read on DAG Run:example_xcom
[2024-11-05T00:54:42.695+0000] {logging_mixin.py:190} INFO - [2024-11-05T00:54:42.695+0000] {override.py:1900} INFO - Created Permission View: can delete on DAG Run:example_xcom
[2024-11-05T00:54:42.711+0000] {logging_mixin.py:190} INFO - [2024-11-05T00:54:42.711+0000] {override.py:1900} INFO - Created Permission View: can create on DAG Run:example_xcom
[2024-11-05T00:54:42.713+0000] {logging_mixin.py:190} INFO - [2024-11-05T00:54:42.713+0000] {dag.py:3239} INFO - Sync 1 DAGs
[2024-11-05T00:54:42.779+0000] {logging_mixin.py:190} INFO - [2024-11-05T00:54:42.778+0000] {dag.py:3262} INFO - Creating ORM DAG for example_xcom
[2024-11-05T00:54:42.817+0000] {logging_mixin.py:190} INFO - [2024-11-05T00:54:42.816+0000] {dag.py:4180} INFO - Setting next_dagrun for example_xcom to 2021-01-01 00:00:00+00:00, run_after=2021-01-01 00:00:00+00:00
[2024-11-05T00:54:42.874+0000] {processor.py:208} INFO - Processing /home/airflow/.local/lib/python3.12/site-packages/airflow/example_dags/example_xcom.py took 0.631 seconds
[2024-11-05T00:55:13.436+0000] {processor.py:186} INFO - Started process (PID=174) to work on /home/airflow/.local/lib/python3.12/site-packages/airflow/example_dags/example_xcom.py
[2024-11-05T00:55:13.438+0000] {processor.py:914} INFO - Processing file /home/airflow/.local/lib/python3.12/site-packages/airflow/example_dags/example_xcom.py for tasks to queue
[2024-11-05T00:55:13.443+0000] {logging_mixin.py:190} INFO - [2024-11-05T00:55:13.442+0000] {dagbag.py:588} INFO - Filling up the DagBag from /home/airflow/.local/lib/python3.12/site-packages/airflow/example_dags/example_xcom.py
[2024-11-05T00:55:13.469+0000] {processor.py:925} INFO - DAG(s) 'example_xcom' retrieved from /home/airflow/.local/lib/python3.12/site-packages/airflow/example_dags/example_xcom.py
[2024-11-05T00:55:13.530+0000] {logging_mixin.py:190} INFO - [2024-11-05T00:55:13.529+0000] {dag.py:3239} INFO - Sync 1 DAGs
[2024-11-05T00:55:13.597+0000] {logging_mixin.py:190} INFO - [2024-11-05T00:55:13.596+0000] {dag.py:4180} INFO - Setting next_dagrun for example_xcom to 2021-01-01 00:00:00+00:00, run_after=2021-01-01 00:00:00+00:00
[2024-11-05T00:55:13.660+0000] {processor.py:208} INFO - Processing /home/airflow/.local/lib/python3.12/site-packages/airflow/example_dags/example_xcom.py took 0.233 seconds
[2024-11-05T00:55:44.349+0000] {processor.py:186} INFO - Started process (PID=236) to work on /home/airflow/.local/lib/python3.12/site-packages/airflow/example_dags/example_xcom.py
[2024-11-05T00:55:44.352+0000] {processor.py:914} INFO - Processing file /home/airflow/.local/lib/python3.12/site-packages/airflow/example_dags/example_xcom.py for tasks to queue
[2024-11-05T00:55:44.356+0000] {logging_mixin.py:190} INFO - [2024-11-05T00:55:44.355+0000] {dagbag.py:588} INFO - Filling up the DagBag from /home/airflow/.local/lib/python3.12/site-packages/airflow/example_dags/example_xcom.py
[2024-11-05T00:55:44.376+0000] {processor.py:925} INFO - DAG(s) 'example_xcom' retrieved from /home/airflow/.local/lib/python3.12/site-packages/airflow/example_dags/example_xcom.py
[2024-11-05T00:55:44.415+0000] {logging_mixin.py:190} INFO - [2024-11-05T00:55:44.414+0000] {dag.py:3239} INFO - Sync 1 DAGs
[2024-11-05T00:55:44.464+0000] {logging_mixin.py:190} INFO - [2024-11-05T00:55:44.464+0000] {dag.py:4180} INFO - Setting next_dagrun for example_xcom to 2021-01-01 00:00:00+00:00, run_after=2021-01-01 00:00:00+00:00
[2024-11-05T00:55:44.507+0000] {processor.py:208} INFO - Processing /home/airflow/.local/lib/python3.12/site-packages/airflow/example_dags/example_xcom.py took 0.167 seconds
