[2024-11-05T00:54:38.910+0000] {processor.py:186} INFO - Started process (PID=106) to work on /home/airflow/.local/lib/python3.12/site-packages/airflow/example_dags/tutorial.py
[2024-11-05T00:54:38.912+0000] {processor.py:914} INFO - Processing file /home/airflow/.local/lib/python3.12/site-packages/airflow/example_dags/tutorial.py for tasks to queue
[2024-11-05T00:54:38.925+0000] {logging_mixin.py:190} INFO - [2024-11-05T00:54:38.924+0000] {dagbag.py:588} INFO - Filling up the DagBag from /home/airflow/.local/lib/python3.12/site-packages/airflow/example_dags/tutorial.py
[2024-11-05T00:54:38.950+0000] {processor.py:925} INFO - DAG(s) 'tutorial' retrieved from /home/airflow/.local/lib/python3.12/site-packages/airflow/example_dags/tutorial.py
[2024-11-05T00:54:39.226+0000] {logging_mixin.py:190} INFO - [2024-11-05T00:54:39.225+0000] {override.py:1900} INFO - Created Permission View: can edit on DAG:tutorial
[2024-11-05T00:54:39.257+0000] {logging_mixin.py:190} INFO - [2024-11-05T00:54:39.257+0000] {override.py:1900} INFO - Created Permission View: can read on DAG:tutorial
[2024-11-05T00:54:39.277+0000] {logging_mixin.py:190} INFO - [2024-11-05T00:54:39.276+0000] {override.py:1900} INFO - Created Permission View: can delete on DAG:tutorial
[2024-11-05T00:54:39.307+0000] {logging_mixin.py:190} INFO - [2024-11-05T00:54:39.305+0000] {override.py:1900} INFO - Created Permission View: menu access on DAG Run:tutorial
[2024-11-05T00:54:39.328+0000] {logging_mixin.py:190} INFO - [2024-11-05T00:54:39.327+0000] {override.py:1900} INFO - Created Permission View: can read on DAG Run:tutorial
[2024-11-05T00:54:39.358+0000] {logging_mixin.py:190} INFO - [2024-11-05T00:54:39.347+0000] {override.py:1900} INFO - Created Permission View: can delete on DAG Run:tutorial
[2024-11-05T00:54:39.378+0000] {logging_mixin.py:190} INFO - [2024-11-05T00:54:39.377+0000] {override.py:1900} INFO - Created Permission View: can create on DAG Run:tutorial
[2024-11-05T00:54:39.380+0000] {logging_mixin.py:190} INFO - [2024-11-05T00:54:39.380+0000] {dag.py:3239} INFO - Sync 1 DAGs
[2024-11-05T00:54:39.427+0000] {logging_mixin.py:190} INFO - [2024-11-05T00:54:39.425+0000] {dag.py:3262} INFO - Creating ORM DAG for tutorial
[2024-11-05T00:54:39.474+0000] {logging_mixin.py:190} INFO - [2024-11-05T00:54:39.473+0000] {dag.py:4180} INFO - Setting next_dagrun for tutorial to 2024-11-04 00:00:00+00:00, run_after=2024-11-05 00:00:00+00:00
[2024-11-05T00:54:39.537+0000] {processor.py:208} INFO - Processing /home/airflow/.local/lib/python3.12/site-packages/airflow/example_dags/tutorial.py took 0.644 seconds
[2024-11-05T00:55:10.308+0000] {processor.py:186} INFO - Started process (PID=168) to work on /home/airflow/.local/lib/python3.12/site-packages/airflow/example_dags/tutorial.py
[2024-11-05T00:55:10.310+0000] {processor.py:914} INFO - Processing file /home/airflow/.local/lib/python3.12/site-packages/airflow/example_dags/tutorial.py for tasks to queue
[2024-11-05T00:55:10.315+0000] {logging_mixin.py:190} INFO - [2024-11-05T00:55:10.314+0000] {dagbag.py:588} INFO - Filling up the DagBag from /home/airflow/.local/lib/python3.12/site-packages/airflow/example_dags/tutorial.py
[2024-11-05T00:55:10.332+0000] {processor.py:925} INFO - DAG(s) 'tutorial' retrieved from /home/airflow/.local/lib/python3.12/site-packages/airflow/example_dags/tutorial.py
[2024-11-05T00:55:10.378+0000] {logging_mixin.py:190} INFO - [2024-11-05T00:55:10.377+0000] {dag.py:3239} INFO - Sync 1 DAGs
[2024-11-05T00:55:10.453+0000] {logging_mixin.py:190} INFO - [2024-11-05T00:55:10.452+0000] {dag.py:4180} INFO - Setting next_dagrun for tutorial to 2024-11-04 00:00:00+00:00, run_after=2024-11-05 00:00:00+00:00
[2024-11-05T00:55:10.517+0000] {processor.py:208} INFO - Processing /home/airflow/.local/lib/python3.12/site-packages/airflow/example_dags/tutorial.py took 0.221 seconds
[2024-11-05T00:55:40.598+0000] {processor.py:186} INFO - Started process (PID=229) to work on /home/airflow/.local/lib/python3.12/site-packages/airflow/example_dags/tutorial.py
[2024-11-05T00:55:40.605+0000] {processor.py:914} INFO - Processing file /home/airflow/.local/lib/python3.12/site-packages/airflow/example_dags/tutorial.py for tasks to queue
[2024-11-05T00:55:40.609+0000] {logging_mixin.py:190} INFO - [2024-11-05T00:55:40.608+0000] {dagbag.py:588} INFO - Filling up the DagBag from /home/airflow/.local/lib/python3.12/site-packages/airflow/example_dags/tutorial.py
[2024-11-05T00:55:40.620+0000] {processor.py:925} INFO - DAG(s) 'tutorial' retrieved from /home/airflow/.local/lib/python3.12/site-packages/airflow/example_dags/tutorial.py
[2024-11-05T00:55:40.656+0000] {logging_mixin.py:190} INFO - [2024-11-05T00:55:40.655+0000] {dag.py:3239} INFO - Sync 1 DAGs
[2024-11-05T00:55:40.697+0000] {logging_mixin.py:190} INFO - [2024-11-05T00:55:40.696+0000] {dag.py:4180} INFO - Setting next_dagrun for tutorial to 2024-11-04 00:00:00+00:00, run_after=2024-11-05 00:00:00+00:00
[2024-11-05T00:55:40.728+0000] {processor.py:208} INFO - Processing /home/airflow/.local/lib/python3.12/site-packages/airflow/example_dags/tutorial.py took 0.138 seconds
