[2024-11-05T00:54:45.919+0000] {processor.py:186} INFO - Started process (PID=121) to work on /home/airflow/.local/lib/python3.12/site-packages/airflow/example_dags/tutorial_objectstorage.py
[2024-11-05T00:54:45.923+0000] {processor.py:914} INFO - Processing file /home/airflow/.local/lib/python3.12/site-packages/airflow/example_dags/tutorial_objectstorage.py for tasks to queue
[2024-11-05T00:54:45.935+0000] {logging_mixin.py:190} INFO - [2024-11-05T00:54:45.934+0000] {dagbag.py:588} INFO - Filling up the DagBag from /home/airflow/.local/lib/python3.12/site-packages/airflow/example_dags/tutorial_objectstorage.py
[2024-11-05T00:54:45.972+0000] {processor.py:925} INFO - DAG(s) 'tutorial_objectstorage' retrieved from /home/airflow/.local/lib/python3.12/site-packages/airflow/example_dags/tutorial_objectstorage.py
[2024-11-05T00:54:46.307+0000] {logging_mixin.py:190} INFO - [2024-11-05T00:54:46.304+0000] {override.py:1900} INFO - Created Permission View: can edit on DAG:tutorial_objectstorage
[2024-11-05T00:54:46.345+0000] {logging_mixin.py:190} INFO - [2024-11-05T00:54:46.344+0000] {override.py:1900} INFO - Created Permission View: can read on DAG:tutorial_objectstorage
[2024-11-05T00:54:46.371+0000] {logging_mixin.py:190} INFO - [2024-11-05T00:54:46.370+0000] {override.py:1900} INFO - Created Permission View: can delete on DAG:tutorial_objectstorage
[2024-11-05T00:54:46.400+0000] {logging_mixin.py:190} INFO - [2024-11-05T00:54:46.400+0000] {override.py:1900} INFO - Created Permission View: menu access on DAG Run:tutorial_objectstorage
[2024-11-05T00:54:46.424+0000] {logging_mixin.py:190} INFO - [2024-11-05T00:54:46.422+0000] {override.py:1900} INFO - Created Permission View: can read on DAG Run:tutorial_objectstorage
[2024-11-05T00:54:46.444+0000] {logging_mixin.py:190} INFO - [2024-11-05T00:54:46.443+0000] {override.py:1900} INFO - Created Permission View: can delete on DAG Run:tutorial_objectstorage
[2024-11-05T00:54:46.463+0000] {logging_mixin.py:190} INFO - [2024-11-05T00:54:46.463+0000] {override.py:1900} INFO - Created Permission View: can create on DAG Run:tutorial_objectstorage
[2024-11-05T00:54:46.464+0000] {logging_mixin.py:190} INFO - [2024-11-05T00:54:46.464+0000] {dag.py:3239} INFO - Sync 1 DAGs
[2024-11-05T00:54:47.220+0000] {logging_mixin.py:190} INFO - [2024-11-05T00:54:47.219+0000] {dag.py:3262} INFO - Creating ORM DAG for tutorial_objectstorage
[2024-11-05T00:54:47.224+0000] {logging_mixin.py:190} INFO - [2024-11-05T00:54:47.224+0000] {dag.py:4180} INFO - Setting next_dagrun for tutorial_objectstorage to None, run_after=None
[2024-11-05T00:54:48.216+0000] {processor.py:208} INFO - Processing /home/airflow/.local/lib/python3.12/site-packages/airflow/example_dags/tutorial_objectstorage.py took 0.655 seconds
[2024-11-05T00:55:20.524+0000] {processor.py:186} INFO - Started process (PID=183) to work on /home/airflow/.local/lib/python3.12/site-packages/airflow/example_dags/tutorial_objectstorage.py
[2024-11-05T00:55:20.526+0000] {processor.py:914} INFO - Processing file /home/airflow/.local/lib/python3.12/site-packages/airflow/example_dags/tutorial_objectstorage.py for tasks to queue
[2024-11-05T00:55:20.531+0000] {logging_mixin.py:190} INFO - [2024-11-05T00:55:20.530+0000] {dagbag.py:588} INFO - Filling up the DagBag from /home/airflow/.local/lib/python3.12/site-packages/airflow/example_dags/tutorial_objectstorage.py
[2024-11-05T00:55:20.547+0000] {processor.py:925} INFO - DAG(s) 'tutorial_objectstorage' retrieved from /home/airflow/.local/lib/python3.12/site-packages/airflow/example_dags/tutorial_objectstorage.py
[2024-11-05T00:55:20.587+0000] {logging_mixin.py:190} INFO - [2024-11-05T00:55:20.587+0000] {dag.py:3239} INFO - Sync 1 DAGs
[2024-11-05T00:55:20.622+0000] {logging_mixin.py:190} INFO - [2024-11-05T00:55:20.622+0000] {dag.py:4180} INFO - Setting next_dagrun for tutorial_objectstorage to None, run_after=None
[2024-11-05T00:55:20.683+0000] {processor.py:208} INFO - Processing /home/airflow/.local/lib/python3.12/site-packages/airflow/example_dags/tutorial_objectstorage.py took 0.169 seconds
[2024-11-05T00:55:52.409+0000] {processor.py:186} INFO - Started process (PID=245) to work on /home/airflow/.local/lib/python3.12/site-packages/airflow/example_dags/tutorial_objectstorage.py
[2024-11-05T00:55:52.414+0000] {processor.py:914} INFO - Processing file /home/airflow/.local/lib/python3.12/site-packages/airflow/example_dags/tutorial_objectstorage.py for tasks to queue
[2024-11-05T00:55:52.423+0000] {logging_mixin.py:190} INFO - [2024-11-05T00:55:52.421+0000] {dagbag.py:588} INFO - Filling up the DagBag from /home/airflow/.local/lib/python3.12/site-packages/airflow/example_dags/tutorial_objectstorage.py
[2024-11-05T00:55:52.444+0000] {processor.py:925} INFO - DAG(s) 'tutorial_objectstorage' retrieved from /home/airflow/.local/lib/python3.12/site-packages/airflow/example_dags/tutorial_objectstorage.py
[2024-11-05T00:55:52.487+0000] {logging_mixin.py:190} INFO - [2024-11-05T00:55:52.487+0000] {dag.py:3239} INFO - Sync 1 DAGs
[2024-11-05T00:55:52.513+0000] {logging_mixin.py:190} INFO - [2024-11-05T00:55:52.513+0000] {dag.py:4180} INFO - Setting next_dagrun for tutorial_objectstorage to None, run_after=None
[2024-11-05T00:55:52.552+0000] {processor.py:208} INFO - Processing /home/airflow/.local/lib/python3.12/site-packages/airflow/example_dags/tutorial_objectstorage.py took 0.161 seconds
