[2024-11-05T00:54:29.537+0000] {processor.py:186} INFO - Started process (PID=87) to work on /home/airflow/.local/lib/python3.12/site-packages/airflow/example_dags/tutorial_taskflow_api_virtualenv.py
[2024-11-05T00:54:29.539+0000] {processor.py:914} INFO - Processing file /home/airflow/.local/lib/python3.12/site-packages/airflow/example_dags/tutorial_taskflow_api_virtualenv.py for tasks to queue
[2024-11-05T00:54:29.546+0000] {logging_mixin.py:190} INFO - [2024-11-05T00:54:29.546+0000] {dagbag.py:588} INFO - Filling up the DagBag from /home/airflow/.local/lib/python3.12/site-packages/airflow/example_dags/tutorial_taskflow_api_virtualenv.py
[2024-11-05T00:54:29.608+0000] {processor.py:925} INFO - DAG(s) 'tutorial_taskflow_api_virtualenv' retrieved from /home/airflow/.local/lib/python3.12/site-packages/airflow/example_dags/tutorial_taskflow_api_virtualenv.py
[2024-11-05T00:54:30.026+0000] {logging_mixin.py:190} INFO - [2024-11-05T00:54:30.020+0000] {override.py:1900} INFO - Created Permission View: can edit on DAG:tutorial_taskflow_api_virtualenv
[2024-11-05T00:54:30.074+0000] {logging_mixin.py:190} INFO - [2024-11-05T00:54:30.073+0000] {override.py:1900} INFO - Created Permission View: can read on DAG:tutorial_taskflow_api_virtualenv
[2024-11-05T00:54:30.100+0000] {logging_mixin.py:190} INFO - [2024-11-05T00:54:30.099+0000] {override.py:1900} INFO - Created Permission View: can delete on DAG:tutorial_taskflow_api_virtualenv
[2024-11-05T00:54:30.131+0000] {logging_mixin.py:190} INFO - [2024-11-05T00:54:30.131+0000] {override.py:1900} INFO - Created Permission View: menu access on DAG Run:tutorial_taskflow_api_virtualenv
[2024-11-05T00:54:30.161+0000] {logging_mixin.py:190} INFO - [2024-11-05T00:54:30.160+0000] {override.py:1900} INFO - Created Permission View: can read on DAG Run:tutorial_taskflow_api_virtualenv
[2024-11-05T00:54:30.191+0000] {logging_mixin.py:190} INFO - [2024-11-05T00:54:30.190+0000] {override.py:1900} INFO - Created Permission View: can delete on DAG Run:tutorial_taskflow_api_virtualenv
[2024-11-05T00:54:30.222+0000] {logging_mixin.py:190} INFO - [2024-11-05T00:54:30.221+0000] {override.py:1900} INFO - Created Permission View: can create on DAG Run:tutorial_taskflow_api_virtualenv
[2024-11-05T00:54:30.226+0000] {logging_mixin.py:190} INFO - [2024-11-05T00:54:30.226+0000] {dag.py:3239} INFO - Sync 1 DAGs
[2024-11-05T00:54:30.289+0000] {logging_mixin.py:190} INFO - [2024-11-05T00:54:30.289+0000] {dag.py:3262} INFO - Creating ORM DAG for tutorial_taskflow_api_virtualenv
[2024-11-05T00:54:30.292+0000] {logging_mixin.py:190} INFO - [2024-11-05T00:54:30.292+0000] {dag.py:4180} INFO - Setting next_dagrun for tutorial_taskflow_api_virtualenv to None, run_after=None
[2024-11-05T00:54:30.340+0000] {processor.py:208} INFO - Processing /home/airflow/.local/lib/python3.12/site-packages/airflow/example_dags/tutorial_taskflow_api_virtualenv.py took 0.820 seconds
[2024-11-05T00:55:00.815+0000] {processor.py:186} INFO - Started process (PID=149) to work on /home/airflow/.local/lib/python3.12/site-packages/airflow/example_dags/tutorial_taskflow_api_virtualenv.py
[2024-11-05T00:55:00.817+0000] {processor.py:914} INFO - Processing file /home/airflow/.local/lib/python3.12/site-packages/airflow/example_dags/tutorial_taskflow_api_virtualenv.py for tasks to queue
[2024-11-05T00:55:00.823+0000] {logging_mixin.py:190} INFO - [2024-11-05T00:55:00.822+0000] {dagbag.py:588} INFO - Filling up the DagBag from /home/airflow/.local/lib/python3.12/site-packages/airflow/example_dags/tutorial_taskflow_api_virtualenv.py
[2024-11-05T00:55:00.844+0000] {processor.py:925} INFO - DAG(s) 'tutorial_taskflow_api_virtualenv' retrieved from /home/airflow/.local/lib/python3.12/site-packages/airflow/example_dags/tutorial_taskflow_api_virtualenv.py
[2024-11-05T00:55:00.881+0000] {logging_mixin.py:190} INFO - [2024-11-05T00:55:00.881+0000] {dag.py:3239} INFO - Sync 1 DAGs
[2024-11-05T00:55:00.908+0000] {logging_mixin.py:190} INFO - [2024-11-05T00:55:00.908+0000] {dag.py:4180} INFO - Setting next_dagrun for tutorial_taskflow_api_virtualenv to None, run_after=None
[2024-11-05T00:55:00.945+0000] {processor.py:208} INFO - Processing /home/airflow/.local/lib/python3.12/site-packages/airflow/example_dags/tutorial_taskflow_api_virtualenv.py took 0.140 seconds
[2024-11-05T00:55:31.434+0000] {processor.py:186} INFO - Started process (PID=205) to work on /home/airflow/.local/lib/python3.12/site-packages/airflow/example_dags/tutorial_taskflow_api_virtualenv.py
[2024-11-05T00:55:31.445+0000] {processor.py:914} INFO - Processing file /home/airflow/.local/lib/python3.12/site-packages/airflow/example_dags/tutorial_taskflow_api_virtualenv.py for tasks to queue
[2024-11-05T00:55:31.449+0000] {logging_mixin.py:190} INFO - [2024-11-05T00:55:31.449+0000] {dagbag.py:588} INFO - Filling up the DagBag from /home/airflow/.local/lib/python3.12/site-packages/airflow/example_dags/tutorial_taskflow_api_virtualenv.py
[2024-11-05T00:55:31.492+0000] {processor.py:925} INFO - DAG(s) 'tutorial_taskflow_api_virtualenv' retrieved from /home/airflow/.local/lib/python3.12/site-packages/airflow/example_dags/tutorial_taskflow_api_virtualenv.py
[2024-11-05T00:55:31.559+0000] {logging_mixin.py:190} INFO - [2024-11-05T00:55:31.559+0000] {dag.py:3239} INFO - Sync 1 DAGs
[2024-11-05T00:55:31.647+0000] {logging_mixin.py:190} INFO - [2024-11-05T00:55:31.646+0000] {dag.py:4180} INFO - Setting next_dagrun for tutorial_taskflow_api_virtualenv to None, run_after=None
[2024-11-05T00:55:31.711+0000] {processor.py:208} INFO - Processing /home/airflow/.local/lib/python3.12/site-packages/airflow/example_dags/tutorial_taskflow_api_virtualenv.py took 0.288 seconds
[2024-11-05T00:56:02.443+0000] {processor.py:186} INFO - Started process (PID=267) to work on /home/airflow/.local/lib/python3.12/site-packages/airflow/example_dags/tutorial_taskflow_api_virtualenv.py
[2024-11-05T00:56:02.446+0000] {processor.py:914} INFO - Processing file /home/airflow/.local/lib/python3.12/site-packages/airflow/example_dags/tutorial_taskflow_api_virtualenv.py for tasks to queue
[2024-11-05T00:56:02.454+0000] {logging_mixin.py:190} INFO - [2024-11-05T00:56:02.453+0000] {dagbag.py:588} INFO - Filling up the DagBag from /home/airflow/.local/lib/python3.12/site-packages/airflow/example_dags/tutorial_taskflow_api_virtualenv.py
[2024-11-05T00:56:02.490+0000] {processor.py:925} INFO - DAG(s) 'tutorial_taskflow_api_virtualenv' retrieved from /home/airflow/.local/lib/python3.12/site-packages/airflow/example_dags/tutorial_taskflow_api_virtualenv.py
[2024-11-05T00:56:02.538+0000] {logging_mixin.py:190} INFO - [2024-11-05T00:56:02.537+0000] {dag.py:3239} INFO - Sync 1 DAGs
[2024-11-05T00:56:02.569+0000] {logging_mixin.py:190} INFO - [2024-11-05T00:56:02.569+0000] {dag.py:4180} INFO - Setting next_dagrun for tutorial_taskflow_api_virtualenv to None, run_after=None
[2024-11-05T00:56:02.612+0000] {processor.py:208} INFO - Processing /home/airflow/.local/lib/python3.12/site-packages/airflow/example_dags/tutorial_taskflow_api_virtualenv.py took 0.188 seconds
