[2024-11-05T00:54:21.684+0000] {manager.py:483} INFO - Processing files using up to 2 processes at a time 
[2024-11-05T00:54:21.697+0000] {manager.py:484} INFO - Process each file at most once every 30 seconds
[2024-11-05T00:54:21.698+0000] {manager.py:485} INFO - Checking for new files in /opt/airflow/dags every 300 seconds
[2024-11-05T00:54:21.700+0000] {manager.py:821} INFO - Searching for files in /opt/airflow/dags
[2024-11-05T00:54:21.785+0000] {manager.py:824} INFO - There are 56 files in /opt/airflow/dags
[2024-11-05T00:54:22.080+0000] {manager.py:997} INFO - 
================================================================================
DAG File Processing Stats

File Path                                                                                                                            PID  Runtime      # DAGs    # Errors  Last Runtime    Last Run      Last # of DB Queries
---------------------------------------------------------------------------------------------------------------------------------  -----  ---------  --------  ----------  --------------  ----------  ----------------------
/home/airflow/.local/lib/python3.12/site-packages/airflow/example_dags/example_latest_only.py                                         69  0.11s             0           0                                                   0
/home/airflow/.local/lib/python3.12/site-packages/airflow/example_dags/example_skip_dag.py                                            70  0.08s             0           0                                                   0
/home/airflow/.local/lib/python3.12/site-packages/airflow/example_dags/example_setup_teardown_taskflow.py                                                   0           0                                                   0
/home/airflow/.local/lib/python3.12/site-packages/airflow/example_dags/example_inlet_event_extra.py                                                         0           0                                                   0
/home/airflow/.local/lib/python3.12/site-packages/airflow/example_dags/example_short_circuit_operator.py                                                    0           0                                                   0
/home/airflow/.local/lib/python3.12/site-packages/airflow/example_dags/example_bash_operator.py                                                             0           0                                                   0
/home/airflow/.local/lib/python3.12/site-packages/airflow/example_dags/example_task_group.py                                                                0           0                                                   0
/home/airflow/.local/lib/python3.12/site-packages/airflow/example_dags/example_setup_teardown.py                                                            0           0                                                   0
/home/airflow/.local/lib/python3.12/site-packages/airflow/example_dags/example_latest_only_with_trigger.py                                                  0           0                                                   0
/home/airflow/.local/lib/python3.12/site-packages/airflow/example_dags/example_time_delta_sensor_async.py                                                   0           0                                                   0
/home/airflow/.local/lib/python3.12/site-packages/airflow/example_dags/example_params_ui_tutorial.py                                                        0           0                                                   0
/home/airflow/.local/lib/python3.12/site-packages/airflow/example_dags/example_workday_timetable.py                                                         0           0                                                   0
/home/airflow/.local/lib/python3.12/site-packages/airflow/example_dags/example_python_decorator.py                                                          0           0                                                   0
/home/airflow/.local/lib/python3.12/site-packages/airflow/example_dags/tutorial_taskflow_api_virtualenv.py                                                  0           0                                                   0
/home/airflow/.local/lib/python3.12/site-packages/airflow/example_dags/example_local_kubernetes_executor.py                                                 0           0                                                   0
/home/airflow/.local/lib/python3.12/site-packages/airflow/example_dags/example_sensors.py                                                                   0           0                                                   0
/home/airflow/.local/lib/python3.12/site-packages/airflow/example_dags/example_dataset_alias_with_no_taskflow.py                                            0           0                                                   0
/home/airflow/.local/lib/python3.12/site-packages/airflow/example_dags/example_complex.py                                                                   0           0                                                   0
/home/airflow/.local/lib/python3.12/site-packages/airflow/example_dags/example_external_task_marker_dag.py                                                  0           0                                                   0
/home/airflow/.local/lib/python3.12/site-packages/airflow/example_dags/example_branch_python_dop_operator_3.py                                              0           0                                                   0
/home/airflow/.local/lib/python3.12/site-packages/airflow/example_dags/example_bash_decorator.py                                                            0           0                                                   0
/home/airflow/.local/lib/python3.12/site-packages/airflow/example_dags/example_branch_operator_decorator.py                                                 0           0                                                   0
/home/airflow/.local/lib/python3.12/site-packages/airflow/example_dags/tutorial_dag.py                                                                      0           0                                                   0
/home/airflow/.local/lib/python3.12/site-packages/airflow/example_dags/example_passing_params_via_test_command.py                                           0           0                                                   0
/home/airflow/.local/lib/python3.12/site-packages/airflow/example_dags/example_python_operator.py                                                           0           0                                                   0
/home/airflow/.local/lib/python3.12/site-packages/airflow/example_dags/example_outlet_event_extra.py                                                        0           0                                                   0
/home/airflow/.local/lib/python3.12/site-packages/airflow/example_dags/example_task_group_decorator.py                                                      0           0                                                   0
/home/airflow/.local/lib/python3.12/site-packages/airflow/example_dags/example_branch_datetime_operator.py                                                  0           0                                                   0
/home/airflow/.local/lib/python3.12/site-packages/airflow/example_dags/example_short_circuit_decorator.py                                                   0           0                                                   0
/home/airflow/.local/lib/python3.12/site-packages/airflow/example_dags/example_params_trigger_ui.py                                                         0           0                                                   0
/home/airflow/.local/lib/python3.12/site-packages/airflow/example_dags/tutorial_taskflow_api.py                                                             0           0                                                   0
/home/airflow/.local/lib/python3.12/site-packages/airflow/example_dags/example_dag_decorator.py                                                             0           0                                                   0
/home/airflow/.local/lib/python3.12/site-packages/airflow/example_dags/tutorial.py                                                                          0           0                                                   0
/home/airflow/.local/lib/python3.12/site-packages/airflow/example_dags/example_dataset_alias.py                                                             0           0                                                   0
/home/airflow/.local/lib/python3.12/site-packages/airflow/example_dags/example_trigger_controller_dag.py                                                    0           0                                                   0
/home/airflow/.local/lib/python3.12/site-packages/airflow/example_dags/example_nested_branch_dag.py                                                         0           0                                                   0
/home/airflow/.local/lib/python3.12/site-packages/airflow/example_dags/example_branch_operator.py                                                           0           0                                                   0
/home/airflow/.local/lib/python3.12/site-packages/airflow/example_dags/example_branch_day_of_week_operator.py                                               0           0                                                   0
/home/airflow/.local/lib/python3.12/site-packages/airflow/example_dags/example_datasets.py                                                                  0           0                                                   0
/home/airflow/.local/lib/python3.12/site-packages/airflow/example_dags/example_xcom.py                                                                      0           0                                                   0
/home/airflow/.local/lib/python3.12/site-packages/airflow/example_dags/example_sla_dag.py                                                                   0           0                                                   0
/home/airflow/.local/lib/python3.12/site-packages/airflow/example_dags/example_sensor_decorator.py                                                          0           0                                                   0
/home/airflow/.local/lib/python3.12/site-packages/airflow/example_dags/example_kubernetes_executor.py                                                       0           0                                                   0
/home/airflow/.local/lib/python3.12/site-packages/airflow/example_dags/example_trigger_target_dag.py                                                        0           0                                                   0
/home/airflow/.local/lib/python3.12/site-packages/airflow/example_dags/example_dynamic_task_mapping.py                                                      0           0                                                   0
/home/airflow/.local/lib/python3.12/site-packages/airflow/example_dags/example_display_name.py                                                              0           0                                                   0
/home/airflow/.local/lib/python3.12/site-packages/airflow/example_dags/example_subdag_operator.py                                                           0           0                                                   0
/home/airflow/.local/lib/python3.12/site-packages/airflow/example_dags/tutorial_objectstorage.py                                                            0           0                                                   0
/home/airflow/.local/lib/python3.12/site-packages/airflow/example_dags/example_branch_labels.py                                                             0           0                                                   0
/home/airflow/.local/lib/python3.12/site-packages/airflow/example_dags/example_dynamic_task_mapping_with_no_taskflow_operators.py                           0           0                                                   0
/home/airflow/.local/lib/python3.12/site-packages/airflow/example_dags/example_xcomargs.py                                                                  0           0                                                   0
/home/airflow/.local/lib/python3.12/site-packages/airflow/example_dags/subdags/subdag.py                                                                    0           0                                                   0
/home/airflow/.local/lib/python3.12/site-packages/airflow/example_dags/plugins/decreasing_priority_weight_strategy.py                                       0           0                                                   0
/home/airflow/.local/lib/python3.12/site-packages/airflow/example_dags/plugins/event_listener.py                                                            0           0                                                   0
/home/airflow/.local/lib/python3.12/site-packages/airflow/example_dags/plugins/listener_plugin.py                                                           0           0                                                   0
/home/airflow/.local/lib/python3.12/site-packages/airflow/example_dags/plugins/workday.py                                                                   0           0                                                   0
================================================================================
[2024-11-05T00:54:54.134+0000] {manager.py:997} INFO - 
================================================================================
DAG File Processing Stats

File Path                                                                                                                            PID  Runtime      # DAGs    # Errors  Last Runtime    Last Run               Last # of DB Queries
---------------------------------------------------------------------------------------------------------------------------------  -----  ---------  --------  ----------  --------------  -------------------  ----------------------
/home/airflow/.local/lib/python3.12/site-packages/airflow/example_dags/example_inlet_event_extra.py                                                         2           0  2.67s           2024-11-05T00:54:26                      81
/home/airflow/.local/lib/python3.12/site-packages/airflow/example_dags/example_datasets.py                                                                 10           0  2.60s           2024-11-05T00:54:44                     379
/home/airflow/.local/lib/python3.12/site-packages/airflow/example_dags/tutorial_objectstorage.py                                                            1           0  2.38s           2024-11-05T00:54:48                      43
/home/airflow/.local/lib/python3.12/site-packages/airflow/example_dags/example_branch_labels.py                                                             1           0  2.35s           2024-11-05T00:54:48                      45
/home/airflow/.local/lib/python3.12/site-packages/airflow/example_dags/example_dataset_alias_with_no_taskflow.py                                            4           0  2.30s           2024-11-05T00:54:33                     157
/home/airflow/.local/lib/python3.12/site-packages/airflow/example_dags/example_outlet_event_extra.py                                                        3           0  1.82s           2024-11-05T00:54:37                     118
/home/airflow/.local/lib/python3.12/site-packages/airflow/example_dags/example_latest_only.py                                        130  0.03s             1           0  1.67s           2024-11-05T00:54:23                      45
/home/airflow/.local/lib/python3.12/site-packages/airflow/example_dags/example_dataset_alias.py                                                             4           0  1.64s           2024-11-05T00:54:41                     157
/home/airflow/.local/lib/python3.12/site-packages/airflow/example_dags/example_skip_dag.py                                           131  0.02s             1           0  1.43s           2024-11-05T00:54:23                      45
/home/airflow/.local/lib/python3.12/site-packages/airflow/example_dags/example_complex.py                                                                   1           0  1.30s           2024-11-05T00:54:32                      43
/home/airflow/.local/lib/python3.12/site-packages/airflow/example_dags/example_xcomargs.py                                                                  2           0  1.19s           2024-11-05T00:54:49                      79
/home/airflow/.local/lib/python3.12/site-packages/airflow/example_dags/example_branch_datetime_operator.py                                                  3           0  1.13s           2024-11-05T00:54:38                     117
/home/airflow/.local/lib/python3.12/site-packages/airflow/example_dags/example_params_ui_tutorial.py                                                        1           0  1.06s           2024-11-05T00:54:28                      43
/home/airflow/.local/lib/python3.12/site-packages/airflow/example_dags/example_workday_timetable.py                                                         1           0  1.03s           2024-11-05T00:54:29                      45
/home/airflow/.local/lib/python3.12/site-packages/airflow/example_dags/example_bash_operator.py                                                             1           0  0.97s           2024-11-05T00:54:26                      45
/home/airflow/.local/lib/python3.12/site-packages/airflow/example_dags/example_external_task_marker_dag.py                                                  2           0  0.91s           2024-11-05T00:54:33                      79
/home/airflow/.local/lib/python3.12/site-packages/airflow/example_dags/tutorial_taskflow_api_virtualenv.py                                                  1           0  0.91s           2024-11-05T00:54:30                      43
/home/airflow/.local/lib/python3.12/site-packages/airflow/example_dags/example_sensors.py                                                                   1           0  0.90s           2024-11-05T00:54:31                      43
/home/airflow/.local/lib/python3.12/site-packages/airflow/example_dags/example_task_group_decorator.py                                                      1           0  0.90s           2024-11-05T00:54:36                      43
/home/airflow/.local/lib/python3.12/site-packages/airflow/example_dags/example_python_decorator.py                                                          1           0  0.89s           2024-11-05T00:54:29                      43
/home/airflow/.local/lib/python3.12/site-packages/airflow/example_dags/example_subdag_operator.py                                                           3           0  0.86s           2024-11-05T00:54:46                      53
/home/airflow/.local/lib/python3.12/site-packages/airflow/example_dags/example_short_circuit_operator.py                                                    1           0  0.85s           2024-11-05T00:54:25                      43
/home/airflow/.local/lib/python3.12/site-packages/airflow/example_dags/example_setup_teardown.py                                                            1           0  0.85s           2024-11-05T00:54:27                      43
/home/airflow/.local/lib/python3.12/site-packages/airflow/example_dags/example_bash_decorator.py                                                            1           0  0.84s           2024-11-05T00:54:34                      43
/home/airflow/.local/lib/python3.12/site-packages/airflow/example_dags/example_branch_operator_decorator.py                                                 1           0  0.83s           2024-11-05T00:54:34                      45
/home/airflow/.local/lib/python3.12/site-packages/airflow/example_dags/example_setup_teardown_taskflow.py                                                   1           0  0.83s           2024-11-05T00:54:24                      43
/home/airflow/.local/lib/python3.12/site-packages/airflow/example_dags/example_local_kubernetes_executor.py                                                 1           0  0.82s           2024-11-05T00:54:30                      43
/home/airflow/.local/lib/python3.12/site-packages/airflow/example_dags/example_trigger_controller_dag.py                                                    1           0  0.81s           2024-11-05T00:54:40                      45
/home/airflow/.local/lib/python3.12/site-packages/airflow/example_dags/example_branch_python_dop_operator_3.py                                              1           0  0.81s           2024-11-05T00:54:33                      45
/home/airflow/.local/lib/python3.12/site-packages/airflow/example_dags/example_task_group.py                                                                1           0  0.80s           2024-11-05T00:54:27                      43
/home/airflow/.local/lib/python3.12/site-packages/airflow/example_dags/example_passing_params_via_test_command.py                                           1           0  0.78s           2024-11-05T00:54:35                      45
/home/airflow/.local/lib/python3.12/site-packages/airflow/example_dags/example_latest_only_with_trigger.py                                                  1           0  0.77s           2024-11-05T00:54:27                      45
/home/airflow/.local/lib/python3.12/site-packages/airflow/example_dags/example_params_trigger_ui.py                                                         1           0  0.76s           2024-11-05T00:54:38                      43
/home/airflow/.local/lib/python3.12/site-packages/airflow/example_dags/example_sla_dag.py                                                                   1           0  0.75s           2024-11-05T00:54:43                      45
/home/airflow/.local/lib/python3.12/site-packages/airflow/example_dags/example_branch_operator.py                                                           1           0  0.75s           2024-11-05T00:54:41                      45
/home/airflow/.local/lib/python3.12/site-packages/airflow/example_dags/example_python_operator.py                                                           1           0  0.73s           2024-11-05T00:54:35                      43
/home/airflow/.local/lib/python3.12/site-packages/airflow/example_dags/tutorial.py                                                                          1           0  0.72s           2024-11-05T00:54:39                      45
/home/airflow/.local/lib/python3.12/site-packages/airflow/example_dags/example_xcom.py                                                                      1           0  0.70s           2024-11-05T00:54:42                      45
/home/airflow/.local/lib/python3.12/site-packages/airflow/example_dags/example_branch_day_of_week_operator.py                                               1           0  0.70s           2024-11-05T00:54:41                      45
/home/airflow/.local/lib/python3.12/site-packages/airflow/example_dags/example_kubernetes_executor.py                                                       1           0  0.70s           2024-11-05T00:54:44                      43
/home/airflow/.local/lib/python3.12/site-packages/airflow/example_dags/example_trigger_target_dag.py                                                        1           0  0.69s           2024-11-05T00:54:45                      43
/home/airflow/.local/lib/python3.12/site-packages/airflow/example_dags/example_time_delta_sensor_async.py                                                   1           0  0.69s           2024-11-05T00:54:28                      43
/home/airflow/.local/lib/python3.12/site-packages/airflow/example_dags/example_dynamic_task_mapping_with_no_taskflow_operators.py                           1           0  0.69s           2024-11-05T00:54:48                      43
/home/airflow/.local/lib/python3.12/site-packages/airflow/example_dags/tutorial_dag.py                                                                      1           0  0.69s           2024-11-05T00:54:35                      43
/home/airflow/.local/lib/python3.12/site-packages/airflow/example_dags/example_dag_decorator.py                                                             1           0  0.69s           2024-11-05T00:54:39                      43
/home/airflow/.local/lib/python3.12/site-packages/airflow/example_dags/example_short_circuit_decorator.py                                                   1           0  0.68s           2024-11-05T00:54:38                      43
/home/airflow/.local/lib/python3.12/site-packages/airflow/example_dags/example_display_name.py                                                              1           0  0.67s           2024-11-05T00:54:45                      43
/home/airflow/.local/lib/python3.12/site-packages/airflow/example_dags/example_dynamic_task_mapping.py                                                      1           0  0.65s           2024-11-05T00:54:45                      43
/home/airflow/.local/lib/python3.12/site-packages/airflow/example_dags/example_nested_branch_dag.py                                                         1           0  0.64s           2024-11-05T00:54:41                      45
/home/airflow/.local/lib/python3.12/site-packages/airflow/example_dags/tutorial_taskflow_api.py                                                             1           0  0.63s           2024-11-05T00:54:38                      43
/home/airflow/.local/lib/python3.12/site-packages/airflow/example_dags/example_sensor_decorator.py                                                          1           0  0.45s           2024-11-05T00:54:44                      43
/home/airflow/.local/lib/python3.12/site-packages/airflow/example_dags/plugins/decreasing_priority_weight_strategy.py                                       0           0  0.40s           2024-11-05T00:54:49                       3
/home/airflow/.local/lib/python3.12/site-packages/airflow/example_dags/subdags/subdag.py                                                                    0           0  0.18s           2024-11-05T00:54:49                       3
/home/airflow/.local/lib/python3.12/site-packages/airflow/example_dags/plugins/workday.py                                                                   0           0  0.15s           2024-11-05T00:54:50                       3
/home/airflow/.local/lib/python3.12/site-packages/airflow/example_dags/plugins/event_listener.py                                                            0           0  0.12s           2024-11-05T00:54:49                       3
/home/airflow/.local/lib/python3.12/site-packages/airflow/example_dags/plugins/listener_plugin.py                                                           0           0  0.12s           2024-11-05T00:54:49                       3
================================================================================
[2024-11-05T00:55:26.573+0000] {manager.py:997} INFO - 
================================================================================
DAG File Processing Stats

File Path                                                                                                                            PID  Runtime      # DAGs    # Errors  Last Runtime    Last Run               Last # of DB Queries
---------------------------------------------------------------------------------------------------------------------------------  -----  ---------  --------  ----------  --------------  -------------------  ----------------------
/home/airflow/.local/lib/python3.12/site-packages/airflow/example_dags/example_datasets.py                                                                 10           0  0.84s           2024-11-05T00:55:15                      49
/home/airflow/.local/lib/python3.12/site-packages/airflow/example_dags/example_inlet_event_extra.py                                                         2           0  0.74s           2024-11-05T00:54:57                      15
/home/airflow/.local/lib/python3.12/site-packages/airflow/example_dags/example_dataset_alias.py                                                             4           0  0.57s           2024-11-05T00:55:12                      27
/home/airflow/.local/lib/python3.12/site-packages/airflow/example_dags/example_dag_decorator.py                                                             1           0  0.55s           2024-11-05T00:55:10                      32
/home/airflow/.local/lib/python3.12/site-packages/airflow/example_dags/example_outlet_event_extra.py                                                        3           0  0.50s           2024-11-05T00:55:08                      19
/home/airflow/.local/lib/python3.12/site-packages/airflow/example_dags/example_dataset_alias_with_no_taskflow.py                                            4           0  0.49s           2024-11-05T00:55:03                      27
/home/airflow/.local/lib/python3.12/site-packages/airflow/example_dags/example_short_circuit_operator.py                             195  0.00s             1           0  0.38s           2024-11-05T00:54:55                      10
/home/airflow/.local/lib/python3.12/site-packages/airflow/example_dags/example_passing_params_via_test_command.py                                           1           0  0.32s           2024-11-05T00:55:06                      12
/home/airflow/.local/lib/python3.12/site-packages/airflow/example_dags/example_workday_timetable.py                                                         1           0  0.32s           2024-11-05T00:54:59                      12
/home/airflow/.local/lib/python3.12/site-packages/airflow/example_dags/example_kubernetes_executor.py                                                       1           0  0.31s           2024-11-05T00:55:15                      10
/home/airflow/.local/lib/python3.12/site-packages/airflow/example_dags/example_bash_operator.py                                                             1           0  0.30s           2024-11-05T00:54:57                      12
/home/airflow/.local/lib/python3.12/site-packages/airflow/example_dags/example_xcom.py                                                                      1           0  0.30s           2024-11-05T00:55:13                      12
/home/airflow/.local/lib/python3.12/site-packages/airflow/example_dags/example_setup_teardown.py                                                            1           0  0.30s           2024-11-05T00:54:58                      10
/home/airflow/.local/lib/python3.12/site-packages/airflow/example_dags/example_branch_python_dop_operator_3.py                                              1           0  0.28s           2024-11-05T00:55:04                      12
/home/airflow/.local/lib/python3.12/site-packages/airflow/example_dags/example_params_trigger_ui.py                                                         1           0  0.28s           2024-11-05T00:55:09                      10
/home/airflow/.local/lib/python3.12/site-packages/airflow/example_dags/example_params_ui_tutorial.py                                                        1           0  0.28s           2024-11-05T00:54:59                      10
/home/airflow/.local/lib/python3.12/site-packages/airflow/example_dags/example_latest_only_with_trigger.py                                                  1           0  0.27s           2024-11-05T00:54:58                      12
/home/airflow/.local/lib/python3.12/site-packages/airflow/example_dags/tutorial.py                                                                          1           0  0.26s           2024-11-05T00:55:10                      12
/home/airflow/.local/lib/python3.12/site-packages/airflow/example_dags/example_local_kubernetes_executor.py                                                 1           0  0.26s           2024-11-05T00:55:01                      10
/home/airflow/.local/lib/python3.12/site-packages/airflow/example_dags/example_branch_datetime_operator.py                                                  3           0  0.26s           2024-11-05T00:55:09                      18
/home/airflow/.local/lib/python3.12/site-packages/airflow/example_dags/example_python_operator.py                                                           1           0  0.26s           2024-11-05T00:55:06                      10
/home/airflow/.local/lib/python3.12/site-packages/airflow/example_dags/example_branch_operator.py                                                           1           0  0.25s           2024-11-05T00:55:12                      12
/home/airflow/.local/lib/python3.12/site-packages/airflow/example_dags/example_trigger_target_dag.py                                                        1           0  0.24s           2024-11-05T00:55:15                      10
/home/airflow/.local/lib/python3.12/site-packages/airflow/example_dags/example_branch_labels.py                                                             1           0  0.24s           2024-11-05T00:55:20                      12
/home/airflow/.local/lib/python3.12/site-packages/airflow/example_dags/tutorial_dag.py                                                                      1           0  0.24s           2024-11-05T00:55:05                      10
/home/airflow/.local/lib/python3.12/site-packages/airflow/example_dags/example_branch_day_of_week_operator.py                                               1           0  0.24s           2024-11-05T00:55:12                      12
/home/airflow/.local/lib/python3.12/site-packages/airflow/example_dags/example_skip_dag.py                                                                  1           0  0.24s           2024-11-05T00:55:25                      12
/home/airflow/.local/lib/python3.12/site-packages/airflow/example_dags/example_branch_operator_decorator.py                                                 1           0  0.23s           2024-11-05T00:55:05                      12
/home/airflow/.local/lib/python3.12/site-packages/airflow/example_dags/example_latest_only.py                                                               1           0  0.23s           2024-11-05T00:55:25                      12
/home/airflow/.local/lib/python3.12/site-packages/airflow/example_dags/example_trigger_controller_dag.py                                                    1           0  0.23s           2024-11-05T00:55:10                      12
/home/airflow/.local/lib/python3.12/site-packages/airflow/example_dags/example_sla_dag.py                                                                   1           0  0.22s           2024-11-05T00:55:13                      12
/home/airflow/.local/lib/python3.12/site-packages/airflow/example_dags/example_subdag_operator.py                                                           3           0  0.22s           2024-11-05T00:55:16                      20
/home/airflow/.local/lib/python3.12/site-packages/airflow/example_dags/tutorial_objectstorage.py                                                            1           0  0.22s           2024-11-05T00:55:20                      10
/home/airflow/.local/lib/python3.12/site-packages/airflow/example_dags/example_nested_branch_dag.py                                                         1           0  0.22s           2024-11-05T00:55:12                      12
/home/airflow/.local/lib/python3.12/site-packages/airflow/example_dags/example_complex.py                                                                   1           0  0.22s           2024-11-05T00:55:03                      10
/home/airflow/.local/lib/python3.12/site-packages/airflow/example_dags/example_time_delta_sensor_async.py                                                   1           0  0.22s           2024-11-05T00:54:58                      10
/home/airflow/.local/lib/python3.12/site-packages/airflow/example_dags/example_sensor_decorator.py                                                          1           0  0.22s           2024-11-05T00:55:14                      10
/home/airflow/.local/lib/python3.12/site-packages/airflow/example_dags/example_task_group_decorator.py                                                      1           0  0.22s           2024-11-05T00:55:07                      10
/home/airflow/.local/lib/python3.12/site-packages/airflow/example_dags/example_setup_teardown_taskflow.py                                                   1           0  0.21s           2024-11-05T00:55:25                      10
/home/airflow/.local/lib/python3.12/site-packages/airflow/example_dags/example_python_decorator.py                                                          1           0  0.21s           2024-11-05T00:55:00                      10
/home/airflow/.local/lib/python3.12/site-packages/airflow/example_dags/example_xcomargs.py                                                                  2           0  0.20s           2024-11-05T00:55:20                      13
/home/airflow/.local/lib/python3.12/site-packages/airflow/example_dags/example_task_group.py                                                                1           0  0.20s           2024-11-05T00:54:57                      10
/home/airflow/.local/lib/python3.12/site-packages/airflow/example_dags/example_sensors.py                                                                   1           0  0.20s           2024-11-05T00:55:02                      10
/home/airflow/.local/lib/python3.12/site-packages/airflow/example_dags/example_bash_decorator.py                                                            1           0  0.19s           2024-11-05T00:55:05                      10
/home/airflow/.local/lib/python3.12/site-packages/airflow/example_dags/tutorial_taskflow_api.py                                                             1           0  0.19s           2024-11-05T00:55:09                      10
/home/airflow/.local/lib/python3.12/site-packages/airflow/example_dags/example_short_circuit_decorator.py                                                   1           0  0.19s           2024-11-05T00:55:08                      10
/home/airflow/.local/lib/python3.12/site-packages/airflow/example_dags/example_external_task_marker_dag.py                                                  2           0  0.19s           2024-11-05T00:55:03                      13
/home/airflow/.local/lib/python3.12/site-packages/airflow/example_dags/example_dynamic_task_mapping_with_no_taskflow_operators.py                           1           0  0.19s           2024-11-05T00:55:20                      10
/home/airflow/.local/lib/python3.12/site-packages/airflow/example_dags/example_dynamic_task_mapping.py                                                      1           0  0.18s           2024-11-05T00:55:15                      10
/home/airflow/.local/lib/python3.12/site-packages/airflow/example_dags/tutorial_taskflow_api_virtualenv.py                                                  1           0  0.18s           2024-11-05T00:55:00                      10
/home/airflow/.local/lib/python3.12/site-packages/airflow/example_dags/example_display_name.py                                                              1           0  0.17s           2024-11-05T00:55:16                      10
/home/airflow/.local/lib/python3.12/site-packages/airflow/example_dags/plugins/workday.py                                                                   0           0  0.13s           2024-11-05T00:55:21                       3
/home/airflow/.local/lib/python3.12/site-packages/airflow/example_dags/plugins/listener_plugin.py                                                           0           0  0.12s           2024-11-05T00:55:21                       3
/home/airflow/.local/lib/python3.12/site-packages/airflow/example_dags/plugins/decreasing_priority_weight_strategy.py                                       0           0  0.11s           2024-11-05T00:55:21                       3
/home/airflow/.local/lib/python3.12/site-packages/airflow/example_dags/plugins/event_listener.py                                                            0           0  0.11s           2024-11-05T00:55:21                       3
/home/airflow/.local/lib/python3.12/site-packages/airflow/example_dags/subdags/subdag.py                                                                    0           0  0.10s           2024-11-05T00:55:21                       3
================================================================================
[2024-11-05T00:55:58.325+0000] {manager.py:997} INFO - 
================================================================================
DAG File Processing Stats

File Path                                                                                                                            PID  Runtime      # DAGs    # Errors  Last Runtime    Last Run               Last # of DB Queries
---------------------------------------------------------------------------------------------------------------------------------  -----  ---------  --------  ----------  --------------  -------------------  ----------------------
/home/airflow/.local/lib/python3.12/site-packages/airflow/example_dags/example_datasets.py                                                                 10           0  0.96s           2024-11-05T00:55:46                      49
/home/airflow/.local/lib/python3.12/site-packages/airflow/example_dags/example_dataset_alias_with_no_taskflow.py                                            4           0  0.68s           2024-11-05T00:55:34                      27
/home/airflow/.local/lib/python3.12/site-packages/airflow/example_dags/example_workday_timetable.py                                                         1           0  0.53s           2024-11-05T00:55:30                      12
/home/airflow/.local/lib/python3.12/site-packages/airflow/example_dags/example_dataset_alias.py                                                             4           0  0.53s           2024-11-05T00:55:43                      27
/home/airflow/.local/lib/python3.12/site-packages/airflow/example_dags/example_outlet_event_extra.py                                                        3           0  0.52s           2024-11-05T00:55:38                      19
/home/airflow/.local/lib/python3.12/site-packages/airflow/example_dags/example_dynamic_task_mapping.py                                                      1           0  0.44s           2024-11-05T00:55:46                      10
/home/airflow/.local/lib/python3.12/site-packages/airflow/example_dags/example_sensors.py                                                                   1           0  0.43s           2024-11-05T00:55:32                      10
/home/airflow/.local/lib/python3.12/site-packages/airflow/example_dags/tutorial_taskflow_api_virtualenv.py                                                  1           0  0.42s           2024-11-05T00:55:31                      10
/home/airflow/.local/lib/python3.12/site-packages/airflow/example_dags/example_inlet_event_extra.py                                  258  0.02s             2           0  0.42s           2024-11-05T00:55:28                      15
/home/airflow/.local/lib/python3.12/site-packages/airflow/example_dags/example_local_kubernetes_executor.py                                                 1           0  0.42s           2024-11-05T00:55:32                      10
/home/airflow/.local/lib/python3.12/site-packages/airflow/example_dags/example_params_ui_tutorial.py                                                        1           0  0.41s           2024-11-05T00:55:30                      10
/home/airflow/.local/lib/python3.12/site-packages/airflow/example_dags/example_python_decorator.py                                                          1           0  0.39s           2024-11-05T00:55:31                      10
/home/airflow/.local/lib/python3.12/site-packages/airflow/example_dags/example_branch_operator_decorator.py                                                 1           0  0.37s           2024-11-05T00:55:36                      12
/home/airflow/.local/lib/python3.12/site-packages/airflow/example_dags/example_latest_only_with_trigger.py                                                  1           0  0.36s           2024-11-05T00:55:28                      12
/home/airflow/.local/lib/python3.12/site-packages/airflow/example_dags/example_complex.py                                                                   1           0  0.35s           2024-11-05T00:55:33                      10
/home/airflow/.local/lib/python3.12/site-packages/airflow/example_dags/example_bash_decorator.py                                                            1           0  0.35s           2024-11-05T00:55:36                      10
/home/airflow/.local/lib/python3.12/site-packages/airflow/example_dags/tutorial_dag.py                                                                      1           0  0.33s           2024-11-05T00:55:36                      10
/home/airflow/.local/lib/python3.12/site-packages/airflow/example_dags/example_setup_teardown.py                                                            1           0  0.32s           2024-11-05T00:55:28                      10
/home/airflow/.local/lib/python3.12/site-packages/airflow/example_dags/example_task_group.py                                                                1           0  0.30s           2024-11-05T00:55:28                      10
/home/airflow/.local/lib/python3.12/site-packages/airflow/example_dags/example_passing_params_via_test_command.py                                           1           0  0.30s           2024-11-05T00:55:36                      12
/home/airflow/.local/lib/python3.12/site-packages/airflow/example_dags/example_dag_decorator.py                                                             1           0  0.29s           2024-11-05T00:55:41                      32
/home/airflow/.local/lib/python3.12/site-packages/airflow/example_dags/example_time_delta_sensor_async.py                                                   1           0  0.29s           2024-11-05T00:55:29                      10
/home/airflow/.local/lib/python3.12/site-packages/airflow/example_dags/example_branch_python_dop_operator_3.py                                              1           0  0.28s           2024-11-05T00:55:34                      12
/home/airflow/.local/lib/python3.12/site-packages/airflow/example_dags/example_branch_operator.py                                                           1           0  0.28s           2024-11-05T00:55:43                      12
/home/airflow/.local/lib/python3.12/site-packages/airflow/example_dags/example_python_operator.py                                                           1           0  0.26s           2024-11-05T00:55:36                      10
/home/airflow/.local/lib/python3.12/site-packages/airflow/example_dags/example_kubernetes_executor.py                                                       1           0  0.25s           2024-11-05T00:55:45                      10
/home/airflow/.local/lib/python3.12/site-packages/airflow/example_dags/example_external_task_marker_dag.py                                                  2           0  0.24s           2024-11-05T00:55:34                      13
/home/airflow/.local/lib/python3.12/site-packages/airflow/example_dags/example_branch_day_of_week_operator.py                                               1           0  0.24s           2024-11-05T00:55:43                      12
/home/airflow/.local/lib/python3.12/site-packages/airflow/example_dags/example_task_group_decorator.py                                                      1           0  0.24s           2024-11-05T00:55:38                      10
/home/airflow/.local/lib/python3.12/site-packages/airflow/example_dags/example_branch_datetime_operator.py                                                  3           0  0.23s           2024-11-05T00:55:39                      18
/home/airflow/.local/lib/python3.12/site-packages/airflow/example_dags/example_bash_operator.py                                      259  0.01s             1           0  0.23s           2024-11-05T00:55:27                      12
/home/airflow/.local/lib/python3.12/site-packages/airflow/example_dags/example_branch_labels.py                                                             1           0  0.22s           2024-11-05T00:55:52                      12
/home/airflow/.local/lib/python3.12/site-packages/airflow/example_dags/example_sensor_decorator.py                                                          1           0  0.22s           2024-11-05T00:55:45                      10
/home/airflow/.local/lib/python3.12/site-packages/airflow/example_dags/example_xcom.py                                                                      1           0  0.22s           2024-11-05T00:55:44                      12
/home/airflow/.local/lib/python3.12/site-packages/airflow/example_dags/example_subdag_operator.py                                                           3           0  0.21s           2024-11-05T00:55:47                      20
/home/airflow/.local/lib/python3.12/site-packages/airflow/example_dags/tutorial_objectstorage.py                                                            1           0  0.21s           2024-11-05T00:55:52                      10
/home/airflow/.local/lib/python3.12/site-packages/airflow/example_dags/example_xcomargs.py                                                                  2           0  0.20s           2024-11-05T00:55:52                      13
/home/airflow/.local/lib/python3.12/site-packages/airflow/example_dags/example_params_trigger_ui.py                                                         1           0  0.20s           2024-11-05T00:55:39                      10
/home/airflow/.local/lib/python3.12/site-packages/airflow/example_dags/example_sla_dag.py                                                                   1           0  0.20s           2024-11-05T00:55:44                      12
/home/airflow/.local/lib/python3.12/site-packages/airflow/example_dags/example_trigger_target_dag.py                                                        1           0  0.20s           2024-11-05T00:55:45                      10
/home/airflow/.local/lib/python3.12/site-packages/airflow/example_dags/example_setup_teardown_taskflow.py                                                   1           0  0.19s           2024-11-05T00:55:56                      10
/home/airflow/.local/lib/python3.12/site-packages/airflow/example_dags/example_skip_dag.py                                                                  1           0  0.19s           2024-11-05T00:55:56                      12
/home/airflow/.local/lib/python3.12/site-packages/airflow/example_dags/example_latest_only.py                                                               1           0  0.18s           2024-11-05T00:55:56                      12
/home/airflow/.local/lib/python3.12/site-packages/airflow/example_dags/example_short_circuit_operator.py                                                    1           0  0.18s           2024-11-05T00:55:57                      10
/home/airflow/.local/lib/python3.12/site-packages/airflow/example_dags/example_nested_branch_dag.py                                                         1           0  0.18s           2024-11-05T00:55:42                      12
/home/airflow/.local/lib/python3.12/site-packages/airflow/example_dags/tutorial.py                                                                          1           0  0.18s           2024-11-05T00:55:40                      12
/home/airflow/.local/lib/python3.12/site-packages/airflow/example_dags/example_short_circuit_decorator.py                                                   1           0  0.17s           2024-11-05T00:55:39                      10
/home/airflow/.local/lib/python3.12/site-packages/airflow/example_dags/example_dynamic_task_mapping_with_no_taskflow_operators.py                           1           0  0.17s           2024-11-05T00:55:52                      10
/home/airflow/.local/lib/python3.12/site-packages/airflow/example_dags/tutorial_taskflow_api.py                                                             1           0  0.16s           2024-11-05T00:55:39                      10
/home/airflow/.local/lib/python3.12/site-packages/airflow/example_dags/example_display_name.py                                                              1           0  0.15s           2024-11-05T00:55:47                      10
/home/airflow/.local/lib/python3.12/site-packages/airflow/example_dags/example_trigger_controller_dag.py                                                    1           0  0.15s           2024-11-05T00:55:41                      12
/home/airflow/.local/lib/python3.12/site-packages/airflow/example_dags/plugins/decreasing_priority_weight_strategy.py                                       0           0  0.10s           2024-11-05T00:55:52                       3
/home/airflow/.local/lib/python3.12/site-packages/airflow/example_dags/plugins/event_listener.py                                                            0           0  0.10s           2024-11-05T00:55:52                       3
/home/airflow/.local/lib/python3.12/site-packages/airflow/example_dags/plugins/listener_plugin.py                                                           0           0  0.09s           2024-11-05T00:55:53                       3
/home/airflow/.local/lib/python3.12/site-packages/airflow/example_dags/subdags/subdag.py                                                                    0           0  0.08s           2024-11-05T00:55:52                       3
/home/airflow/.local/lib/python3.12/site-packages/airflow/example_dags/plugins/workday.py                                                                   0           0  0.08s           2024-11-05T00:55:53                       3
================================================================================
[2024-11-05T00:56:04.199+0000] {manager.py:465} INFO - Exiting gracefully upon receiving signal 15
[2024-11-05T00:56:04.199+0000] {manager.py:465} INFO - Exiting gracefully upon receiving signal 15
[2024-11-05T00:56:04.814+0000] {manager.py:465} INFO - Exiting gracefully upon receiving signal 15
[2024-11-05T01:00:52.492+0000] {manager.py:483} INFO - Processing files using up to 2 processes at a time 
[2024-11-05T01:00:52.495+0000] {manager.py:484} INFO - Process each file at most once every 30 seconds
[2024-11-05T01:00:52.496+0000] {manager.py:485} INFO - Checking for new files in /opt/airflow/dags every 300 seconds
[2024-11-05T01:00:52.497+0000] {manager.py:821} INFO - Searching for files in /opt/airflow/dags
[2024-11-05T01:00:52.514+0000] {manager.py:824} INFO - There are 0 files in /opt/airflow/dags
[2024-11-05T01:05:54.348+0000] {manager.py:821} INFO - Searching for files in /opt/airflow/dags
[2024-11-05T01:05:54.363+0000] {manager.py:824} INFO - There are 0 files in /opt/airflow/dags
[2024-11-05T01:10:54.554+0000] {manager.py:821} INFO - Searching for files in /opt/airflow/dags
[2024-11-05T01:10:54.568+0000] {manager.py:824} INFO - There are 0 files in /opt/airflow/dags
[2024-11-05T01:15:56.494+0000] {manager.py:821} INFO - Searching for files in /opt/airflow/dags
[2024-11-05T01:15:56.508+0000] {manager.py:824} INFO - There are 0 files in /opt/airflow/dags
[2024-11-05T01:20:56.943+0000] {manager.py:821} INFO - Searching for files in /opt/airflow/dags
[2024-11-05T01:20:56.959+0000] {manager.py:824} INFO - There are 0 files in /opt/airflow/dags
[2024-11-05T01:25:57.452+0000] {manager.py:821} INFO - Searching for files in /opt/airflow/dags
[2024-11-05T01:25:57.465+0000] {manager.py:824} INFO - There are 0 files in /opt/airflow/dags
[2024-11-05T01:30:57.769+0000] {manager.py:821} INFO - Searching for files in /opt/airflow/dags
[2024-11-05T01:30:57.783+0000] {manager.py:824} INFO - There are 0 files in /opt/airflow/dags
[2024-11-05T01:35:58.468+0000] {manager.py:821} INFO - Searching for files in /opt/airflow/dags
[2024-11-05T01:35:58.483+0000] {manager.py:824} INFO - There are 0 files in /opt/airflow/dags
[2024-11-05T01:40:58.875+0000] {manager.py:821} INFO - Searching for files in /opt/airflow/dags
[2024-11-05T01:40:58.889+0000] {manager.py:824} INFO - There are 0 files in /opt/airflow/dags
[2024-11-05T01:45:59.628+0000] {manager.py:821} INFO - Searching for files in /opt/airflow/dags
[2024-11-05T01:45:59.642+0000] {manager.py:824} INFO - There are 0 files in /opt/airflow/dags
[2024-11-05T01:51:00.352+0000] {manager.py:821} INFO - Searching for files in /opt/airflow/dags
[2024-11-05T01:51:00.370+0000] {manager.py:824} INFO - There are 0 files in /opt/airflow/dags
[2024-11-05T01:56:01.277+0000] {manager.py:821} INFO - Searching for files in /opt/airflow/dags
[2024-11-05T01:56:01.292+0000] {manager.py:824} INFO - There are 0 files in /opt/airflow/dags
[2024-11-05T02:01:01.504+0000] {manager.py:821} INFO - Searching for files in /opt/airflow/dags
[2024-11-05T02:01:01.523+0000] {manager.py:824} INFO - There are 0 files in /opt/airflow/dags
[2024-11-05T02:06:01.988+0000] {manager.py:821} INFO - Searching for files in /opt/airflow/dags
[2024-11-05T02:06:02.002+0000] {manager.py:824} INFO - There are 0 files in /opt/airflow/dags
[2024-11-05T02:11:02.225+0000] {manager.py:821} INFO - Searching for files in /opt/airflow/dags
[2024-11-05T02:11:02.241+0000] {manager.py:824} INFO - There are 0 files in /opt/airflow/dags
[2024-11-05T02:16:02.544+0000] {manager.py:821} INFO - Searching for files in /opt/airflow/dags
[2024-11-05T02:16:02.558+0000] {manager.py:824} INFO - There are 0 files in /opt/airflow/dags
[2024-11-05T02:21:03.069+0000] {manager.py:821} INFO - Searching for files in /opt/airflow/dags
[2024-11-05T02:21:03.102+0000] {manager.py:824} INFO - There are 0 files in /opt/airflow/dags
[2024-11-05T02:26:03.695+0000] {manager.py:821} INFO - Searching for files in /opt/airflow/dags
[2024-11-05T02:26:03.712+0000] {manager.py:824} INFO - There are 0 files in /opt/airflow/dags
[2024-11-05T02:31:04.143+0000] {manager.py:821} INFO - Searching for files in /opt/airflow/dags
[2024-11-05T02:31:04.157+0000] {manager.py:824} INFO - There are 0 files in /opt/airflow/dags
[2024-11-05T02:31:31.195+0000] {manager.py:465} INFO - Exiting gracefully upon receiving signal 15
[2024-11-06T02:34:03.552+0000] {manager.py:483} INFO - Processing files using up to 2 processes at a time 
[2024-11-06T02:34:03.554+0000] {manager.py:484} INFO - Process each file at most once every 30 seconds
[2024-11-06T02:34:03.555+0000] {manager.py:485} INFO - Checking for new files in /opt/airflow/dags every 300 seconds
[2024-11-06T02:34:03.556+0000] {manager.py:821} INFO - Searching for files in /opt/airflow/dags
[2024-11-06T02:34:03.571+0000] {manager.py:824} INFO - There are 0 files in /opt/airflow/dags
[2024-11-06T02:39:03.828+0000] {manager.py:821} INFO - Searching for files in /opt/airflow/dags
[2024-11-06T02:39:03.841+0000] {manager.py:824} INFO - There are 0 files in /opt/airflow/dags
[2024-11-06T02:44:03.998+0000] {manager.py:821} INFO - Searching for files in /opt/airflow/dags
[2024-11-06T02:44:04.012+0000] {manager.py:824} INFO - There are 0 files in /opt/airflow/dags
[2024-11-06T02:49:04.298+0000] {manager.py:821} INFO - Searching for files in /opt/airflow/dags
[2024-11-06T02:49:04.308+0000] {manager.py:824} INFO - There are 0 files in /opt/airflow/dags
[2024-11-06T02:54:04.830+0000] {manager.py:821} INFO - Searching for files in /opt/airflow/dags
[2024-11-06T02:54:04.839+0000] {manager.py:824} INFO - There are 0 files in /opt/airflow/dags
[2024-11-06T02:59:05.348+0000] {manager.py:821} INFO - Searching for files in /opt/airflow/dags
[2024-11-06T02:59:05.358+0000] {manager.py:824} INFO - There are 0 files in /opt/airflow/dags
[2024-11-06T03:00:44.630+0000] {manager.py:465} INFO - Exiting gracefully upon receiving signal 15
[2024-11-07T02:28:59.031+0000] {manager.py:483} INFO - Processing files using up to 2 processes at a time 
[2024-11-07T02:28:59.033+0000] {manager.py:484} INFO - Process each file at most once every 30 seconds
[2024-11-07T02:28:59.034+0000] {manager.py:485} INFO - Checking for new files in /opt/airflow/dags every 300 seconds
[2024-11-07T02:28:59.035+0000] {manager.py:821} INFO - Searching for files in /opt/airflow/dags
[2024-11-07T02:28:59.051+0000] {manager.py:824} INFO - There are 0 files in /opt/airflow/dags
[2024-11-07T02:33:59.205+0000] {manager.py:821} INFO - Searching for files in /opt/airflow/dags
[2024-11-07T02:33:59.218+0000] {manager.py:824} INFO - There are 0 files in /opt/airflow/dags
[2024-11-07T02:38:59.456+0000] {manager.py:821} INFO - Searching for files in /opt/airflow/dags
[2024-11-07T02:38:59.470+0000] {manager.py:824} INFO - There are 0 files in /opt/airflow/dags
[2024-11-07T02:44:00.138+0000] {manager.py:821} INFO - Searching for files in /opt/airflow/dags
[2024-11-07T02:44:00.153+0000] {manager.py:824} INFO - There are 0 files in /opt/airflow/dags
[2024-11-07T02:49:00.317+0000] {manager.py:821} INFO - Searching for files in /opt/airflow/dags
[2024-11-07T02:49:00.330+0000] {manager.py:824} INFO - There are 0 files in /opt/airflow/dags
[2024-11-07T02:54:00.610+0000] {manager.py:821} INFO - Searching for files in /opt/airflow/dags
[2024-11-07T02:54:00.630+0000] {manager.py:824} INFO - There are 0 files in /opt/airflow/dags
[2024-11-07T02:59:01.119+0000] {manager.py:821} INFO - Searching for files in /opt/airflow/dags
[2024-11-07T02:59:01.131+0000] {manager.py:824} INFO - There are 0 files in /opt/airflow/dags
[2024-11-07T03:04:01.783+0000] {manager.py:821} INFO - Searching for files in /opt/airflow/dags
[2024-11-07T03:04:01.798+0000] {manager.py:824} INFO - There are 0 files in /opt/airflow/dags
[2024-11-07T03:05:43.360+0000] {manager.py:465} INFO - Exiting gracefully upon receiving signal 15
[2024-11-07T03:06:59.205+0000] {manager.py:483} INFO - Processing files using up to 2 processes at a time 
[2024-11-07T03:06:59.210+0000] {manager.py:484} INFO - Process each file at most once every 30 seconds
[2024-11-07T03:06:59.211+0000] {manager.py:485} INFO - Checking for new files in /opt/airflow/dags every 300 seconds
[2024-11-07T03:06:59.212+0000] {manager.py:821} INFO - Searching for files in /opt/airflow/dags
[2024-11-07T03:06:59.233+0000] {manager.py:824} INFO - There are 0 files in /opt/airflow/dags
[2024-11-07T03:11:59.550+0000] {manager.py:821} INFO - Searching for files in /opt/airflow/dags
[2024-11-07T03:11:59.563+0000] {manager.py:824} INFO - There are 0 files in /opt/airflow/dags
[2024-11-07T03:16:59.785+0000] {manager.py:821} INFO - Searching for files in /opt/airflow/dags
[2024-11-07T03:16:59.796+0000] {manager.py:824} INFO - There are 0 files in /opt/airflow/dags
[2024-11-07T03:22:00.160+0000] {manager.py:821} INFO - Searching for files in /opt/airflow/dags
[2024-11-07T03:22:00.172+0000] {manager.py:824} INFO - There are 0 files in /opt/airflow/dags
[2024-11-07T03:27:00.803+0000] {manager.py:821} INFO - Searching for files in /opt/airflow/dags
[2024-11-07T03:27:00.817+0000] {manager.py:824} INFO - There are 0 files in /opt/airflow/dags
[2024-11-07T03:32:01.386+0000] {manager.py:821} INFO - Searching for files in /opt/airflow/dags
[2024-11-07T03:32:01.397+0000] {manager.py:824} INFO - There are 0 files in /opt/airflow/dags
[2024-11-07T03:37:02.059+0000] {manager.py:821} INFO - Searching for files in /opt/airflow/dags
[2024-11-07T03:37:02.075+0000] {manager.py:824} INFO - There are 0 files in /opt/airflow/dags
[2024-11-07T03:42:03.440+0000] {manager.py:821} INFO - Searching for files in /opt/airflow/dags
[2024-11-07T03:42:03.452+0000] {manager.py:824} INFO - There are 0 files in /opt/airflow/dags
[2024-11-07T03:47:04.093+0000] {manager.py:821} INFO - Searching for files in /opt/airflow/dags
[2024-11-07T03:47:04.113+0000] {manager.py:824} INFO - There are 0 files in /opt/airflow/dags
